
Circuit 1 cell nfet_03v3 and Circuit 2 cell nfet_03v3 are black boxes.
Warning: Equate pins:  cell nfet_03v3 is a placeholder, treated as a black box.
Warning: Equate pins:  cell nfet_03v3 is a placeholder, treated as a black box.

Subcircuit pins:
Circuit 1: nfet_03v3                       |Circuit 2: nfet_03v3                       
-------------------------------------------|-------------------------------------------
1                                          |1                                          
2                                          |2                                          
3                                          |3                                          
4                                          |4                                          
---------------------------------------------------------------------------------------
Cell pin lists are equivalent.
Device classes nfet_03v3 and nfet_03v3 are equivalent.

Circuit 1 cell pfet_03v3 and Circuit 2 cell pfet_03v3 are black boxes.
Warning: Equate pins:  cell pfet_03v3 is a placeholder, treated as a black box.
Warning: Equate pins:  cell pfet_03v3 is a placeholder, treated as a black box.

Subcircuit pins:
Circuit 1: pfet_03v3                       |Circuit 2: pfet_03v3                       
-------------------------------------------|-------------------------------------------
1                                          |1                                          
2                                          |2                                          
3                                          |3                                          
4                                          |4                                          
---------------------------------------------------------------------------------------
Cell pin lists are equivalent.
Device classes pfet_03v3 and pfet_03v3 are equivalent.
Flattening unmatched subcell pfet$39 in circuit inv1u05u (0)(1 instance)
Flattening unmatched subcell nfet$45 in circuit inv1u05u (0)(1 instance)

Subcircuit summary:
Circuit 1: inv1u05u                        |Circuit 2: inv1u05u                        
-------------------------------------------|-------------------------------------------
pfet_03v3 (1)                              |pfet_03v3 (1)                              
nfet_03v3 (1)                              |nfet_03v3 (1)                              
Number of devices: 2                       |Number of devices: 2                       
Number of nets: 4                          |Number of nets: 4                          
---------------------------------------------------------------------------------------
Netlists match uniquely.

Subcircuit pins:
Circuit 1: inv1u05u                        |Circuit 2: inv1u05u                        
-------------------------------------------|-------------------------------------------
out                                        |out                                        
in                                         |in                                         
VDD                                        |vdd                                        
VSS                                        |vss                                        
---------------------------------------------------------------------------------------
Cell pin lists are equivalent.
Device classes inv1u05u and inv1u05u are equivalent.
Flattening unmatched subcell pfet$38 in circuit pass1u05u (0)(1 instance)
Flattening unmatched subcell nfet$44 in circuit pass1u05u (0)(1 instance)

Subcircuit summary:
Circuit 1: pass1u05u                       |Circuit 2: pass1u05u                       
-------------------------------------------|-------------------------------------------
pfet_03v3 (1)                              |pfet_03v3 (1)                              
nfet_03v3 (1)                              |nfet_03v3 (1)                              
Number of devices: 2                       |Number of devices: 2                       
Number of nets: 6                          |Number of nets: 6                          
---------------------------------------------------------------------------------------
Resolving symmetries by property value.
Resolving symmetries by pin name.
Netlists match uniquely.

Subcircuit pins:
Circuit 1: pass1u05u                       |Circuit 2: pass1u05u                       
-------------------------------------------|-------------------------------------------
ins                                        |ins                                        
ind                                        |ind                                        
clkp                                       |clkp                                       
VDD                                        |vdd                                        
clkn                                       |clkn                                       
VSS                                        |vss                                        
---------------------------------------------------------------------------------------
Cell pin lists are equivalent.
Device classes pass1u05u and pass1u05u are equivalent.

Circuit 1 cell cap_mim_2f0_m4m5_noshield and Circuit 2 cell cap_mim_2f0fF are black boxes.
Warning: Equate pins:  cell cap_mim_2f0_m4m5_noshield is a placeholder, treated as a black box.
Warning: Equate pins:  cell cap_mim_2f0fF is a placeholder, treated as a black box.

Subcircuit pins:
Circuit 1: cap_mim_2f0_m4m5_noshield       |Circuit 2: cap_mim_2f0fF                   
-------------------------------------------|-------------------------------------------
1                                          |1                                          
2                                          |2                                          
---------------------------------------------------------------------------------------
Cell pin lists are equivalent.
Device classes cap_mim_2f0_m4m5_noshield and cap_mim_2f0fF are equivalent.
Flattening unmatched subcell nfet$186 in circuit asc_drive_buffer (0)(1 instance)
Flattening unmatched subcell pfet$176 in circuit asc_drive_buffer (0)(1 instance)
Flattening unmatched subcell pfet$174 in circuit asc_drive_buffer (0)(1 instance)
Flattening unmatched subcell nfet$187 in circuit asc_drive_buffer (0)(1 instance)
Flattening unmatched subcell nfet$185 in circuit asc_drive_buffer (0)(1 instance)
Flattening unmatched subcell pfet$175 in circuit asc_drive_buffer (0)(1 instance)
Flattening unmatched subcell pfet$173 in circuit asc_drive_buffer (0)(1 instance)
Flattening unmatched subcell nfet$188 in circuit asc_drive_buffer (0)(1 instance)

Class asc_drive_buffer (0):  Merged 20 parallel devices.
Subcircuit summary:
Circuit 1: asc_drive_buffer                |Circuit 2: asc_drive_buffer                
-------------------------------------------|-------------------------------------------
nfet_03v3 (14->4)                          |nfet_03v3 (4)                              
pfet_03v3 (14->4)                          |pfet_03v3 (4)                              
Number of devices: 8                       |Number of devices: 8                       
Number of nets: 7                          |Number of nets: 7                          
---------------------------------------------------------------------------------------
Netlists match uniquely.

Subcircuit pins:
Circuit 1: asc_drive_buffer                |Circuit 2: asc_drive_buffer                
-------------------------------------------|-------------------------------------------
vdd                                        |vdd                                        
vss                                        |vss                                        
in                                         |in                                         
out                                        |out                                        
---------------------------------------------------------------------------------------
Cell pin lists are equivalent.
Device classes asc_drive_buffer and asc_drive_buffer are equivalent.
Flattening unmatched subcell pfet in circuit asc_drive_buffer_up (0)(1 instance)
Flattening unmatched subcell pfet$178 in circuit asc_drive_buffer_up (0)(1 instance)
Flattening unmatched subcell nfet$191 in circuit asc_drive_buffer_up (0)(1 instance)
Flattening unmatched subcell nfet$189 in circuit asc_drive_buffer_up (0)(1 instance)
Flattening unmatched subcell pfet$179 in circuit asc_drive_buffer_up (0)(1 instance)
Flattening unmatched subcell pfet$177 in circuit asc_drive_buffer_up (0)(1 instance)
Flattening unmatched subcell nfet$192 in circuit asc_drive_buffer_up (0)(1 instance)
Flattening unmatched subcell nfet in circuit asc_drive_buffer_up (0)(1 instance)
Flattening unmatched subcell nfet$190 in circuit asc_drive_buffer_up (0)(1 instance)
Flattening unmatched subcell pfet$180 in circuit asc_drive_buffer_up (0)(1 instance)

Class asc_drive_buffer_up (0):  Merged 20 parallel devices.
Subcircuit summary:
Circuit 1: asc_drive_buffer_up             |Circuit 2: asc_drive_buffer_up             
-------------------------------------------|-------------------------------------------
pfet_03v3 (15->5)                          |pfet_03v3 (5)                              
nfet_03v3 (15->5)                          |nfet_03v3 (5)                              
Number of devices: 10                      |Number of devices: 10                      
Number of nets: 8                          |Number of nets: 8                          
---------------------------------------------------------------------------------------
Netlists match uniquely.

Subcircuit pins:
Circuit 1: asc_drive_buffer_up             |Circuit 2: asc_drive_buffer_up             
-------------------------------------------|-------------------------------------------
vdd                                        |vdd                                        
vss                                        |vss                                        
in                                         |in                                         
out                                        |out                                        
---------------------------------------------------------------------------------------
Cell pin lists are equivalent.
Device classes asc_drive_buffer_up and asc_drive_buffer_up are equivalent.
Flattening unmatched subcell pfet$185 in circuit asc_dual_psd_def_20250809 (0)(18 instances)
Flattening unmatched subcell pfet$182 in circuit asc_dual_psd_def_20250809 (0)(111 instances)
Flattening unmatched subcell pfet$189 in circuit asc_dual_psd_def_20250809 (0)(14 instances)
Flattening unmatched subcell nfet$197 in circuit asc_dual_psd_def_20250809 (0)(83 instances)
Flattening unmatched subcell nfet$198 in circuit asc_dual_psd_def_20250809 (0)(18 instances)
Flattening unmatched subcell nfet$217 in circuit asc_dual_psd_def_20250809 (0)(8 instances)
Flattening unmatched subcell nfet$195 in circuit asc_dual_psd_def_20250809 (0)(18 instances)
Flattening unmatched subcell pfet$187 in circuit asc_dual_psd_def_20250809 (0)(18 instances)
Flattening unmatched subcell nfet$222 in circuit asc_dual_psd_def_20250809 (0)(8 instances)
Flattening unmatched subcell nfet$208 in circuit asc_dual_psd_def_20250809 (0)(4 instances)
Flattening unmatched subcell pfet$207 in circuit asc_dual_psd_def_20250809 (0)(14 instances)
Flattening unmatched subcell pfet$192 in circuit asc_dual_psd_def_20250809 (0)(8 instances)
Flattening unmatched subcell nfet$201 in circuit asc_dual_psd_def_20250809 (0)(14 instances)
Flattening unmatched subcell nfet$213 in circuit asc_dual_psd_def_20250809 (0)(28 instances)
Flattening unmatched subcell nfet$220 in circuit asc_dual_psd_def_20250809 (0)(10 instances)
Flattening unmatched subcell pfet$205 in circuit asc_dual_psd_def_20250809 (0)(8 instances)
Flattening unmatched subcell nfet$199 in circuit asc_dual_psd_def_20250809 (0)(18 instances)
Flattening unmatched subcell nfet$193 in circuit asc_dual_psd_def_20250809 (0)(28 instances)
Flattening unmatched subcell nfet$206 in circuit asc_dual_psd_def_20250809 (0)(18 instances)
Flattening unmatched subcell pfet$210 in circuit asc_dual_psd_def_20250809 (0)(3 instances)
Flattening unmatched subcell pfet$181 in circuit asc_dual_psd_def_20250809 (0)(111 instances)
Flattening unmatched subcell pfet$183 in circuit asc_dual_psd_def_20250809 (0)(36 instances)
Flattening unmatched subcell pfet$190 in circuit asc_dual_psd_def_20250809 (0)(8 instances)
Flattening unmatched subcell pfet$203 in circuit asc_dual_psd_def_20250809 (0)(8 instances)
Flattening unmatched subcell nfet$229 in circuit asc_dual_psd_def_20250809 (0)(1 instance)
Flattening unmatched subcell nfet$211 in circuit asc_dual_psd_def_20250809 (0)(1 instance)
Flattening unmatched subcell nfet$204 in circuit asc_dual_psd_def_20250809 (0)(3 instances)
Flattening unmatched subcell pfet$186 in circuit asc_dual_psd_def_20250809 (0)(14 instances)
Flattening unmatched subcell pfet$201 in circuit asc_dual_psd_def_20250809 (0)(1 instance)
Flattening unmatched subcell pfet$199 in circuit asc_dual_psd_def_20250809 (0)(8 instances)
Flattening unmatched subcell nfet$227 in circuit asc_dual_psd_def_20250809 (0)(2 instances)
Flattening unmatched subcell nfet$202 in circuit asc_dual_psd_def_20250809 (0)(14 instances)
Flattening unmatched subcell pfet$197 in circuit asc_dual_psd_def_20250809 (0)(1 instance)
Flattening unmatched subcell nfet$225 in circuit asc_dual_psd_def_20250809 (0)(4 instances)
Flattening unmatched subcell nfet$218 in circuit asc_dual_psd_def_20250809 (0)(2 instances)
Flattening unmatched subcell nfet$200 in circuit asc_dual_psd_def_20250809 (0)(3 instances)
Flattening unmatched subcell nfet$196 in circuit asc_dual_psd_def_20250809 (0)(18 instances)
Flattening unmatched subcell pfet$195 in circuit asc_dual_psd_def_20250809 (0)(5 instances)
Flattening unmatched subcell nfet$223 in circuit asc_dual_psd_def_20250809 (0)(8 instances)
Flattening unmatched subcell pfet$208 in circuit asc_dual_psd_def_20250809 (0)(2 instances)
Flattening unmatched subcell pfet$188 in circuit asc_dual_psd_def_20250809 (0)(3 instances)
Flattening unmatched subcell nfet$216 in circuit asc_dual_psd_def_20250809 (0)(8 instances)
Flattening unmatched subcell nfet$209 in circuit asc_dual_psd_def_20250809 (0)(1 instance)
Flattening unmatched subcell pfet$184 in circuit asc_dual_psd_def_20250809 (0)(36 instances)
Flattening unmatched subcell pfet$213 in circuit asc_dual_psd_def_20250809 (0)(1 instance)
Flattening unmatched subcell pfet$193 in circuit asc_dual_psd_def_20250809 (0)(8 instances)
Flattening unmatched subcell nfet$221 in circuit asc_dual_psd_def_20250809 (0)(14 instances)
Flattening unmatched subcell pfet$206 in circuit asc_dual_psd_def_20250809 (0)(8 instances)
Flattening unmatched subcell nfet$194 in circuit asc_dual_psd_def_20250809 (0)(83 instances)
Flattening unmatched subcell nfet$214 in circuit asc_dual_psd_def_20250809 (0)(18 instances)
Flattening unmatched subcell nfet$207 in circuit asc_dual_psd_def_20250809 (0)(8 instances)
Flattening unmatched subcell pfet$211 in circuit asc_dual_psd_def_20250809 (0)(5 instances)
Flattening unmatched subcell pfet$191 in circuit asc_dual_psd_def_20250809 (0)(1 instance)
Flattening unmatched subcell pfet$204 in circuit asc_dual_psd_def_20250809 (0)(2 instances)
Flattening unmatched subcell nfet$212 in circuit asc_dual_psd_def_20250809 (0)(2 instances)
Flattening unmatched subcell nfet$205 in circuit asc_dual_psd_def_20250809 (0)(8 instances)
Flattening unmatched subcell pfet$202 in circuit asc_dual_psd_def_20250809 (0)(2 instances)
Flattening unmatched subcell nfet$228 in circuit asc_dual_psd_def_20250809 (0)(2 instances)
Flattening unmatched subcell nfet$210 in circuit asc_dual_psd_def_20250809 (0)(4 instances)
Flattening unmatched subcell nfet$203 in circuit asc_dual_psd_def_20250809 (0)(8 instances)
Flattening unmatched subcell pfet$200 in circuit asc_dual_psd_def_20250809 (0)(8 instances)
Flattening unmatched subcell pfet$198 in circuit asc_dual_psd_def_20250809 (0)(3 instances)
Flattening unmatched subcell nfet$226 in circuit asc_dual_psd_def_20250809 (0)(3 instances)
Flattening unmatched subcell nfet$219 in circuit asc_dual_psd_def_20250809 (0)(2 instances)
Flattening unmatched subcell pfet$196 in circuit asc_dual_psd_def_20250809 (0)(2 instances)
Flattening unmatched subcell nfet$224 in circuit asc_dual_psd_def_20250809 (0)(2 instances)
Flattening unmatched subcell pfet$209 in circuit asc_dual_psd_def_20250809 (0)(4 instances)
Flattening unmatched subcell pfet$194 in circuit asc_dual_psd_def_20250809 (0)(3 instances)
Flattening unmatched subcell nfet$215 in circuit asc_dual_psd_def_20250809 (0)(1 instance)
Flattening unmatched subcell pfet$212 in circuit asc_dual_psd_def_20250809 (0)(1 instance)
Flattening unmatched subcell asc_OR in circuit asc_dual_psd_def_20250809 (1)(1 instance)
Flattening unmatched subcell asc_NOR in circuit asc_dual_psd_def_20250809 (1)(1 instance)
Flattening unmatched subcell asc_swallow_counter_20250809 in circuit asc_dual_psd_def_20250809 (1)(1 instance)
Flattening unmatched subcell asc_SR_latch in circuit asc_dual_psd_def_20250809 (1)(1 instance)
Flattening unmatched subcell asc_NOR in circuit asc_dual_psd_def_20250809 (1)(2 instances)
Flattening unmatched subcell asc_9_bit_counter_20250809 in circuit asc_dual_psd_def_20250809 (1)(2 instances)
Flattening unmatched subcell asc_XNOR in circuit asc_dual_psd_def_20250809 (1)(18 instances)
Flattening unmatched subcell asc_dff_rst in circuit asc_dual_psd_def_20250809 (1)(18 instances)
Flattening unmatched subcell asc_NAND in circuit asc_dual_psd_def_20250809 (1)(36 instances)
Flattening unmatched subcell asc_AND_9_20250809 in circuit asc_dual_psd_def_20250809 (1)(2 instances)
Flattening unmatched subcell asc_AND in circuit asc_dual_psd_def_20250809 (1)(4 instances)
Flattening unmatched subcell asc_NAND in circuit asc_dual_psd_def_20250809 (1)(12 instances)
Flattening unmatched subcell asc_NOR in circuit asc_dual_psd_def_20250809 (1)(4 instances)
Flattening unmatched subcell asc_dual_mod_pre_2_3_20250809 in circuit asc_dual_psd_def_20250809 (1)(1 instance)
Flattening unmatched subcell asc_OR in circuit asc_dual_psd_def_20250809 (1)(1 instance)
Flattening unmatched subcell asc_NOR in circuit asc_dual_psd_def_20250809 (1)(1 instance)
Flattening unmatched subcell asc_AND in circuit asc_dual_psd_def_20250809 (1)(1 instance)
Flattening unmatched subcell asc_NAND in circuit asc_dual_psd_def_20250809 (1)(1 instance)
Flattening unmatched subcell asc_dff_rst in circuit asc_dual_psd_def_20250809 (1)(2 instances)
Flattening unmatched subcell asc_NAND in circuit asc_dual_psd_def_20250809 (1)(4 instances)

Flattening instances of inv1u05u in cell asc_dual_psd_def_20250809 (1) makes a better match
Flattening instances of pass1u05u in cell asc_dual_psd_def_20250809 (1) makes a better match
Making another compare attempt.

Class asc_dual_psd_def_20250809 (0):  Merged 266 parallel devices.
Subcircuit summary:
Circuit 1: asc_dual_psd_def_20250809       |Circuit 2: asc_dual_psd_def_20250809       
-------------------------------------------|-------------------------------------------
pfet_03v3 (563->475)                       |pfet_03v3 (475)                            
nfet_03v3 (653->475)                       |nfet_03v3 (475)                            
Number of devices: 950                     |Number of devices: 950                     
Number of nets: 475                        |Number of nets: 475                        
---------------------------------------------------------------------------------------
Netlists match uniquely.

Subcircuit pins:
Circuit 1: asc_dual_psd_def_20250809       |Circuit 2: asc_dual_psd_def_20250809       
-------------------------------------------|-------------------------------------------
define                                     |define                                     
sd9                                        |sd9                                        
pd9                                        |pd9                                        
sd8                                        |sd8                                        
pd8                                        |pd8                                        
sd4                                        |sd4                                        
pd4                                        |pd4                                        
sd6                                        |sd6                                        
pd6                                        |pd6                                        
sd2                                        |sd2                                        
pd2                                        |pd2                                        
sd7                                        |sd7                                        
pd7                                        |pd7                                        
sd3                                        |sd3                                        
pd3                                        |pd3                                        
pd5                                        |pd5                                        
sd5                                        |sd5                                        
sd1                                        |sd1                                        
pd1                                        |pd1                                        
vss                                        |vss                                        
fin                                        |fin                                        
fout                                       |fout                                       
vdd                                        |vdd                                        
---------------------------------------------------------------------------------------
Cell pin lists are equivalent.
Device classes asc_dual_psd_def_20250809 and asc_dual_psd_def_20250809 are equivalent.
Flattening unmatched subcell pfet$217 in circuit asc_hysteresis_buffer (0)(1 instance)
Flattening unmatched subcell pfet$215 in circuit asc_hysteresis_buffer (0)(1 instance)
Flattening unmatched subcell nfet$5 in circuit asc_hysteresis_buffer (0)(1 instance)
Flattening unmatched subcell nfet$3 in circuit asc_hysteresis_buffer (0)(1 instance)
Flattening unmatched subcell nfet$1 in circuit asc_hysteresis_buffer (0)(1 instance)
Flattening unmatched subcell pfet$218 in circuit asc_hysteresis_buffer (0)(1 instance)
Flattening unmatched subcell pfet$216 in circuit asc_hysteresis_buffer (0)(1 instance)
Flattening unmatched subcell pfet$214 in circuit asc_hysteresis_buffer (0)(1 instance)
Flattening unmatched subcell nfet$4 in circuit asc_hysteresis_buffer (0)(1 instance)
Flattening unmatched subcell nfet$2 in circuit asc_hysteresis_buffer (0)(1 instance)

Flattening instances of inv1u05u in cell asc_hysteresis_buffer (1) makes a better match
Making another compare attempt.

Class asc_hysteresis_buffer (0):  Merged 20 parallel devices.
Subcircuit summary:
Circuit 1: asc_hysteresis_buffer           |Circuit 2: asc_hysteresis_buffer           
-------------------------------------------|-------------------------------------------
pfet_03v3 (15->5)                          |pfet_03v3 (5)                              
nfet_03v3 (15->5)                          |nfet_03v3 (5)                              
Number of devices: 10                      |Number of devices: 10                      
Number of nets: 7                          |Number of nets: 7                          
---------------------------------------------------------------------------------------
Netlists match uniquely.

Subcircuit pins:
Circuit 1: asc_hysteresis_buffer           |Circuit 2: asc_hysteresis_buffer           
-------------------------------------------|-------------------------------------------
vdd                                        |vdd                                        
vss                                        |vss                                        
in                                         |in                                         
out                                        |out                                        
---------------------------------------------------------------------------------------
Cell pin lists are equivalent.
Device classes asc_hysteresis_buffer and asc_hysteresis_buffer are equivalent.
Flattening unmatched subcell nfet$15 in circuit asc_lock_detector_20250826 (0)(14 instances)
Flattening unmatched subcell pfet$1 in circuit asc_lock_detector_20250826 (0)(8 instances)
Flattening unmatched subcell nfet$17 in circuit asc_lock_detector_20250826 (0)(2 instances)
Flattening unmatched subcell pfet$8 in circuit asc_lock_detector_20250826 (0)(3 instances)
Flattening unmatched subcell pfet$6 in circuit asc_lock_detector_20250826 (0)(8 instances)
Flattening unmatched subcell nfet$9 in circuit asc_lock_detector_20250826 (0)(3 instances)
Flattening unmatched subcell pfet$14 in circuit asc_lock_detector_20250826 (0)(2 instances)
Flattening unmatched subcell nfet$20 in circuit asc_lock_detector_20250826 (0)(1 instance)
Flattening unmatched subcell nfet$13 in circuit asc_lock_detector_20250826 (0)(8 instances)
Flattening unmatched subcell pfet$4 in circuit asc_lock_detector_20250826 (0)(8 instances)
Flattening unmatched subcell nfet$7 in circuit asc_lock_detector_20250826 (0)(8 instances)
Flattening unmatched subcell pfet$12 in circuit asc_lock_detector_20250826 (0)(2 instances)
Flattening unmatched subcell nfet$11 in circuit asc_lock_detector_20250826 (0)(3 instances)
Flattening unmatched subcell pfet$2 in circuit asc_lock_detector_20250826 (0)(8 instances)
Flattening unmatched subcell pfet$10 in circuit asc_lock_detector_20250826 (0)(3 instances)
Flattening unmatched subcell pfet$5 in circuit asc_lock_detector_20250826 (0)(14 instances)
Flattening unmatched subcell nfet$18 in circuit asc_lock_detector_20250826 (0)(1 instance)
Flattening unmatched subcell pfet$9 in circuit asc_lock_detector_20250826 (0)(3 instances)
Flattening unmatched subcell nfet$16 in circuit asc_lock_detector_20250826 (0)(3 instances)
Flattening unmatched subcell pfet$7 in circuit asc_lock_detector_20250826 (0)(8 instances)
Flattening unmatched subcell pfet$15 in circuit asc_lock_detector_20250826 (0)(1 instance)
Flattening unmatched subcell nfet$14 in circuit asc_lock_detector_20250826 (0)(8 instances)
Flattening unmatched subcell nfet$8 in circuit asc_lock_detector_20250826 (0)(8 instances)
Flattening unmatched subcell pfet$13 in circuit asc_lock_detector_20250826 (0)(1 instance)
Flattening unmatched subcell nfet$12 in circuit asc_lock_detector_20250826 (0)(8 instances)
Flattening unmatched subcell pfet$3 in circuit asc_lock_detector_20250826 (0)(8 instances)
Flattening unmatched subcell nfet$6 in circuit asc_lock_detector_20250826 (0)(8 instances)
Flattening unmatched subcell pfet$11 in circuit asc_lock_detector_20250826 (0)(3 instances)
Flattening unmatched subcell nfet$10 in circuit asc_lock_detector_20250826 (0)(3 instances)
Flattening unmatched subcell nfet$19 in circuit asc_lock_detector_20250826 (0)(2 instances)
Flattening unmatched subcell asc_AND in circuit asc_lock_detector_20250826 (1)(1 instance)
Flattening unmatched subcell asc_NAND in circuit asc_lock_detector_20250826 (1)(1 instance)
Flattening unmatched subcell asc_dff_rst in circuit asc_lock_detector_20250826 (1)(2 instances)
Flattening unmatched subcell asc_NAND in circuit asc_lock_detector_20250826 (1)(4 instances)
Flattening unmatched subcell asc_delay_LD in circuit asc_lock_detector_20250826 (1)(2 instances)
Flattening unmatched subcell asc_pulse_ex in circuit asc_lock_detector_20250826 (1)(1 instance)
Flattening unmatched subcell asc_OR in circuit asc_lock_detector_20250826 (1)(1 instance)
Flattening unmatched subcell asc_NOR in circuit asc_lock_detector_20250826 (1)(1 instance)

Flattening instances of inv1u05u in cell asc_lock_detector_20250826 (1) makes a better match
Flattening instances of pass1u05u in cell asc_lock_detector_20250826 (1) makes a better match
Flattening instances of asc_drive_buffer in cell asc_lock_detector_20250826 (1) makes a better match
Making another compare attempt.

Class asc_lock_detector_20250826 (0):  Merged 232 parallel devices.
Subcircuit summary:
Circuit 1: asc_lock_detector_20250826      |Circuit 2: asc_lock_detector_20250826      
-------------------------------------------|-------------------------------------------
nfet_03v3 (200->80)                        |nfet_03v3 (80)                             
pfet_03v3 (192->80)                        |pfet_03v3 (80)                             
Number of devices: 160                     |Number of devices: 160                     
Number of nets: 80                         |Number of nets: 80                         
---------------------------------------------------------------------------------------
Netlists match uniquely.

Subcircuit pins:
Circuit 1: asc_lock_detector_20250826      |Circuit 2: asc_lock_detector_20250826      
-------------------------------------------|-------------------------------------------
lock                                       |lock                                       
vdd                                        |vdd                                        
vss                                        |vss                                        
ref                                        |ref                                        
div                                        |div                                        
---------------------------------------------------------------------------------------
Cell pin lists are equivalent.
Device classes asc_lock_detector_20250826 and asc_lock_detector_20250826 are equivalent.
Flattening unmatched subcell pfet$33 in circuit xp_3_1_MUX (0)(4 instances)
Flattening unmatched subcell nfet$39 in circuit xp_3_1_MUX (0)(4 instances)
Flattening unmatched subcell pfet$34 in circuit xp_3_1_MUX (0)(2 instances)
Flattening unmatched subcell nfet$40 in circuit xp_3_1_MUX (0)(2 instances)

Flattening instances of inv1u05u in cell xp_3_1_MUX (1) makes a better match
Flattening instances of pass1u05u in cell xp_3_1_MUX (1) makes a better match
Making another compare attempt.

Subcircuit summary:
Circuit 1: xp_3_1_MUX                      |Circuit 2: xp_3_1_MUX                      
-------------------------------------------|-------------------------------------------
pfet_03v3 (6)                              |pfet_03v3 (6)                              
nfet_03v3 (6)                              |nfet_03v3 (6)                              
Number of devices: 12                      |Number of devices: 12                      
Number of nets: 11                         |Number of nets: 11                         
---------------------------------------------------------------------------------------
Netlists match uniquely.

Subcircuit pins:
Circuit 1: xp_3_1_MUX                      |Circuit 2: xp_3_1_MUX                      
-------------------------------------------|-------------------------------------------
S0                                         |S0                                         
S1                                         |S1                                         
OUT_1                                      |OUT_1                                      
B_1                                        |B_1                                        
A_1                                        |A_1                                        
C_1                                        |C_1                                        
VSS                                        |VSS                                        
VDD                                        |VDD                                        
---------------------------------------------------------------------------------------
Cell pin lists are equivalent.
Device classes xp_3_1_MUX and xp_3_1_MUX are equivalent.
Flattening unmatched subcell pfet$35 in circuit xp_programmable_basic_pump (0)(26 instances)
Flattening unmatched subcell nfet$42 in circuit xp_programmable_basic_pump (0)(14 instances)
Flattening unmatched subcell pfet$37 in circuit xp_programmable_basic_pump (0)(24 instances)
Flattening unmatched subcell nfet$43 in circuit xp_programmable_basic_pump (0)(16 instances)
Flattening unmatched subcell nfet$41 in circuit xp_programmable_basic_pump (0)(16 instances)
Flattening unmatched subcell pfet$40 in circuit xp_programmable_basic_pump (0)(4 instances)
Flattening unmatched subcell nfet$46 in circuit xp_programmable_basic_pump (0)(4 instances)
Flattening unmatched subcell pfet$36 in circuit xp_programmable_basic_pump (0)(6 instances)

Class xp_programmable_basic_pump (0):  Merged 284 parallel devices.
Subcircuit summary:
Circuit 1: xp_programmable_basic_pump      |Circuit 2: xp_programmable_basic_pump      
-------------------------------------------|-------------------------------------------
pfet_03v3 (220->15)                        |pfet_03v3 (60->15)                         
nfet_03v3 (96->17)                         |nfet_03v3 (50->17)                         
inv1u05u (4)                               |inv1u05u (4)                               
pass1u05u (8)                              |pass1u05u (8)                              
Number of devices: 44                      |Number of devices: 44                      
Number of nets: 34                         |Number of nets: 34                         
---------------------------------------------------------------------------------------
Resolving symmetries by property value.
Netlists match uniquely.

Subcircuit pins:
Circuit 1: xp_programmable_basic_pump      |Circuit 2: xp_programmable_basic_pump      
-------------------------------------------|-------------------------------------------
iref                                       |iref                                       
vss                                        |vss                                        
up                                         |up                                         
s4                                         |s4                                         
s2                                         |s2                                         
s3                                         |s3                                         
s1                                         |s1                                         
down                                       |down                                       
vdd                                        |vdd                                        
out                                        |out                                        
---------------------------------------------------------------------------------------
Cell pin lists are equivalent.
Device classes xp_programmable_basic_pump and xp_programmable_basic_pump are equivalent.
Flattening unmatched subcell pfet$29 in circuit BIAS (0)(16 instances)
Flattening unmatched subcell nfet$35 in circuit BIAS (0)(8 instances)

Class BIAS (0):  Merged 87 parallel devices.
Subcircuit summary:
Circuit 1: BIAS                            |Circuit 2: BIAS                            
-------------------------------------------|-------------------------------------------
pfet_03v3 (64->5)                          |pfet_03v3 (16->5)                          
nfet_03v3 (32->4)                          |nfet_03v3 (8->4)                           
Number of devices: 9                       |Number of devices: 9                       
Number of nets: 8                          |Number of nets: 8                          
---------------------------------------------------------------------------------------
Resolving symmetries by property value.
Resolving symmetries by pin name.
Netlists match uniquely.

Subcircuit pins:
Circuit 1: BIAS                            |Circuit 2: BIAS                            
-------------------------------------------|-------------------------------------------
vss                                        |vss                                        
200n                                       |200n                                       
100n                                       |100n                                       
200p2                                      |200p2                                      
200p1                                      |200p1                                      
res                                        |res                                        
vdd                                        |vdd                                        
---------------------------------------------------------------------------------------
Cell pin lists are equivalent.
Device classes BIAS and BIAS are equivalent.
Flattening unmatched subcell pfet$18 in circuit asc_PFD_DFF_20250831 (0)(5 instances)
Flattening unmatched subcell pfet$25 in circuit asc_PFD_DFF_20250831 (0)(21 instances)
Flattening unmatched subcell nfet$31 in circuit asc_PFD_DFF_20250831 (0)(13 instances)
Flattening unmatched subcell pfet$23 in circuit asc_PFD_DFF_20250831 (0)(4 instances)
Flattening unmatched subcell pfet$16 in circuit asc_PFD_DFF_20250831 (0)(4 instances)
Flattening unmatched subcell nfet$22 in circuit asc_PFD_DFF_20250831 (0)(4 instances)
Flattening unmatched subcell pfet$21 in circuit asc_PFD_DFF_20250831 (0)(4 instances)
Flattening unmatched subcell nfet$29 in circuit asc_PFD_DFF_20250831 (0)(2 instances)
Flattening unmatched subcell pfet$28 in circuit asc_PFD_DFF_20250831 (0)(2 instances)
Flattening unmatched subcell nfet$34 in circuit asc_PFD_DFF_20250831 (0)(2 instances)
Flattening unmatched subcell nfet$27 in circuit asc_PFD_DFF_20250831 (0)(4 instances)
Flattening unmatched subcell pfet$26 in circuit asc_PFD_DFF_20250831 (0)(2 instances)
Flattening unmatched subcell nfet$32 in circuit asc_PFD_DFF_20250831 (0)(2 instances)
Flattening unmatched subcell pfet$19 in circuit asc_PFD_DFF_20250831 (0)(1 instance)
Flattening unmatched subcell nfet$25 in circuit asc_PFD_DFF_20250831 (0)(2 instances)
Flattening unmatched subcell pfet$24 in circuit asc_PFD_DFF_20250831 (0)(2 instances)
Flattening unmatched subcell pfet$17 in circuit asc_PFD_DFF_20250831 (0)(4 instances)
Flattening unmatched subcell nfet$30 in circuit asc_PFD_DFF_20250831 (0)(8 instances)
Flattening unmatched subcell nfet$23 in circuit asc_PFD_DFF_20250831 (0)(5 instances)
Flattening unmatched subcell pfet$22 in circuit asc_PFD_DFF_20250831 (0)(4 instances)
Flattening unmatched subcell nfet$21 in circuit asc_PFD_DFF_20250831 (0)(4 instances)
Flattening unmatched subcell pfet$20 in circuit asc_PFD_DFF_20250831 (0)(2 instances)
Flattening unmatched subcell nfet$28 in circuit asc_PFD_DFF_20250831 (0)(4 instances)
Flattening unmatched subcell pfet$27 in circuit asc_PFD_DFF_20250831 (0)(4 instances)
Flattening unmatched subcell nfet$33 in circuit asc_PFD_DFF_20250831 (0)(4 instances)
Flattening unmatched subcell nfet$26 in circuit asc_PFD_DFF_20250831 (0)(4 instances)
Flattening unmatched subcell nfet$24 in circuit asc_PFD_DFF_20250831 (0)(1 instance)
Flattening unmatched subcell asc_delay in circuit asc_PFD_DFF_20250831 (1)(1 instance)
Flattening unmatched subcell asc_NAND in circuit asc_PFD_DFF_20250831 (1)(1 instance)
Flattening unmatched subcell asc_dff_rst_20250831 in circuit asc_PFD_DFF_20250831 (1)(2 instances)
Flattening unmatched subcell asc_NAND in circuit asc_PFD_DFF_20250831 (1)(4 instances)
Flattening unmatched subcell qw_NOLclk in circuit asc_PFD_DFF_20250831 (1)(2 instances)
Flattening unmatched subcell SmallW_Linv in circuit asc_PFD_DFF_20250831 (1)(4 instances)
Flattening unmatched subcell SmallW_Linv_2 in circuit asc_PFD_DFF_20250831 (1)(8 instances)
Flattening unmatched subcell asc_NAND in circuit asc_PFD_DFF_20250831 (1)(4 instances)

Flattening instances of inv1u05u in cell asc_PFD_DFF_20250831 (1) makes a better match
Flattening instances of pass1u05u in cell asc_PFD_DFF_20250831 (1) makes a better match
Making another compare attempt.

Class asc_PFD_DFF_20250831 (0):  Merged 18 parallel devices.
Subcircuit summary:
Circuit 1: asc_PFD_DFF_20250831            |Circuit 2: asc_PFD_DFF_20250831            
-------------------------------------------|-------------------------------------------
pfet_03v3 (59)                             |pfet_03v3 (59)                             
nfet_03v3 (77->59)                         |nfet_03v3 (59)                             
Number of devices: 118                     |Number of devices: 118                     
Number of nets: 59                         |Number of nets: 59                         
---------------------------------------------------------------------------------------
Netlists match uniquely.

Subcircuit pins:
Circuit 1: asc_PFD_DFF_20250831            |Circuit 2: asc_PFD_DFF_20250831            
-------------------------------------------|-------------------------------------------
fref                                       |fref                                       
fdiv                                       |fdiv                                       
up                                         |up                                         
down                                       |down                                       
vss                                        |vss                                        
vdd                                        |vdd                                        
---------------------------------------------------------------------------------------
Cell pin lists are equivalent.
Device classes asc_PFD_DFF_20250831 and asc_PFD_DFF_20250831 are equivalent.
Flattening unmatched subcell pfet$30 in circuit CSRVCO_20250823 (0)(15 instances)
Flattening unmatched subcell nfet$38 in circuit CSRVCO_20250823 (0)(2 instances)
Flattening unmatched subcell nfet$36 in circuit CSRVCO_20250823 (0)(15 instances)
Flattening unmatched subcell cap_mim in circuit CSRVCO_20250823 (0)(7 instances)
Flattening unmatched subcell pfet$31 in circuit CSRVCO_20250823 (0)(2 instances)
Flattening unmatched subcell nfet$37 in circuit CSRVCO_20250823 (0)(2 instances)
Flattening unmatched subcell pfet$32 in circuit CSRVCO_20250823 (0)(2 instances)
Flattening unmatched subcell asc_delay in circuit CSRVCO_20250823 (1)(1 instance)

Flattening instances of inv1u05u in cell CSRVCO_20250823 (1) makes a better match
Making another compare attempt.

Class CSRVCO_20250823 (0):  Merged 2 parallel devices.
Subcircuit summary:
Circuit 1: CSRVCO_20250823                 |Circuit 2: CSRVCO_20250823                 
-------------------------------------------|-------------------------------------------
pfet_03v3 (19->18)                         |pfet_03v3 (19->18)                         
nfet_03v3 (19->18)                         |nfet_03v3 (19->18)                         
cap_mim_2f0_m4m5_noshield (7)              |cap_mim_2f0fF (7)                          
Number of devices: 43                      |Number of devices: 43                      
Number of nets: 27                         |Number of nets: 27                         
---------------------------------------------------------------------------------------
Netlists match uniquely.

Subcircuit pins:
Circuit 1: CSRVCO_20250823                 |Circuit 2: CSRVCO_20250823                 
-------------------------------------------|-------------------------------------------
vctrl                                      |vctrl                                      
vss                                        |vss                                        
vosc                                       |vosc                                       
vdd                                        |vdd                                        
---------------------------------------------------------------------------------------
Cell pin lists are equivalent.
Device classes CSRVCO_20250823 and CSRVCO_20250823 are equivalent.
Flattening unmatched subcell xp_3_1_MUX$1 in circuit top_level_20250912_nosc (0)(2 instances)
Flattening unmatched subcell pfet$33 in circuit top_level_20250912_nosc (0)(8 instances)
Flattening unmatched subcell nfet$39 in circuit top_level_20250912_nosc (0)(8 instances)
Flattening unmatched subcell pfet$34 in circuit top_level_20250912_nosc (0)(4 instances)
Flattening unmatched subcell nfet$40 in circuit top_level_20250912_nosc (0)(4 instances)
Flattening unmatched subcell asc_dual_psd_def_20250809$1 in circuit top_level_20250912_nosc (0)(1 instance)
Flattening unmatched subcell pfet$185 in circuit top_level_20250912_nosc (0)(18 instances)
Flattening unmatched subcell pfet$182 in circuit top_level_20250912_nosc (0)(111 instances)
Flattening unmatched subcell pfet$189 in circuit top_level_20250912_nosc (0)(14 instances)
Flattening unmatched subcell nfet$197 in circuit top_level_20250912_nosc (0)(83 instances)
Flattening unmatched subcell nfet$198 in circuit top_level_20250912_nosc (0)(18 instances)
Flattening unmatched subcell nfet$217 in circuit top_level_20250912_nosc (0)(8 instances)
Flattening unmatched subcell nfet$195 in circuit top_level_20250912_nosc (0)(18 instances)
Flattening unmatched subcell pfet$187 in circuit top_level_20250912_nosc (0)(18 instances)
Flattening unmatched subcell nfet$222 in circuit top_level_20250912_nosc (0)(8 instances)
Flattening unmatched subcell nfet$208 in circuit top_level_20250912_nosc (0)(4 instances)
Flattening unmatched subcell pfet$207 in circuit top_level_20250912_nosc (0)(14 instances)
Flattening unmatched subcell pfet$192 in circuit top_level_20250912_nosc (0)(8 instances)
Flattening unmatched subcell nfet$201 in circuit top_level_20250912_nosc (0)(14 instances)
Flattening unmatched subcell nfet$213 in circuit top_level_20250912_nosc (0)(28 instances)
Flattening unmatched subcell nfet$220 in circuit top_level_20250912_nosc (0)(10 instances)
Flattening unmatched subcell pfet$205 in circuit top_level_20250912_nosc (0)(8 instances)
Flattening unmatched subcell nfet$199 in circuit top_level_20250912_nosc (0)(18 instances)
Flattening unmatched subcell nfet$193 in circuit top_level_20250912_nosc (0)(28 instances)
Flattening unmatched subcell nfet$206 in circuit top_level_20250912_nosc (0)(18 instances)
Flattening unmatched subcell pfet$210 in circuit top_level_20250912_nosc (0)(3 instances)
Flattening unmatched subcell pfet$181 in circuit top_level_20250912_nosc (0)(111 instances)
Flattening unmatched subcell pfet$183 in circuit top_level_20250912_nosc (0)(36 instances)
Flattening unmatched subcell pfet$190 in circuit top_level_20250912_nosc (0)(8 instances)
Flattening unmatched subcell pfet$203 in circuit top_level_20250912_nosc (0)(8 instances)
Flattening unmatched subcell nfet$229 in circuit top_level_20250912_nosc (0)(1 instance)
Flattening unmatched subcell nfet$211 in circuit top_level_20250912_nosc (0)(1 instance)
Flattening unmatched subcell nfet$204 in circuit top_level_20250912_nosc (0)(3 instances)
Flattening unmatched subcell pfet$186 in circuit top_level_20250912_nosc (0)(14 instances)
Flattening unmatched subcell pfet$201 in circuit top_level_20250912_nosc (0)(1 instance)
Flattening unmatched subcell pfet$199 in circuit top_level_20250912_nosc (0)(8 instances)
Flattening unmatched subcell nfet$227 in circuit top_level_20250912_nosc (0)(2 instances)
Flattening unmatched subcell nfet$202 in circuit top_level_20250912_nosc (0)(14 instances)
Flattening unmatched subcell pfet$197 in circuit top_level_20250912_nosc (0)(1 instance)
Flattening unmatched subcell nfet$225 in circuit top_level_20250912_nosc (0)(4 instances)
Flattening unmatched subcell nfet$218 in circuit top_level_20250912_nosc (0)(2 instances)
Flattening unmatched subcell nfet$200 in circuit top_level_20250912_nosc (0)(3 instances)
Flattening unmatched subcell nfet$196 in circuit top_level_20250912_nosc (0)(18 instances)
Flattening unmatched subcell pfet$195 in circuit top_level_20250912_nosc (0)(5 instances)
Flattening unmatched subcell nfet$223 in circuit top_level_20250912_nosc (0)(8 instances)
Flattening unmatched subcell pfet$208 in circuit top_level_20250912_nosc (0)(2 instances)
Flattening unmatched subcell pfet$188 in circuit top_level_20250912_nosc (0)(3 instances)
Flattening unmatched subcell nfet$216 in circuit top_level_20250912_nosc (0)(8 instances)
Flattening unmatched subcell nfet$209 in circuit top_level_20250912_nosc (0)(1 instance)
Flattening unmatched subcell pfet$184 in circuit top_level_20250912_nosc (0)(36 instances)
Flattening unmatched subcell pfet$213 in circuit top_level_20250912_nosc (0)(1 instance)
Flattening unmatched subcell pfet$193 in circuit top_level_20250912_nosc (0)(8 instances)
Flattening unmatched subcell nfet$221 in circuit top_level_20250912_nosc (0)(14 instances)
Flattening unmatched subcell pfet$206 in circuit top_level_20250912_nosc (0)(8 instances)
Flattening unmatched subcell nfet$194 in circuit top_level_20250912_nosc (0)(83 instances)
Flattening unmatched subcell nfet$214 in circuit top_level_20250912_nosc (0)(18 instances)
Flattening unmatched subcell nfet$207 in circuit top_level_20250912_nosc (0)(8 instances)
Flattening unmatched subcell pfet$211 in circuit top_level_20250912_nosc (0)(5 instances)
Flattening unmatched subcell pfet$191 in circuit top_level_20250912_nosc (0)(1 instance)
Flattening unmatched subcell pfet$204 in circuit top_level_20250912_nosc (0)(2 instances)
Flattening unmatched subcell nfet$212 in circuit top_level_20250912_nosc (0)(2 instances)
Flattening unmatched subcell nfet$205 in circuit top_level_20250912_nosc (0)(8 instances)
Flattening unmatched subcell pfet$202 in circuit top_level_20250912_nosc (0)(2 instances)
Flattening unmatched subcell nfet$228 in circuit top_level_20250912_nosc (0)(2 instances)
Flattening unmatched subcell nfet$210 in circuit top_level_20250912_nosc (0)(4 instances)
Flattening unmatched subcell nfet$203 in circuit top_level_20250912_nosc (0)(8 instances)
Flattening unmatched subcell pfet$200 in circuit top_level_20250912_nosc (0)(8 instances)
Flattening unmatched subcell pfet$198 in circuit top_level_20250912_nosc (0)(3 instances)
Flattening unmatched subcell nfet$226 in circuit top_level_20250912_nosc (0)(3 instances)
Flattening unmatched subcell nfet$219 in circuit top_level_20250912_nosc (0)(2 instances)
Flattening unmatched subcell pfet$196 in circuit top_level_20250912_nosc (0)(2 instances)
Flattening unmatched subcell nfet$224 in circuit top_level_20250912_nosc (0)(2 instances)
Flattening unmatched subcell pfet$209 in circuit top_level_20250912_nosc (0)(4 instances)
Flattening unmatched subcell pfet$194 in circuit top_level_20250912_nosc (0)(3 instances)
Flattening unmatched subcell nfet$215 in circuit top_level_20250912_nosc (0)(1 instance)
Flattening unmatched subcell pfet$212 in circuit top_level_20250912_nosc (0)(1 instance)
Flattening unmatched subcell asc_drive_buffer$1 in circuit top_level_20250912_nosc (0)(1 instance)
Flattening unmatched subcell nfet$186 in circuit top_level_20250912_nosc (0)(1 instance)
Flattening unmatched subcell pfet$176 in circuit top_level_20250912_nosc (0)(1 instance)
Flattening unmatched subcell pfet$174 in circuit top_level_20250912_nosc (0)(1 instance)
Flattening unmatched subcell nfet$187 in circuit top_level_20250912_nosc (0)(1 instance)
Flattening unmatched subcell nfet$185 in circuit top_level_20250912_nosc (0)(1 instance)
Flattening unmatched subcell pfet$175 in circuit top_level_20250912_nosc (0)(1 instance)
Flattening unmatched subcell pfet$173 in circuit top_level_20250912_nosc (0)(1 instance)
Flattening unmatched subcell nfet$188 in circuit top_level_20250912_nosc (0)(1 instance)
Flattening unmatched subcell asc_hysteresis_buffer$1 in circuit top_level_20250912_nosc (0)(1 instance)
Flattening unmatched subcell pfet$217 in circuit top_level_20250912_nosc (0)(1 instance)
Flattening unmatched subcell pfet$215 in circuit top_level_20250912_nosc (0)(1 instance)
Flattening unmatched subcell nfet$5 in circuit top_level_20250912_nosc (0)(1 instance)
Flattening unmatched subcell nfet$3 in circuit top_level_20250912_nosc (0)(1 instance)
Flattening unmatched subcell nfet$1 in circuit top_level_20250912_nosc (0)(1 instance)
Flattening unmatched subcell pfet$218 in circuit top_level_20250912_nosc (0)(1 instance)
Flattening unmatched subcell pfet$216 in circuit top_level_20250912_nosc (0)(1 instance)
Flattening unmatched subcell pfet$214 in circuit top_level_20250912_nosc (0)(1 instance)
Flattening unmatched subcell nfet$4 in circuit top_level_20250912_nosc (0)(1 instance)
Flattening unmatched subcell nfet$2 in circuit top_level_20250912_nosc (0)(1 instance)

Flattening instances of asc_hysteresis_buffer in cell top_level_20250912_nosc (0) makes a better match
Flattening instances of asc_hysteresis_buffer in cell top_level_20250912_nosc (1) makes a better match
Flattening instances of asc_dual_psd_def_20250809 in cell top_level_20250912_nosc (0) makes a better match
Flattening instances of asc_dual_psd_def_20250809 in cell top_level_20250912_nosc (1) makes a better match
Flattening instances of xp_3_1_MUX in cell top_level_20250912_nosc (0) makes a better match
Flattening instances of xp_3_1_MUX in cell top_level_20250912_nosc (1) makes a better match
Flattening instances of asc_drive_buffer in cell top_level_20250912_nosc (0) makes a better match
Flattening instances of asc_drive_buffer in cell top_level_20250912_nosc (1) makes a better match
Making another compare attempt.

Class top_level_20250912_nosc (0):  Merged 306 parallel devices.
Subcircuit summary:
Circuit 1: top_level_20250912_nosc         |Circuit 2: top_level_20250912_nosc         
-------------------------------------------|-------------------------------------------
asc_drive_buffer_up (1)                    |asc_drive_buffer_up (1)                    
pfet_03v3 (1148->1040)                     |pfet_03v3 (1040)                           
nfet_03v3 (1238->1040)                     |nfet_03v3 (1040)                           
asc_lock_detector_20250826 (1)             |asc_lock_detector_20250826 (1)             
xp_programmable_basic_pump (1)             |xp_programmable_basic_pump (1)             
BIAS (1)                                   |BIAS (1)                                   
asc_PFD_DFF_20250831 (2)                   |asc_PFD_DFF_20250831 (2)                   
CSRVCO_20250823 (1)                        |CSRVCO_20250823 (1)                        
Number of devices: 2087                    |Number of devices: 2087                    
Number of nets: 1055                       |Number of nets: 1055                       
---------------------------------------------------------------------------------------
Netlists match uniquely.

Subcircuit pins:
Circuit 1: top_level_20250912_nosc         |Circuit 2: top_level_20250912_nosc         
-------------------------------------------|-------------------------------------------
filter_in                                  |filter_in                                  
cp_s4                                      |cp_s4                                      
cp_s3                                      |cp_s3                                      
cp_s2                                      |cp_s2                                      
cp_s1                                      |cp_s1                                      
i_cp_100u                                  |i_cp_100u                                  
mx_pfd_s0                                  |mx_pfd_s0                                  
mx_pfd_s1                                  |mx_pfd_s1                                  
filter_out                                 |filter_out                                 
mx_vco_s0                                  |mx_vco_s0                                  
mx_vco_s1                                  |mx_vco_s1                                  
mx_ref_s0                                  |mx_ref_s0                                  
mx_ref_s1                                  |mx_ref_s1                                  
vdd                                        |vdd                                        
ext_pfd_down                               |ext_pfd_down                               
ext_pfd_div                                |ext_pfd_div                                
ext_pfd_ref                                |ext_pfd_ref                                
ext_pfd_up                                 |ext_pfd_up                                 
div_def                                    |div_def                                    
up                                         |up                                         
lock                                       |lock                                       
div_out                                    |div_out                                    
out                                        |out                                        
down                                       |down                                       
div_in                                     |div_in                                     
ext_vco_in                                 |ext_vco_in                                 
ext_vco_out                                |ext_vco_out                                
div_rpc_s8                                 |div_rpc_s8                                 
div_rsc_s8                                 |div_rsc_s8                                 
div_swc_s8                                 |div_swc_s8                                 
div_prc_s8                                 |div_prc_s8                                 
div_rsc_s7                                 |div_rsc_s7                                 
div_rpc_s7                                 |div_rpc_s7                                 
div_swc_s7                                 |div_swc_s7                                 
div_prc_s7                                 |div_prc_s7                                 
div_rsc_s3                                 |div_rsc_s3                                 
div_rpc_s3                                 |div_rpc_s3                                 
div_swc_s3                                 |div_swc_s3                                 
div_prc_s3                                 |div_prc_s3                                 
div_rsc_s5                                 |div_rsc_s5                                 
div_rpc_s5                                 |div_rpc_s5                                 
div_swc_s5                                 |div_swc_s5                                 
div_prc_s5                                 |div_prc_s5                                 
div_rsc_s1                                 |div_rsc_s1                                 
div_rpc_s1                                 |div_rpc_s1                                 
div_swc_s1                                 |div_swc_s1                                 
div_prc_s1                                 |div_prc_s1                                 
div_rsc_s6                                 |div_rsc_s6                                 
div_rpc_s6                                 |div_rpc_s6                                 
div_swc_s6                                 |div_swc_s6                                 
div_prc_s6                                 |div_prc_s6                                 
div_rsc_s2                                 |div_rsc_s2                                 
div_rpc_s2                                 |div_rpc_s2                                 
div_swc_s2                                 |div_swc_s2                                 
div_prc_s2                                 |div_prc_s2                                 
div_rsc_s4                                 |div_rsc_s4                                 
div_rpc_s4                                 |div_rpc_s4                                 
div_swc_s4                                 |div_swc_s4                                 
div_prc_s4                                 |div_prc_s4                                 
div_rsc_s0                                 |div_rsc_s0                                 
div_rpc_s0                                 |div_rpc_s0                                 
div_swc_s0                                 |div_swc_s0                                 
div_prc_s0                                 |div_prc_s0                                 
ref                                        |ref                                        
vss                                        |vss                                        
---------------------------------------------------------------------------------------
Cell pin lists are equivalent.
Device classes top_level_20250912_nosc and top_level_20250912_nosc are equivalent.

Final result: Circuits match uniquely.
.
