
Circuit 1 cell nfet_03v3 and Circuit 2 cell nfet_03v3 are black boxes.
Warning: Equate pins:  cell nfet_03v3 is a placeholder, treated as a black box.
Warning: Equate pins:  cell nfet_03v3 is a placeholder, treated as a black box.

Subcircuit pins:
Circuit 1: nfet_03v3                       |Circuit 2: nfet_03v3                       
-------------------------------------------|-------------------------------------------
1                                          |1                                          
2                                          |2                                          
3                                          |3                                          
4                                          |4                                          
---------------------------------------------------------------------------------------
Cell pin lists are equivalent.
Device classes nfet_03v3 and nfet_03v3 are equivalent.

Circuit 1 cell pfet_03v3 and Circuit 2 cell pfet_03v3 are black boxes.
Warning: Equate pins:  cell pfet_03v3 is a placeholder, treated as a black box.
Warning: Equate pins:  cell pfet_03v3 is a placeholder, treated as a black box.

Subcircuit pins:
Circuit 1: pfet_03v3                       |Circuit 2: pfet_03v3                       
-------------------------------------------|-------------------------------------------
1                                          |1                                          
2                                          |2                                          
3                                          |3                                          
4                                          |4                                          
---------------------------------------------------------------------------------------
Cell pin lists are equivalent.
Device classes pfet_03v3 and pfet_03v3 are equivalent.

Circuit 1 cell nfet_05v0 and Circuit 2 cell nfet_05v0 are black boxes.
Warning: Equate pins:  cell nfet_05v0 is a placeholder, treated as a black box.
Warning: Equate pins:  cell nfet_05v0 is a placeholder, treated as a black box.

Subcircuit pins:
Circuit 1: nfet_05v0                       |Circuit 2: nfet_05v0                       
-------------------------------------------|-------------------------------------------
1                                          |1                                          
2                                          |2                                          
3                                          |3                                          
4                                          |4                                          
---------------------------------------------------------------------------------------
Cell pin lists are equivalent.
Device classes nfet_05v0 and nfet_05v0 are equivalent.

Circuit 1 cell pfet_05v0 and Circuit 2 cell pfet_05v0 are black boxes.
Warning: Equate pins:  cell pfet_05v0 is a placeholder, treated as a black box.
Warning: Equate pins:  cell pfet_05v0 is a placeholder, treated as a black box.

Subcircuit pins:
Circuit 1: pfet_05v0                       |Circuit 2: pfet_05v0                       
-------------------------------------------|-------------------------------------------
1                                          |1                                          
2                                          |2                                          
3                                          |3                                          
4                                          |4                                          
---------------------------------------------------------------------------------------
Cell pin lists are equivalent.
Device classes pfet_05v0 and pfet_05v0 are equivalent.

Circuit 1 cell cap_mim_2f0_m4m5_noshield and Circuit 2 cell cap_mim_2f0fF are black boxes.
Warning: Equate pins:  cell cap_mim_2f0_m4m5_noshield is a placeholder, treated as a black box.
Warning: Equate pins:  cell cap_mim_2f0fF is a placeholder, treated as a black box.

Subcircuit pins:
Circuit 1: cap_mim_2f0_m4m5_noshield       |Circuit 2: cap_mim_2f0fF                   
-------------------------------------------|-------------------------------------------
1                                          |1                                          
2                                          |2                                          
---------------------------------------------------------------------------------------
Cell pin lists are equivalent.
Device classes cap_mim_2f0_m4m5_noshield and cap_mim_2f0fF are equivalent.

Circuit 1 cell ppolyf_u and Circuit 2 cell ppolyf_u are black boxes.
Warning: Equate pins:  cell ppolyf_u is a placeholder, treated as a black box.
Warning: Equate pins:  cell ppolyf_u is a placeholder, treated as a black box.

Subcircuit pins:
Circuit 1: ppolyf_u                        |Circuit 2: ppolyf_u                        
-------------------------------------------|-------------------------------------------
1                                          |1                                          
2                                          |2                                          
3                                          |3                                          
---------------------------------------------------------------------------------------
Cell pin lists are equivalent.
Device classes ppolyf_u and ppolyf_u are equivalent.
Flattening unmatched subcell pfet$208 in circuit asc_drive_buffer (0)(1 instance)
Flattening unmatched subcell pfet$206 in circuit asc_drive_buffer (0)(1 instance)
Flattening unmatched subcell nfet$221 in circuit asc_drive_buffer (0)(1 instance)
Flattening unmatched subcell nfet$219 in circuit asc_drive_buffer (0)(1 instance)
Flattening unmatched subcell pfet$209 in circuit asc_drive_buffer (0)(1 instance)
Flattening unmatched subcell pfet$207 in circuit asc_drive_buffer (0)(1 instance)
Flattening unmatched subcell nfet$222 in circuit asc_drive_buffer (0)(1 instance)
Flattening unmatched subcell nfet$220 in circuit asc_drive_buffer (0)(1 instance)

Class asc_drive_buffer (0):  Merged 20 parallel devices.
Subcircuit summary:
Circuit 1: asc_drive_buffer                |Circuit 2: asc_drive_buffer                
-------------------------------------------|-------------------------------------------
pfet_03v3 (14->4)                          |pfet_03v3 (4)                              
nfet_03v3 (14->4)                          |nfet_03v3 (4)                              
Number of devices: 8                       |Number of devices: 8                       
Number of nets: 7                          |Number of nets: 7                          
---------------------------------------------------------------------------------------
Netlists match uniquely.

Subcircuit pins:
Circuit 1: asc_drive_buffer                |Circuit 2: asc_drive_buffer                
-------------------------------------------|-------------------------------------------
in                                         |in                                         
out                                        |out                                        
vdd                                        |vdd                                        
vss                                        |vss                                        
---------------------------------------------------------------------------------------
Cell pin lists are equivalent.
Device classes asc_drive_buffer and asc_drive_buffer are equivalent.
Flattening unmatched subcell pfet$139 in circuit qw_NOLclk (0)(4 instances)
Flattening unmatched subcell nfet$147 in circuit qw_NOLclk (0)(4 instances)
Flattening unmatched subcell pfet$137 in circuit qw_NOLclk (0)(4 instances)
Flattening unmatched subcell nfet$145 in circuit qw_NOLclk (0)(2 instances)
Flattening unmatched subcell nfet$148 in circuit qw_NOLclk (0)(4 instances)
Flattening unmatched subcell pfet$138 in circuit qw_NOLclk (0)(4 instances)
Flattening unmatched subcell nfet$146 in circuit qw_NOLclk (0)(4 instances)
Flattening unmatched subcell pfet$136 in circuit qw_NOLclk (0)(2 instances)
Flattening unmatched subcell SmallW_Linv in circuit qw_NOLclk (1)(2 instances)
Flattening unmatched subcell SmallW_Linv_2 in circuit qw_NOLclk (1)(4 instances)
Flattening unmatched subcell inv1u05u in circuit qw_NOLclk (1)(4 instances)
Flattening unmatched subcell asc_NAND in circuit qw_NOLclk (1)(2 instances)

Class qw_NOLclk (0):  Merged 4 parallel devices.
Subcircuit summary:
Circuit 1: qw_NOLclk                       |Circuit 2: qw_NOLclk                       
-------------------------------------------|-------------------------------------------
pfet_03v3 (14)                             |pfet_03v3 (14)                             
nfet_03v3 (18->14)                         |nfet_03v3 (14)                             
Number of devices: 28                      |Number of devices: 28                      
Number of nets: 17                         |Number of nets: 17                         
---------------------------------------------------------------------------------------
Netlists match uniquely.

Subcircuit pins:
Circuit 1: qw_NOLclk                       |Circuit 2: qw_NOLclk                       
-------------------------------------------|-------------------------------------------
CLK                                        |CLK                                        
VSSd                                       |VSSd                                       
PHI_2                                      |PHI_2                                      
PHI_1                                      |PHI_1                                      
VDDd                                       |VDDd                                       
---------------------------------------------------------------------------------------
Cell pin lists are equivalent.
Device classes qw_NOLclk and qw_NOLclk are equivalent.
Flattening unmatched subcell pfet$118 in circuit PCP1248X (0)(12 instances)
Flattening unmatched subcell nfet$126 in circuit PCP1248X (0)(12 instances)
Flattening unmatched subcell nfet$122 in circuit PCP1248X (0)(37 instances)
Flattening unmatched subcell pfet$116 in circuit PCP1248X (0)(12 instances)
Flattening unmatched subcell nfet$124 in circuit PCP1248X (0)(4 instances)
Flattening unmatched subcell pfet$114 in circuit PCP1248X (0)(36 instances)
Flattening unmatched subcell cap_mim$2 in circuit PCP1248X (0)(3 instances)
Flattening unmatched subcell OTAforChargePump$1 in circuit PCP1248X (0)(1 instance)
Flattening unmatched subcell nfet$119 in circuit PCP1248X (0)(4 instances)
Flattening unmatched subcell pfet$112 in circuit PCP1248X (0)(12 instances)
Flattening unmatched subcell nfet$120 in circuit PCP1248X (0)(2 instances)
Flattening unmatched subcell pfet$113 in circuit PCP1248X (0)(6 instances)
Flattening unmatched subcell pfet$119 in circuit PCP1248X (0)(1 instance)
Flattening unmatched subcell nfet$127 in circuit PCP1248X (0)(1 instance)
Flattening unmatched subcell pfet$117 in circuit PCP1248X (0)(4 instances)
Flattening unmatched subcell nfet$125 in circuit PCP1248X (0)(4 instances)
Flattening unmatched subcell pfet$115 in circuit PCP1248X (0)(6 instances)
Flattening unmatched subcell nfet$123 in circuit PCP1248X (0)(3 instances)
Flattening unmatched subcell nfet$121 in circuit PCP1248X (0)(12 instances)
Flattening unmatched subcell ppolyf_u_resistor$1 in circuit PCP1248X (0)(6 instances)
Flattening unmatched subcell OTAforChargePump in circuit PCP1248X (1)(1 instance)
Flattening unmatched subcell inv1u05u in circuit PCP1248X (1)(4 instances)
Flattening unmatched subcell TG in circuit PCP1248X (1)(8 instances)

Class PCP1248X (0):  Merged 589 parallel devices.
Class PCP1248X (0):  Merged 5 series devices.
Class PCP1248X (1):  Merged 8 parallel devices.
Class PCP1248X (1):  Merged 5 series devices.
Subcircuit summary:
Circuit 1: PCP1248X                        |Circuit 2: PCP1248X                        
-------------------------------------------|-------------------------------------------
pfet_03v3 (432->37)                        |pfet_03v3 (89->37)                         
nfet_03v3 (230->36)                        |nfet_03v3 (79->36)                         
cap_mim_2f0_m4m5_noshield (3)              |cap_mim_2f0fF (3)                          
ppolyf_u (6->1)                            |ppolyf_u (6->1)                            
Number of devices: 77                      |Number of devices: 77                      
Number of nets: 43                         |Number of nets: 43                         
---------------------------------------------------------------------------------------
Resolving symmetries by property value.
Netlists match uniquely.

Subcircuit pins:
Circuit 1: PCP1248X                        |Circuit 2: PCP1248X                        
-------------------------------------------|-------------------------------------------
down                                       |down                                       
up                                         |up                                         
vin                                        |vin                                        
iref200u                                   |iref200u                                   
s0                                         |s0                                         
s1                                         |s1                                         
s2                                         |s2                                         
s3                                         |s3                                         
out                                        |out                                        
vss                                        |vss                                        
vdd                                        |vdd                                        
---------------------------------------------------------------------------------------
Cell pin lists are equivalent.
Device classes PCP1248X and PCP1248X are equivalent.
Flattening unmatched subcell nfet$13 in circuit SRLATCH (0)(4 instances)
Flattening unmatched subcell pfet$12 in circuit SRLATCH (0)(4 instances)
Flattening unmatched subcell NOR in circuit SRLATCH (1)(2 instances)

Subcircuit summary:
Circuit 1: SRLATCH                         |Circuit 2: SRLATCH                         
-------------------------------------------|-------------------------------------------
nfet_03v3 (4)                              |nfet_03v3 (4)                              
pfet_03v3 (4)                              |pfet_03v3 (4)                              
Number of devices: 8                       |Number of devices: 8                       
Number of nets: 8                          |Number of nets: 8                          
---------------------------------------------------------------------------------------
Netlists match uniquely.

Subcircuit pins:
Circuit 1: SRLATCH                         |Circuit 2: SRLATCH                         
-------------------------------------------|-------------------------------------------
vdd                                        |vdd                                        
s                                          |s                                          
r                                          |r                                          
qb                                         |qb                                         
q                                          |q                                          
vss                                        |vss                                        
---------------------------------------------------------------------------------------
Cell pin lists are equivalent.
Device classes SRLATCH and SRLATCH are equivalent.
Flattening unmatched subcell nfet$128 in circuit Ncomparator (0)(4 instances)
Flattening unmatched subcell nfet$131 in circuit Ncomparator (0)(2 instances)
Flattening unmatched subcell pfet$121 in circuit Ncomparator (0)(4 instances)
Flattening unmatched subcell nfet$129 in circuit Ncomparator (0)(1 instance)
Flattening unmatched subcell pfet$122 in circuit Ncomparator (0)(4 instances)
Flattening unmatched subcell nfet$130 in circuit Ncomparator (0)(6 instances)
Flattening unmatched subcell pfet$120 in circuit Ncomparator (0)(4 instances)

Class Ncomparator (0):  Merged 71 parallel devices.
Subcircuit summary:
Circuit 1: Ncomparator                     |Circuit 2: Ncomparator                     
-------------------------------------------|-------------------------------------------
nfet_03v3 (42->7)                          |nfet_03v3 (13->7)                          
pfet_03v3 (40->4)                          |pfet_03v3 (12->4)                          
Number of devices: 11                      |Number of devices: 11                      
Number of nets: 9                          |Number of nets: 9                          
---------------------------------------------------------------------------------------
Netlists match uniquely.

Subcircuit pins:
Circuit 1: Ncomparator                     |Circuit 2: Ncomparator                     
-------------------------------------------|-------------------------------------------
out                                        |out                                        
vdd                                        |vdd                                        
vss                                        |vss                                        
inn                                        |inn                                        
inp                                        |inp                                        
iref                                       |iref                                       
---------------------------------------------------------------------------------------
Cell pin lists are equivalent.
Device classes Ncomparator and Ncomparator are equivalent.
Flattening unmatched subcell pfet$125 in circuit Pcomparator (0)(4 instances)
Flattening unmatched subcell nfet$133 in circuit Pcomparator (0)(2 instances)
Flattening unmatched subcell pfet$123 in circuit Pcomparator (0)(2 instances)
Flattening unmatched subcell pfet$124 in circuit Pcomparator (0)(14 instances)
Flattening unmatched subcell nfet$134 in circuit Pcomparator (0)(4 instances)
Flattening unmatched subcell nfet$132 in circuit Pcomparator (0)(1 instance)

Class Pcomparator (0):  Merged 89 parallel devices.
Subcircuit summary:
Circuit 1: Pcomparator                     |Circuit 2: Pcomparator                     
-------------------------------------------|-------------------------------------------
pfet_03v3 (76->7)                          |pfet_03v3 (20->7)                          
nfet_03v3 (24->4)                          |nfet_03v3 (7->4)                           
Number of devices: 11                      |Number of devices: 11                      
Number of nets: 9                          |Number of nets: 9                          
---------------------------------------------------------------------------------------
Netlists match uniquely.

Subcircuit pins:
Circuit 1: Pcomparator                     |Circuit 2: Pcomparator                     
-------------------------------------------|-------------------------------------------
inn                                        |inn                                        
inp                                        |inp                                        
iref                                       |iref                                       
out                                        |out                                        
vss                                        |vss                                        
vdd                                        |vdd                                        
---------------------------------------------------------------------------------------
Cell pin lists are equivalent.
Device classes Pcomparator and Pcomparator are equivalent.
Flattening unmatched subcell nfet$136 in circuit SCHMITT (0)(1 instance)
Flattening unmatched subcell pfet$126 in circuit SCHMITT (0)(2 instances)
Flattening unmatched subcell pfet$127 in circuit SCHMITT (0)(1 instance)
Flattening unmatched subcell nfet$135 in circuit SCHMITT (0)(2 instances)

Subcircuit summary:
Circuit 1: SCHMITT                         |Circuit 2: SCHMITT                         
-------------------------------------------|-------------------------------------------
nfet_03v3 (3)                              |nfet_03v3 (3)                              
pfet_03v3 (3)                              |pfet_03v3 (3)                              
Number of devices: 6                       |Number of devices: 6                       
Number of nets: 6                          |Number of nets: 6                          
---------------------------------------------------------------------------------------
Netlists match uniquely.

Subcircuit pins:
Circuit 1: SCHMITT                         |Circuit 2: SCHMITT                         
-------------------------------------------|-------------------------------------------
VSS                                        |VSS                                        
VDD                                        |VDD                                        
OUT                                        |OUT                                        
IN                                         |IN                                         
---------------------------------------------------------------------------------------
Cell pin lists are equivalent.
Device classes SCHMITT and SCHMITT are equivalent.
Flattening unmatched subcell pfet$203 in circuit asc_drive_buffer_up (0)(1 instance)
Flattening unmatched subcell pfet$201 in circuit asc_drive_buffer_up (0)(1 instance)
Flattening unmatched subcell nfet$218 in circuit asc_drive_buffer_up (0)(1 instance)
Flattening unmatched subcell nfet$216 in circuit asc_drive_buffer_up (0)(1 instance)
Flattening unmatched subcell nfet$214 in circuit asc_drive_buffer_up (0)(1 instance)
Flattening unmatched subcell pfet$204 in circuit asc_drive_buffer_up (0)(1 instance)
Flattening unmatched subcell pfet$202 in circuit asc_drive_buffer_up (0)(1 instance)
Flattening unmatched subcell nfet$217 in circuit asc_drive_buffer_up (0)(1 instance)
Flattening unmatched subcell nfet$215 in circuit asc_drive_buffer_up (0)(1 instance)
Flattening unmatched subcell pfet$205 in circuit asc_drive_buffer_up (0)(1 instance)

Class asc_drive_buffer_up (0):  Merged 20 parallel devices.
Subcircuit summary:
Circuit 1: asc_drive_buffer_up             |Circuit 2: asc_drive_buffer_up             
-------------------------------------------|-------------------------------------------
pfet_03v3 (15->5)                          |pfet_03v3 (5)                              
nfet_03v3 (15->5)                          |nfet_03v3 (5)                              
Number of devices: 10                      |Number of devices: 10                      
Number of nets: 8                          |Number of nets: 8                          
---------------------------------------------------------------------------------------
Netlists match uniquely.

Subcircuit pins:
Circuit 1: asc_drive_buffer_up             |Circuit 2: asc_drive_buffer_up             
-------------------------------------------|-------------------------------------------
in                                         |in                                         
out                                        |out                                        
vdd                                        |vdd                                        
vss                                        |vss                                        
---------------------------------------------------------------------------------------
Cell pin lists are equivalent.
Device classes asc_drive_buffer_up and asc_drive_buffer_up are equivalent.
Flattening unmatched subcell nfet$169 in circuit asc_dual_psd_def_20250809 (0)(28 instances)
Flattening unmatched subcell pfet$159 in circuit asc_dual_psd_def_20250809 (0)(8 instances)
Flattening unmatched subcell pfet$166 in circuit asc_dual_psd_def_20250809 (0)(14 instances)
Flattening unmatched subcell nfet$154 in circuit asc_dual_psd_def_20250809 (0)(18 instances)
Flattening unmatched subcell nfet$170 in circuit asc_dual_psd_def_20250809 (0)(18 instances)
Flattening unmatched subcell nfet$172 in circuit asc_dual_psd_def_20250809 (0)(8 instances)
Flattening unmatched subcell nfet$158 in circuit asc_dual_psd_def_20250809 (0)(14 instances)
Flattening unmatched subcell pfet$142 in circuit asc_dual_psd_def_20250809 (0)(36 instances)
Flattening unmatched subcell pfet$164 in circuit asc_dual_psd_def_20250809 (0)(8 instances)
Flattening unmatched subcell nfet$149 in circuit asc_dual_psd_def_20250809 (0)(28 instances)
Flattening unmatched subcell nfet$151 in circuit asc_dual_psd_def_20250809 (0)(18 instances)
Flattening unmatched subcell pfet$155 in circuit asc_dual_psd_def_20250809 (0)(2 instances)
Flattening unmatched subcell nfet$163 in circuit asc_dual_psd_def_20250809 (0)(8 instances)
Flattening unmatched subcell pfet$162 in circuit asc_dual_psd_def_20250809 (0)(8 instances)
Flattening unmatched subcell pfet$148 in circuit asc_dual_psd_def_20250809 (0)(14 instances)
Flattening unmatched subcell pfet$141 in circuit asc_dual_psd_def_20250809 (0)(111 instances)
Flattening unmatched subcell nfet$162 in circuit asc_dual_psd_def_20250809 (0)(18 instances)
Flattening unmatched subcell pfet$145 in circuit asc_dual_psd_def_20250809 (0)(14 instances)
Flattening unmatched subcell nfet$156 in circuit asc_dual_psd_def_20250809 (0)(3 instances)
Flattening unmatched subcell pfet$160 in circuit asc_dual_psd_def_20250809 (0)(1 instance)
Flattening unmatched subcell pfet$153 in circuit asc_dual_psd_def_20250809 (0)(3 instances)
Flattening unmatched subcell nfet$179 in circuit asc_dual_psd_def_20250809 (0)(8 instances)
Flattening unmatched subcell nfet$161 in circuit asc_dual_psd_def_20250809 (0)(8 instances)
Flattening unmatched subcell pfet$146 in circuit asc_dual_psd_def_20250809 (0)(18 instances)
Flattening unmatched subcell pfet$140 in circuit asc_dual_psd_def_20250809 (0)(111 instances)
Flattening unmatched subcell nfet$184 in circuit asc_dual_psd_def_20250809 (0)(2 instances)
Flattening unmatched subcell pfet$169 in circuit asc_dual_psd_def_20250809 (0)(3 instances)
Flattening unmatched subcell pfet$151 in circuit asc_dual_psd_def_20250809 (0)(8 instances)
Flattening unmatched subcell nfet$177 in circuit asc_dual_psd_def_20250809 (0)(14 instances)
Flattening unmatched subcell nfet$152 in circuit asc_dual_psd_def_20250809 (0)(18 instances)
Flattening unmatched subcell pfet$144 in circuit asc_dual_psd_def_20250809 (0)(18 instances)
Flattening unmatched subcell nfet$155 in circuit asc_dual_psd_def_20250809 (0)(18 instances)
Flattening unmatched subcell nfet$182 in circuit asc_dual_psd_def_20250809 (0)(3 instances)
Flattening unmatched subcell pfet$167 in circuit asc_dual_psd_def_20250809 (0)(2 instances)
Flattening unmatched subcell nfet$175 in circuit asc_dual_psd_def_20250809 (0)(2 instances)
Flattening unmatched subcell nfet$168 in circuit asc_dual_psd_def_20250809 (0)(2 instances)
Flattening unmatched subcell pfet$143 in circuit asc_dual_psd_def_20250809 (0)(36 instances)
Flattening unmatched subcell pfet$172 in circuit asc_dual_psd_def_20250809 (0)(1 instance)
Flattening unmatched subcell nfet$150 in circuit asc_dual_psd_def_20250809 (0)(83 instances)
Flattening unmatched subcell nfet$180 in circuit asc_dual_psd_def_20250809 (0)(2 instances)
Flattening unmatched subcell pfet$165 in circuit asc_dual_psd_def_20250809 (0)(8 instances)
Flattening unmatched subcell nfet$153 in circuit asc_dual_psd_def_20250809 (0)(83 instances)
Flattening unmatched subcell nfet$173 in circuit asc_dual_psd_def_20250809 (0)(8 instances)
Flattening unmatched subcell pfet$158 in circuit asc_dual_psd_def_20250809 (0)(8 instances)
Flattening unmatched subcell nfet$166 in circuit asc_dual_psd_def_20250809 (0)(4 instances)
Flattening unmatched subcell pfet$170 in circuit asc_dual_psd_def_20250809 (0)(5 instances)
Flattening unmatched subcell nfet$159 in circuit asc_dual_psd_def_20250809 (0)(8 instances)
Flattening unmatched subcell pfet$163 in circuit asc_dual_psd_def_20250809 (0)(2 instances)
Flattening unmatched subcell pfet$156 in circuit asc_dual_psd_def_20250809 (0)(1 instance)
Flattening unmatched subcell nfet$171 in circuit asc_dual_psd_def_20250809 (0)(1 instance)
Flattening unmatched subcell nfet$164 in circuit asc_dual_psd_def_20250809 (0)(4 instances)
Flattening unmatched subcell pfet$149 in circuit asc_dual_psd_def_20250809 (0)(8 instances)
Flattening unmatched subcell nfet$157 in circuit asc_dual_psd_def_20250809 (0)(14 instances)
Flattening unmatched subcell pfet$161 in circuit asc_dual_psd_def_20250809 (0)(2 instances)
Flattening unmatched subcell pfet$154 in circuit asc_dual_psd_def_20250809 (0)(5 instances)
Flattening unmatched subcell pfet$147 in circuit asc_dual_psd_def_20250809 (0)(3 instances)
Flattening unmatched subcell nfet$185 in circuit asc_dual_psd_def_20250809 (0)(1 instance)
Flattening unmatched subcell pfet$152 in circuit asc_dual_psd_def_20250809 (0)(8 instances)
Flattening unmatched subcell nfet$178 in circuit asc_dual_psd_def_20250809 (0)(8 instances)
Flattening unmatched subcell nfet$160 in circuit asc_dual_psd_def_20250809 (0)(3 instances)
Flattening unmatched subcell nfet$183 in circuit asc_dual_psd_def_20250809 (0)(2 instances)
Flattening unmatched subcell pfet$168 in circuit asc_dual_psd_def_20250809 (0)(4 instances)
Flattening unmatched subcell pfet$150 in circuit asc_dual_psd_def_20250809 (0)(1 instance)
Flattening unmatched subcell nfet$176 in circuit asc_dual_psd_def_20250809 (0)(10 instances)
Flattening unmatched subcell nfet$181 in circuit asc_dual_psd_def_20250809 (0)(4 instances)
Flattening unmatched subcell nfet$174 in circuit asc_dual_psd_def_20250809 (0)(2 instances)
Flattening unmatched subcell nfet$167 in circuit asc_dual_psd_def_20250809 (0)(1 instance)
Flattening unmatched subcell pfet$171 in circuit asc_dual_psd_def_20250809 (0)(1 instance)
Flattening unmatched subcell pfet$157 in circuit asc_dual_psd_def_20250809 (0)(3 instances)
Flattening unmatched subcell nfet$165 in circuit asc_dual_psd_def_20250809 (0)(1 instance)
Flattening unmatched subcell asc_OR in circuit asc_dual_psd_def_20250809 (1)(1 instance)
Flattening unmatched subcell asc_NOR in circuit asc_dual_psd_def_20250809 (1)(1 instance)
Flattening unmatched subcell inv1u05u in circuit asc_dual_psd_def_20250809 (1)(1 instance)
Flattening unmatched subcell asc_swallow_counter_20250809 in circuit asc_dual_psd_def_20250809 (1)(1 instance)
Flattening unmatched subcell asc_SR_latch in circuit asc_dual_psd_def_20250809 (1)(1 instance)
Flattening unmatched subcell asc_NOR in circuit asc_dual_psd_def_20250809 (1)(2 instances)
Flattening unmatched subcell asc_9_bit_counter_20250809 in circuit asc_dual_psd_def_20250809 (1)(2 instances)
Flattening unmatched subcell asc_XNOR in circuit asc_dual_psd_def_20250809 (1)(18 instances)
Flattening unmatched subcell inv1u05u in circuit asc_dual_psd_def_20250809 (1)(54 instances)
Flattening unmatched subcell asc_dff_rst in circuit asc_dual_psd_def_20250809 (1)(18 instances)
Flattening unmatched subcell inv1u05u in circuit asc_dual_psd_def_20250809 (1)(126 instances)
Flattening unmatched subcell pass1u05u in circuit asc_dual_psd_def_20250809 (1)(72 instances)
Flattening unmatched subcell asc_NAND in circuit asc_dual_psd_def_20250809 (1)(36 instances)
Flattening unmatched subcell asc_AND_9_20250809 in circuit asc_dual_psd_def_20250809 (1)(2 instances)
Flattening unmatched subcell asc_AND in circuit asc_dual_psd_def_20250809 (1)(4 instances)
Flattening unmatched subcell asc_NAND in circuit asc_dual_psd_def_20250809 (1)(12 instances)
Flattening unmatched subcell inv1u05u in circuit asc_dual_psd_def_20250809 (1)(4 instances)
Flattening unmatched subcell asc_NOR in circuit asc_dual_psd_def_20250809 (1)(4 instances)
Flattening unmatched subcell asc_dual_mod_pre_2_3_20250809 in circuit asc_dual_psd_def_20250809 (1)(1 instance)
Flattening unmatched subcell asc_OR in circuit asc_dual_psd_def_20250809 (1)(1 instance)
Flattening unmatched subcell asc_NOR in circuit asc_dual_psd_def_20250809 (1)(1 instance)
Flattening unmatched subcell inv1u05u in circuit asc_dual_psd_def_20250809 (1)(1 instance)
Flattening unmatched subcell asc_AND in circuit asc_dual_psd_def_20250809 (1)(1 instance)
Flattening unmatched subcell asc_NAND in circuit asc_dual_psd_def_20250809 (1)(1 instance)
Flattening unmatched subcell inv1u05u in circuit asc_dual_psd_def_20250809 (1)(1 instance)
Flattening unmatched subcell asc_dff_rst in circuit asc_dual_psd_def_20250809 (1)(2 instances)
Flattening unmatched subcell inv1u05u in circuit asc_dual_psd_def_20250809 (1)(14 instances)
Flattening unmatched subcell pass1u05u in circuit asc_dual_psd_def_20250809 (1)(8 instances)
Flattening unmatched subcell asc_NAND in circuit asc_dual_psd_def_20250809 (1)(4 instances)

Class asc_dual_psd_def_20250809 (0):  Merged 266 parallel devices.
Subcircuit summary:
Circuit 1: asc_dual_psd_def_20250809       |Circuit 2: asc_dual_psd_def_20250809       
-------------------------------------------|-------------------------------------------
nfet_03v3 (653->475)                       |nfet_03v3 (475)                            
pfet_03v3 (563->475)                       |pfet_03v3 (475)                            
Number of devices: 950                     |Number of devices: 950                     
Number of nets: 475                        |Number of nets: 475                        
---------------------------------------------------------------------------------------
Netlists match uniquely.

Subcircuit pins:
Circuit 1: asc_dual_psd_def_20250809       |Circuit 2: asc_dual_psd_def_20250809       
-------------------------------------------|-------------------------------------------
fin                                        |fin                                        
fout                                       |fout                                       
vdd                                        |vdd                                        
define                                     |define                                     
pd9                                        |pd9                                        
sd9                                        |sd9                                        
sd8                                        |sd8                                        
pd8                                        |pd8                                        
sd4                                        |sd4                                        
pd4                                        |pd4                                        
sd6                                        |sd6                                        
pd6                                        |pd6                                        
pd2                                        |pd2                                        
sd2                                        |sd2                                        
sd7                                        |sd7                                        
pd7                                        |pd7                                        
sd3                                        |sd3                                        
pd3                                        |pd3                                        
pd5                                        |pd5                                        
sd5                                        |sd5                                        
sd1                                        |sd1                                        
pd1                                        |pd1                                        
vss                                        |vss                                        
---------------------------------------------------------------------------------------
Cell pin lists are equivalent.
Device classes asc_dual_psd_def_20250809 and asc_dual_psd_def_20250809 are equivalent.
Flattening unmatched subcell nfet$197 in circuit asc_lock_detector_20250826 (0)(8 instances)
Flattening unmatched subcell pfet$189 in circuit asc_lock_detector_20250826 (0)(8 instances)
Flattening unmatched subcell pfet$187 in circuit asc_lock_detector_20250826 (0)(8 instances)
Flattening unmatched subcell pfet$185 in circuit asc_lock_detector_20250826 (0)(8 instances)
Flattening unmatched subcell pfet$192 in circuit asc_lock_detector_20250826 (0)(3 instances)
Flattening unmatched subcell nfet$206 in circuit asc_lock_detector_20250826 (0)(14 instances)
Flattening unmatched subcell pfet$190 in circuit asc_lock_detector_20250826 (0)(8 instances)
Flattening unmatched subcell nfet$211 in circuit asc_lock_detector_20250826 (0)(1 instance)
Flattening unmatched subcell nfet$204 in circuit asc_lock_detector_20250826 (0)(8 instances)
Flattening unmatched subcell nfet$202 in circuit asc_lock_detector_20250826 (0)(3 instances)
Flattening unmatched subcell pfet$197 in circuit asc_lock_detector_20250826 (0)(2 instances)
Flattening unmatched subcell nfet$200 in circuit asc_lock_detector_20250826 (0)(3 instances)
Flattening unmatched subcell nfet$198 in circuit asc_lock_detector_20250826 (0)(8 instances)
Flattening unmatched subcell pfet$195 in circuit asc_lock_detector_20250826 (0)(2 instances)
Flattening unmatched subcell pfet$188 in circuit asc_lock_detector_20250826 (0)(14 instances)
Flattening unmatched subcell nfet$209 in circuit asc_lock_detector_20250826 (0)(1 instance)
Flattening unmatched subcell pfet$193 in circuit asc_lock_detector_20250826 (0)(3 instances)
Flattening unmatched subcell pfet$186 in circuit asc_lock_detector_20250826 (0)(8 instances)
Flattening unmatched subcell nfet$207 in circuit asc_lock_detector_20250826 (0)(3 instances)
Flattening unmatched subcell pfet$191 in circuit asc_lock_detector_20250826 (0)(3 instances)
Flattening unmatched subcell pfet$184 in circuit asc_lock_detector_20250826 (0)(8 instances)
Flattening unmatched subcell nfet$205 in circuit asc_lock_detector_20250826 (0)(8 instances)
Flattening unmatched subcell nfet$210 in circuit asc_lock_detector_20250826 (0)(2 instances)
Flattening unmatched subcell nfet$203 in circuit asc_lock_detector_20250826 (0)(8 instances)
Flattening unmatched subcell pfet$198 in circuit asc_lock_detector_20250826 (0)(1 instance)
Flattening unmatched subcell nfet$201 in circuit asc_lock_detector_20250826 (0)(3 instances)
Flattening unmatched subcell nfet$199 in circuit asc_lock_detector_20250826 (0)(8 instances)
Flattening unmatched subcell pfet$196 in circuit asc_lock_detector_20250826 (0)(1 instance)
Flattening unmatched subcell pfet$194 in circuit asc_lock_detector_20250826 (0)(3 instances)
Flattening unmatched subcell nfet$208 in circuit asc_lock_detector_20250826 (0)(2 instances)
Flattening unmatched subcell asc_AND in circuit asc_lock_detector_20250826 (1)(1 instance)
Flattening unmatched subcell asc_NAND in circuit asc_lock_detector_20250826 (1)(1 instance)
Flattening unmatched subcell inv1u05u in circuit asc_lock_detector_20250826 (1)(1 instance)
Flattening unmatched subcell asc_dff_rst in circuit asc_lock_detector_20250826 (1)(2 instances)
Flattening unmatched subcell inv1u05u in circuit asc_lock_detector_20250826 (1)(14 instances)
Flattening unmatched subcell pass1u05u in circuit asc_lock_detector_20250826 (1)(8 instances)
Flattening unmatched subcell asc_NAND in circuit asc_lock_detector_20250826 (1)(4 instances)
Flattening unmatched subcell asc_delay_LD in circuit asc_lock_detector_20250826 (1)(2 instances)
Flattening unmatched subcell asc_pulse_ex in circuit asc_lock_detector_20250826 (1)(1 instance)
Flattening unmatched subcell asc_OR in circuit asc_lock_detector_20250826 (1)(1 instance)
Flattening unmatched subcell asc_NOR in circuit asc_lock_detector_20250826 (1)(1 instance)
Flattening unmatched subcell inv1u05u in circuit asc_lock_detector_20250826 (1)(1 instance)

Flattening instances of asc_drive_buffer in cell asc_lock_detector_20250826 (1) makes a better match
Making another compare attempt.

Class asc_lock_detector_20250826 (0):  Merged 232 parallel devices.
Subcircuit summary:
Circuit 1: asc_lock_detector_20250826      |Circuit 2: asc_lock_detector_20250826      
-------------------------------------------|-------------------------------------------
nfet_03v3 (200->80)                        |nfet_03v3 (80)                             
pfet_03v3 (192->80)                        |pfet_03v3 (80)                             
Number of devices: 160                     |Number of devices: 160                     
Number of nets: 80                         |Number of nets: 80                         
---------------------------------------------------------------------------------------
Netlists match uniquely.

Subcircuit pins:
Circuit 1: asc_lock_detector_20250826      |Circuit 2: asc_lock_detector_20250826      
-------------------------------------------|-------------------------------------------
lock                                       |lock                                       
vdd                                        |vdd                                        
vss                                        |vss                                        
ref                                        |ref                                        
div                                        |div                                        
---------------------------------------------------------------------------------------
Cell pin lists are equivalent.
Device classes asc_lock_detector_20250826 and asc_lock_detector_20250826 are equivalent.
Flattening unmatched subcell nfet$213 in circuit xp_3_1_MUX (0)(2 instances)
Flattening unmatched subcell pfet$199 in circuit xp_3_1_MUX (0)(4 instances)
Flattening unmatched subcell nfet$212 in circuit xp_3_1_MUX (0)(4 instances)
Flattening unmatched subcell pfet$200 in circuit xp_3_1_MUX (0)(2 instances)
Flattening unmatched subcell pass1u05u in circuit xp_3_1_MUX (1)(4 instances)
Flattening unmatched subcell inv1u05u in circuit xp_3_1_MUX (1)(2 instances)

Subcircuit summary:
Circuit 1: xp_3_1_MUX                      |Circuit 2: xp_3_1_MUX                      
-------------------------------------------|-------------------------------------------
nfet_03v3 (6)                              |nfet_03v3 (6)                              
pfet_03v3 (6)                              |pfet_03v3 (6)                              
Number of devices: 12                      |Number of devices: 12                      
Number of nets: 11                         |Number of nets: 11                         
---------------------------------------------------------------------------------------
Netlists match uniquely.

Subcircuit pins:
Circuit 1: xp_3_1_MUX                      |Circuit 2: xp_3_1_MUX                      
-------------------------------------------|-------------------------------------------
B_1                                        |B_1                                        
A_1                                        |A_1                                        
C_1                                        |C_1                                        
VSS                                        |VSS                                        
VDD                                        |VDD                                        
S0                                         |S0                                         
S1                                         |S1                                         
OUT_1                                      |OUT_1                                      
---------------------------------------------------------------------------------------
Cell pin lists are equivalent.
Device classes xp_3_1_MUX and xp_3_1_MUX are equivalent.
Flattening unmatched subcell pass1u05u$1 in circuit xp_programmable_basic_pump (0)(8 instances)
Flattening unmatched subcell pfet$176 in circuit xp_programmable_basic_pump (0)(8 instances)
Flattening unmatched subcell nfet$189 in circuit xp_programmable_basic_pump (0)(8 instances)
Flattening unmatched subcell nfet$188 in circuit xp_programmable_basic_pump (0)(16 instances)
Flattening unmatched subcell nfet$187 in circuit xp_programmable_basic_pump (0)(14 instances)
Flattening unmatched subcell pfet$173 in circuit xp_programmable_basic_pump (0)(26 instances)
Flattening unmatched subcell pfet$178 in circuit xp_programmable_basic_pump (0)(4 instances)
Flattening unmatched subcell inv1u05u$1 in circuit xp_programmable_basic_pump (0)(4 instances)
Flattening unmatched subcell pfet$177 in circuit xp_programmable_basic_pump (0)(4 instances)
Flattening unmatched subcell nfet$190 in circuit xp_programmable_basic_pump (0)(4 instances)
Flattening unmatched subcell nfet$186 in circuit xp_programmable_basic_pump (0)(16 instances)
Flattening unmatched subcell pfet$175 in circuit xp_programmable_basic_pump (0)(24 instances)
Flattening unmatched subcell nfet$191 in circuit xp_programmable_basic_pump (0)(4 instances)
Flattening unmatched subcell pfet$174 in circuit xp_programmable_basic_pump (0)(6 instances)
Flattening unmatched subcell pass1u05u in circuit xp_programmable_basic_pump (1)(8 instances)
Flattening unmatched subcell inv1u05u in circuit xp_programmable_basic_pump (1)(4 instances)

Class xp_programmable_basic_pump (0):  Merged 284 parallel devices.
Subcircuit summary:
Circuit 1: xp_programmable_basic_pump      |Circuit 2: xp_programmable_basic_pump      
-------------------------------------------|-------------------------------------------
pfet_03v3 (232->27)                        |pfet_03v3 (72->27)                         
nfet_03v3 (108->29)                        |nfet_03v3 (62->29)                         
Number of devices: 56                      |Number of devices: 56                      
Number of nets: 34                         |Number of nets: 34                         
---------------------------------------------------------------------------------------
Resolving symmetries by property value.
Netlists match uniquely.

Subcircuit pins:
Circuit 1: xp_programmable_basic_pump      |Circuit 2: xp_programmable_basic_pump      
-------------------------------------------|-------------------------------------------
out                                        |out                                        
s2                                         |s2                                         
s4                                         |s4                                         
s3                                         |s3                                         
s1                                         |s1                                         
up                                         |up                                         
down                                       |down                                       
iref                                       |iref                                       
vss                                        |vss                                        
vdd                                        |vdd                                        
---------------------------------------------------------------------------------------
Cell pin lists are equivalent.
Device classes xp_programmable_basic_pump and xp_programmable_basic_pump are equivalent.
Flattening unmatched subcell pfet$219 in circuit asc_PFD_DFF_20250831 (0)(21 instances)
Flattening unmatched subcell pfet$212 in circuit asc_PFD_DFF_20250831 (0)(5 instances)
Flattening unmatched subcell pfet$210 in circuit asc_PFD_DFF_20250831 (0)(4 instances)
Flattening unmatched subcell nfet$236 in circuit asc_PFD_DFF_20250831 (0)(2 instances)
Flattening unmatched subcell nfet$229 in circuit asc_PFD_DFF_20250831 (0)(4 instances)
Flattening unmatched subcell nfet$234 in circuit asc_PFD_DFF_20250831 (0)(2 instances)
Flattening unmatched subcell nfet$227 in circuit asc_PFD_DFF_20250831 (0)(2 instances)
Flattening unmatched subcell nfet$232 in circuit asc_PFD_DFF_20250831 (0)(8 instances)
Flattening unmatched subcell pfet$217 in circuit asc_PFD_DFF_20250831 (0)(4 instances)
Flattening unmatched subcell nfet$225 in circuit asc_PFD_DFF_20250831 (0)(5 instances)
Flattening unmatched subcell pfet$222 in circuit asc_PFD_DFF_20250831 (0)(2 instances)
Flattening unmatched subcell nfet$230 in circuit asc_PFD_DFF_20250831 (0)(4 instances)
Flattening unmatched subcell pfet$215 in circuit asc_PFD_DFF_20250831 (0)(4 instances)
Flattening unmatched subcell nfet$223 in circuit asc_PFD_DFF_20250831 (0)(4 instances)
Flattening unmatched subcell pfet$220 in circuit asc_PFD_DFF_20250831 (0)(2 instances)
Flattening unmatched subcell pfet$213 in circuit asc_PFD_DFF_20250831 (0)(1 instance)
Flattening unmatched subcell pfet$211 in circuit asc_PFD_DFF_20250831 (0)(4 instances)
Flattening unmatched subcell nfet$235 in circuit asc_PFD_DFF_20250831 (0)(4 instances)
Flattening unmatched subcell nfet$228 in circuit asc_PFD_DFF_20250831 (0)(4 instances)
Flattening unmatched subcell nfet$233 in circuit asc_PFD_DFF_20250831 (0)(13 instances)
Flattening unmatched subcell pfet$218 in circuit asc_PFD_DFF_20250831 (0)(2 instances)
Flattening unmatched subcell nfet$226 in circuit asc_PFD_DFF_20250831 (0)(1 instance)
Flattening unmatched subcell nfet$231 in circuit asc_PFD_DFF_20250831 (0)(2 instances)
Flattening unmatched subcell pfet$216 in circuit asc_PFD_DFF_20250831 (0)(4 instances)
Flattening unmatched subcell nfet$224 in circuit asc_PFD_DFF_20250831 (0)(4 instances)
Flattening unmatched subcell pfet$221 in circuit asc_PFD_DFF_20250831 (0)(4 instances)
Flattening unmatched subcell pfet$214 in circuit asc_PFD_DFF_20250831 (0)(2 instances)
Flattening unmatched subcell inv1u05u in circuit asc_PFD_DFF_20250831 (1)(1 instance)
Flattening unmatched subcell asc_delay in circuit asc_PFD_DFF_20250831 (1)(1 instance)
Flattening unmatched subcell inv1u05u in circuit asc_PFD_DFF_20250831 (1)(2 instances)
Flattening unmatched subcell asc_NAND in circuit asc_PFD_DFF_20250831 (1)(1 instance)
Flattening unmatched subcell asc_dff_rst_20250831 in circuit asc_PFD_DFF_20250831 (1)(2 instances)
Flattening unmatched subcell inv1u05u in circuit asc_PFD_DFF_20250831 (1)(10 instances)
Flattening unmatched subcell pass1u05u in circuit asc_PFD_DFF_20250831 (1)(8 instances)
Flattening unmatched subcell asc_NAND in circuit asc_PFD_DFF_20250831 (1)(4 instances)

Flattening instances of qw_NOLclk in cell asc_PFD_DFF_20250831 (1) makes a better match
Making another compare attempt.

Class asc_PFD_DFF_20250831 (0):  Merged 18 parallel devices.
Subcircuit summary:
Circuit 1: asc_PFD_DFF_20250831            |Circuit 2: asc_PFD_DFF_20250831            
-------------------------------------------|-------------------------------------------
pfet_03v3 (59)                             |pfet_03v3 (59)                             
nfet_03v3 (77->59)                         |nfet_03v3 (59)                             
Number of devices: 118                     |Number of devices: 118                     
Number of nets: 59                         |Number of nets: 59                         
---------------------------------------------------------------------------------------
Netlists match uniquely.

Subcircuit pins:
Circuit 1: asc_PFD_DFF_20250831            |Circuit 2: asc_PFD_DFF_20250831            
-------------------------------------------|-------------------------------------------
vss                                        |vss                                        
fref                                       |fref                                       
fdiv                                       |fdiv                                       
up                                         |up                                         
down                                       |down                                       
vdd                                        |vdd                                        
---------------------------------------------------------------------------------------
Cell pin lists are equivalent.
Device classes asc_PFD_DFF_20250831 and asc_PFD_DFF_20250831 are equivalent.
Flattening unmatched subcell pfet$223 in circuit BIAS (0)(16 instances)
Flattening unmatched subcell nfet$237 in circuit BIAS (0)(8 instances)

Class BIAS (0):  Merged 87 parallel devices.
Subcircuit summary:
Circuit 1: BIAS                            |Circuit 2: BIAS                            
-------------------------------------------|-------------------------------------------
pfet_03v3 (64->5)                          |pfet_03v3 (16->5)                          
nfet_03v3 (32->4)                          |nfet_03v3 (8->4)                           
Number of devices: 9                       |Number of devices: 9                       
Number of nets: 8                          |Number of nets: 8                          
---------------------------------------------------------------------------------------
Resolving symmetries by property value.
Resolving symmetries by pin name.
Netlists match uniquely.

Subcircuit pins:
Circuit 1: BIAS                            |Circuit 2: BIAS                            
-------------------------------------------|-------------------------------------------
vss                                        |vss                                        
200n                                       |200n                                       
100n                                       |100n                                       
200p2                                      |200p2                                      
200p1                                      |200p1                                      
res                                        |res                                        
vdd                                        |vdd                                        
---------------------------------------------------------------------------------------
Cell pin lists are equivalent.
Device classes BIAS and BIAS are equivalent.
Flattening unmatched subcell pfet$224 in circuit CSRVCO_20250823 (0)(15 instances)
Flattening unmatched subcell nfet$238 in circuit CSRVCO_20250823 (0)(15 instances)
Flattening unmatched subcell pfet$226 in circuit CSRVCO_20250823 (0)(2 instances)
Flattening unmatched subcell cap_mim$4 in circuit CSRVCO_20250823 (0)(7 instances)
Flattening unmatched subcell nfet$239 in circuit CSRVCO_20250823 (0)(2 instances)
Flattening unmatched subcell pfet$225 in circuit CSRVCO_20250823 (0)(2 instances)
Flattening unmatched subcell nfet$240 in circuit CSRVCO_20250823 (0)(2 instances)
Flattening unmatched subcell asc_delay in circuit CSRVCO_20250823 (1)(1 instance)
Flattening unmatched subcell inv1u05u in circuit CSRVCO_20250823 (1)(2 instances)

Class CSRVCO_20250823 (0):  Merged 2 parallel devices.
Subcircuit summary:
Circuit 1: CSRVCO_20250823                 |Circuit 2: CSRVCO_20250823                 
-------------------------------------------|-------------------------------------------
pfet_03v3 (19->18)                         |pfet_03v3 (19->18)                         
nfet_03v3 (19->18)                         |nfet_03v3 (19->18)                         
cap_mim_2f0_m4m5_noshield (7)              |cap_mim_2f0fF (7)                          
Number of devices: 43                      |Number of devices: 43                      
Number of nets: 27                         |Number of nets: 27                         
---------------------------------------------------------------------------------------
Netlists match uniquely.

Subcircuit pins:
Circuit 1: CSRVCO_20250823                 |Circuit 2: CSRVCO_20250823                 
-------------------------------------------|-------------------------------------------
vss                                        |vss                                        
vctrl                                      |vctrl                                      
vosc                                       |vosc                                       
vdd                                        |vdd                                        
---------------------------------------------------------------------------------------
Cell pin lists are equivalent.
Device classes CSRVCO_20250823 and CSRVCO_20250823 are equivalent.
Flattening unmatched subcell Register_unitcell$1 in circuit SRegister_10 (0)(10 instances)
Flattening unmatched subcell gf180mcu_fd_sc_mcu9t5v0__and2_1$2 in circuit SRegister_10 (0)(20 instances)
Flattening unmatched subcell gf180mcu_fd_sc_mcu9t5v0__or2_1$2 in circuit SRegister_10 (0)(10 instances)
Flattening unmatched subcell gf180mcu_fd_sc_mcu9t5v0__inv_1$2 in circuit SRegister_10 (0)(10 instances)
Flattening unmatched subcell DFF_2phase_1$2 in circuit SRegister_10 (0)(10 instances)
Flattening unmatched subcell gf180mcu_fd_sc_mcu9t5v0__latq_1$3 in circuit SRegister_10 (0)(20 instances)
Flattening unmatched subcell Register_unitcell in circuit SRegister_10 (1)(10 instances)
Flattening unmatched subcell gf180mcu_fd_sc_mcu9t5v0__inv_1 in circuit SRegister_10 (1)(10 instances)
Flattening unmatched subcell DFF_2phase_1 in circuit SRegister_10 (1)(10 instances)
Flattening unmatched subcell gf180mcu_fd_sc_mcu9t5v0__latq_1 in circuit SRegister_10 (1)(20 instances)
Flattening unmatched subcell gf180mcu_fd_sc_mcu9t5v0__and2_1 in circuit SRegister_10 (1)(20 instances)
Flattening unmatched subcell gf180mcu_fd_sc_mcu9t5v0__or2_1 in circuit SRegister_10 (1)(10 instances)

Subcircuit summary:
Circuit 1: SRegister_10                    |Circuit 2: SRegister_10                    
-------------------------------------------|-------------------------------------------
pfet_05v0 (260)                            |pfet_05v0 (260)                            
nfet_05v0 (260)                            |nfet_05v0 (260)                            
Number of devices: 520                     |Number of devices: 520                     
Number of nets: 296                        |Number of nets: 296                        
---------------------------------------------------------------------------------------
Netlists match uniquely.

Subcircuit pins:
Circuit 1: SRegister_10                    |Circuit 2: SRegister_10                    
-------------------------------------------|-------------------------------------------
q                                          |q                                          
VDDd                                       |VDDd                                       
VSSd                                       |VSSd                                       
phi1                                       |phi1                                       
phi2                                       |phi2                                       
en                                         |en                                         
d                                          |d                                          
out[10]                                    |out[10]                                    
out[1]                                     |out[1]                                     
out[9]                                     |out[9]                                     
out[8]                                     |out[8]                                     
out[3]                                     |out[3]                                     
out[7]                                     |out[7]                                     
out[5]                                     |out[5]                                     
out[4]                                     |out[4]                                     
out[6]                                     |out[6]                                     
out[2]                                     |out[2]                                     
default10                                  |default10                                  
default1                                   |default1                                   
default9                                   |default9                                   
default8                                   |default8                                   
default3                                   |default3                                   
default7                                   |default7                                   
default5                                   |default5                                   
default4                                   |default4                                   
default6                                   |default6                                   
default2                                   |default2                                   
---------------------------------------------------------------------------------------
Cell pin lists are equivalent.
Device classes SRegister_10 and SRegister_10 are equivalent.
Flattening unmatched subcell pfet$130 in circuit asc_hysteresis_buffer (0)(1 instance)
Flattening unmatched subcell nfet$138 in circuit asc_hysteresis_buffer (0)(1 instance)
Flattening unmatched subcell pfet$133 in circuit asc_hysteresis_buffer (0)(1 instance)
Flattening unmatched subcell nfet$141 in circuit asc_hysteresis_buffer (0)(1 instance)
Flattening unmatched subcell pfet$131 in circuit asc_hysteresis_buffer (0)(1 instance)
Flattening unmatched subcell nfet$139 in circuit asc_hysteresis_buffer (0)(1 instance)
Flattening unmatched subcell pfet$129 in circuit asc_hysteresis_buffer (0)(1 instance)
Flattening unmatched subcell nfet$142 in circuit asc_hysteresis_buffer (0)(1 instance)
Flattening unmatched subcell pfet$132 in circuit asc_hysteresis_buffer (0)(1 instance)
Flattening unmatched subcell nfet$140 in circuit asc_hysteresis_buffer (0)(1 instance)
Flattening unmatched subcell inv1u05u in circuit asc_hysteresis_buffer (1)(1 instance)

Class asc_hysteresis_buffer (0):  Merged 20 parallel devices.
Subcircuit summary:
Circuit 1: asc_hysteresis_buffer           |Circuit 2: asc_hysteresis_buffer           
-------------------------------------------|-------------------------------------------
pfet_03v3 (15->5)                          |pfet_03v3 (5)                              
nfet_03v3 (15->5)                          |nfet_03v3 (5)                              
Number of devices: 10                      |Number of devices: 10                      
Number of nets: 7                          |Number of nets: 7                          
---------------------------------------------------------------------------------------
Netlists match uniquely.

Subcircuit pins:
Circuit 1: asc_hysteresis_buffer           |Circuit 2: asc_hysteresis_buffer           
-------------------------------------------|-------------------------------------------
in                                         |in                                         
out                                        |out                                        
vdd                                        |vdd                                        
vss                                        |vss                                        
---------------------------------------------------------------------------------------
Cell pin lists are equivalent.
Device classes asc_hysteresis_buffer and asc_hysteresis_buffer are equivalent.
Flattening unmatched subcell ppolyf_u_resistor$2 in circuit VCOfinal (0)(4 instances)
Flattening unmatched subcell pfet$128 in circuit VCOfinal (0)(3 instances)
Flattening unmatched subcell cap_mim$3 in circuit VCOfinal (0)(1 instance)
Flattening unmatched subcell nfet$137 in circuit VCOfinal (0)(3 instances)
Flattening unmatched subcell INV in circuit VCOfinal (1)(3 instances)

Cell VCOfinal (0) disconnected node: a_11641_n18839#
Class VCOfinal (0):  Merged 1 series devices.
Class VCOfinal (1):  Merged 1 series devices.
Cell VCOfinal (0) disconnected node: a_11641_n18839#
Subcircuit summary:
Circuit 1: VCOfinal                        |Circuit 2: VCOfinal                        
-------------------------------------------|-------------------------------------------
Pcomparator (1)                            |Pcomparator (1)                            
Ncomparator (1)                            |Ncomparator (1)                            
SRLATCH (1)                                |SRLATCH (1)                                
ppolyf_u (4->3)                            |ppolyf_u (4->3)                            
pfet_03v3 (3)                              |pfet_03v3 (3)                              
SCHMITT (2)                                |SCHMITT (2)                                
cap_mim_2f0_m4m5_noshield (1)              |cap_mim_2f0fF (1)                          
nfet_03v3 (3)                              |nfet_03v3 (3)                              
PCP1248X (1)                               |PCP1248X (1)                               
Number of devices: 16                      |Number of devices: 16                      
Number of nets: 22                         |Number of nets: 22                         
---------------------------------------------------------------------------------------
Netlists match uniquely with port errors.

Subcircuit pins:
Circuit 1: VCOfinal                        |Circuit 2: VCOfinal                        
-------------------------------------------|-------------------------------------------
vin                                        |vin                                        
iref200                                    |iref200                                    
s0                                         |s0                                         
s1                                         |s1                                         
s2                                         |s2                                         
s3                                         |s3                                         
irefn                                      |irefn                                      
irefp                                      |irefp                                      
fout                                       |fout                                       
foutb                                      |foutb                                      
vdd                                        |vdd                                        
vss                                        |vss                                        
a_11641_n18839#                            |(no matching pin)                          
---------------------------------------------------------------------------------------
Cell pin lists are equivalent.
Device classes VCOfinal and VCOfinal are equivalent.
Flattening unmatched subcell SCHMITT$1 in circuit scan_chain (0)(1 instance)
Flattening unmatched subcell pfet$135 in circuit scan_chain (0)(1 instance)
Flattening unmatched subcell nfet$143 in circuit scan_chain (0)(2 instances)
Flattening unmatched subcell nfet$144 in circuit scan_chain (0)(1 instance)
Flattening unmatched subcell pfet$134 in circuit scan_chain (0)(2 instances)

Flattening instances of SCHMITT in cell scan_chain (1) makes a better match
Making another compare attempt.

Subcircuit summary:
Circuit 1: scan_chain                      |Circuit 2: scan_chain                      
-------------------------------------------|-------------------------------------------
SRegister_10 (5)                           |SRegister_10 (5)                           
qw_NOLclk (1)                              |qw_NOLclk (1)                              
pfet_03v3 (3)                              |pfet_03v3 (3)                              
nfet_03v3 (3)                              |nfet_03v3 (3)                              
asc_hysteresis_buffer (3)                  |asc_hysteresis_buffer (3)                  
Number of devices: 15                      |Number of devices: 15                      
Number of nets: 68                         |Number of nets: 68                         
---------------------------------------------------------------------------------------
Netlists match uniquely.

Subcircuit pins:
Circuit 1: scan_chain                      |Circuit 2: scan_chain                      
-------------------------------------------|-------------------------------------------
VDDd                                       |VDDd                                       
VSSd                                       |VSSd                                       
out[1]                                     |out[1]                                     
out[2]                                     |out[2]                                     
out[3]                                     |out[3]                                     
out[4]                                     |out[4]                                     
out[5]                                     |out[5]                                     
out[6]                                     |out[6]                                     
out[7]                                     |out[7]                                     
out[8]                                     |out[8]                                     
out[9]                                     |out[9]                                     
out[10]                                    |out[10]                                    
out[21]                                    |out[21]                                    
out[11]                                    |out[11]                                    
out[22]                                    |out[22]                                    
out[12]                                    |out[12]                                    
out[23]                                    |out[23]                                    
out[13]                                    |out[13]                                    
out[24]                                    |out[24]                                    
out[14]                                    |out[14]                                    
out[25]                                    |out[25]                                    
out[15]                                    |out[15]                                    
out[26]                                    |out[26]                                    
out[16]                                    |out[16]                                    
out[27]                                    |out[27]                                    
out[17]                                    |out[17]                                    
out[28]                                    |out[28]                                    
out[18]                                    |out[18]                                    
out[29]                                    |out[29]                                    
out[19]                                    |out[19]                                    
out[30]                                    |out[30]                                    
out[20]                                    |out[20]                                    
out[31]                                    |out[31]                                    
out[32]                                    |out[32]                                    
out[33]                                    |out[33]                                    
out[34]                                    |out[34]                                    
out[35]                                    |out[35]                                    
out[36]                                    |out[36]                                    
out[37]                                    |out[37]                                    
out[38]                                    |out[38]                                    
out[39]                                    |out[39]                                    
out[40]                                    |out[40]                                    
out[41]                                    |out[41]                                    
out[42]                                    |out[42]                                    
out[43]                                    |out[43]                                    
out[44]                                    |out[44]                                    
out[45]                                    |out[45]                                    
out[46]                                    |out[46]                                    
out[47]                                    |out[47]                                    
out[48]                                    |out[48]                                    
out[49]                                    |out[49]                                    
out[50]                                    |out[50]                                    
CLKd                                       |CLKd                                       
DATAd                                      |DATAd                                      
ENd                                        |ENd                                        
---------------------------------------------------------------------------------------
Cell pin lists are equivalent.
Device classes scan_chain and scan_chain are equivalent.
Flattening unmatched subcell top_level_20250912_nosc in circuit top_level_20250919_sc (0)(1 instance)
Flattening unmatched subcell xp_3_1_MUX$1 in circuit top_level_20250919_sc (0)(2 instances)
Flattening unmatched subcell nfet$213 in circuit top_level_20250919_sc (0)(4 instances)
Flattening unmatched subcell pfet$199 in circuit top_level_20250919_sc (0)(8 instances)
Flattening unmatched subcell nfet$212 in circuit top_level_20250919_sc (0)(8 instances)
Flattening unmatched subcell pfet$200 in circuit top_level_20250919_sc (0)(4 instances)
Flattening unmatched subcell asc_hysteresis_buffer$2 in circuit top_level_20250919_sc (0)(1 instance)
Flattening unmatched subcell nfet$193 in circuit top_level_20250919_sc (0)(1 instance)
Flattening unmatched subcell pfet$183 in circuit top_level_20250919_sc (0)(1 instance)
Flattening unmatched subcell pfet$181 in circuit top_level_20250919_sc (0)(1 instance)
Flattening unmatched subcell nfet$196 in circuit top_level_20250919_sc (0)(1 instance)
Flattening unmatched subcell pfet$179 in circuit top_level_20250919_sc (0)(1 instance)
Flattening unmatched subcell nfet$194 in circuit top_level_20250919_sc (0)(1 instance)
Flattening unmatched subcell nfet$192 in circuit top_level_20250919_sc (0)(1 instance)
Flattening unmatched subcell pfet$182 in circuit top_level_20250919_sc (0)(1 instance)
Flattening unmatched subcell pfet$180 in circuit top_level_20250919_sc (0)(1 instance)
Flattening unmatched subcell nfet$195 in circuit top_level_20250919_sc (0)(1 instance)
Flattening unmatched subcell asc_dual_psd_def_20250809$1 in circuit top_level_20250919_sc (0)(1 instance)
Flattening unmatched subcell nfet$169 in circuit top_level_20250919_sc (0)(28 instances)
Flattening unmatched subcell pfet$159 in circuit top_level_20250919_sc (0)(8 instances)
Flattening unmatched subcell pfet$166 in circuit top_level_20250919_sc (0)(14 instances)
Flattening unmatched subcell nfet$154 in circuit top_level_20250919_sc (0)(18 instances)
Flattening unmatched subcell nfet$170 in circuit top_level_20250919_sc (0)(18 instances)
Flattening unmatched subcell nfet$172 in circuit top_level_20250919_sc (0)(8 instances)
Flattening unmatched subcell nfet$158 in circuit top_level_20250919_sc (0)(14 instances)
Flattening unmatched subcell pfet$142 in circuit top_level_20250919_sc (0)(36 instances)
Flattening unmatched subcell pfet$164 in circuit top_level_20250919_sc (0)(8 instances)
Flattening unmatched subcell nfet$149 in circuit top_level_20250919_sc (0)(28 instances)
Flattening unmatched subcell nfet$151 in circuit top_level_20250919_sc (0)(18 instances)
Flattening unmatched subcell pfet$155 in circuit top_level_20250919_sc (0)(2 instances)
Flattening unmatched subcell nfet$163 in circuit top_level_20250919_sc (0)(8 instances)
Flattening unmatched subcell pfet$162 in circuit top_level_20250919_sc (0)(8 instances)
Flattening unmatched subcell pfet$148 in circuit top_level_20250919_sc (0)(14 instances)
Flattening unmatched subcell pfet$141 in circuit top_level_20250919_sc (0)(111 instances)
Flattening unmatched subcell nfet$162 in circuit top_level_20250919_sc (0)(18 instances)
Flattening unmatched subcell pfet$145 in circuit top_level_20250919_sc (0)(14 instances)
Flattening unmatched subcell nfet$156 in circuit top_level_20250919_sc (0)(3 instances)
Flattening unmatched subcell pfet$160 in circuit top_level_20250919_sc (0)(1 instance)
Flattening unmatched subcell pfet$153 in circuit top_level_20250919_sc (0)(3 instances)
Flattening unmatched subcell nfet$179 in circuit top_level_20250919_sc (0)(8 instances)
Flattening unmatched subcell nfet$161 in circuit top_level_20250919_sc (0)(8 instances)
Flattening unmatched subcell pfet$146 in circuit top_level_20250919_sc (0)(18 instances)
Flattening unmatched subcell pfet$140 in circuit top_level_20250919_sc (0)(111 instances)
Flattening unmatched subcell nfet$184 in circuit top_level_20250919_sc (0)(2 instances)
Flattening unmatched subcell pfet$169 in circuit top_level_20250919_sc (0)(3 instances)
Flattening unmatched subcell pfet$151 in circuit top_level_20250919_sc (0)(8 instances)
Flattening unmatched subcell nfet$177 in circuit top_level_20250919_sc (0)(14 instances)
Flattening unmatched subcell nfet$152 in circuit top_level_20250919_sc (0)(18 instances)
Flattening unmatched subcell pfet$144 in circuit top_level_20250919_sc (0)(18 instances)
Flattening unmatched subcell nfet$155 in circuit top_level_20250919_sc (0)(18 instances)
Flattening unmatched subcell nfet$182 in circuit top_level_20250919_sc (0)(3 instances)
Flattening unmatched subcell pfet$167 in circuit top_level_20250919_sc (0)(2 instances)
Flattening unmatched subcell nfet$175 in circuit top_level_20250919_sc (0)(2 instances)
Flattening unmatched subcell nfet$168 in circuit top_level_20250919_sc (0)(2 instances)
Flattening unmatched subcell pfet$143 in circuit top_level_20250919_sc (0)(36 instances)
Flattening unmatched subcell pfet$172 in circuit top_level_20250919_sc (0)(1 instance)
Flattening unmatched subcell nfet$150 in circuit top_level_20250919_sc (0)(83 instances)
Flattening unmatched subcell nfet$180 in circuit top_level_20250919_sc (0)(2 instances)
Flattening unmatched subcell pfet$165 in circuit top_level_20250919_sc (0)(8 instances)
Flattening unmatched subcell nfet$153 in circuit top_level_20250919_sc (0)(83 instances)
Flattening unmatched subcell nfet$173 in circuit top_level_20250919_sc (0)(8 instances)
Flattening unmatched subcell pfet$158 in circuit top_level_20250919_sc (0)(8 instances)
Flattening unmatched subcell nfet$166 in circuit top_level_20250919_sc (0)(4 instances)
Flattening unmatched subcell pfet$170 in circuit top_level_20250919_sc (0)(5 instances)
Flattening unmatched subcell nfet$159 in circuit top_level_20250919_sc (0)(8 instances)
Flattening unmatched subcell pfet$163 in circuit top_level_20250919_sc (0)(2 instances)
Flattening unmatched subcell pfet$156 in circuit top_level_20250919_sc (0)(1 instance)
Flattening unmatched subcell nfet$171 in circuit top_level_20250919_sc (0)(1 instance)
Flattening unmatched subcell nfet$164 in circuit top_level_20250919_sc (0)(4 instances)
Flattening unmatched subcell pfet$149 in circuit top_level_20250919_sc (0)(8 instances)
Flattening unmatched subcell nfet$157 in circuit top_level_20250919_sc (0)(14 instances)
Flattening unmatched subcell pfet$161 in circuit top_level_20250919_sc (0)(2 instances)
Flattening unmatched subcell pfet$154 in circuit top_level_20250919_sc (0)(5 instances)
Flattening unmatched subcell pfet$147 in circuit top_level_20250919_sc (0)(3 instances)
Flattening unmatched subcell nfet$185 in circuit top_level_20250919_sc (0)(1 instance)
Flattening unmatched subcell pfet$152 in circuit top_level_20250919_sc (0)(8 instances)
Flattening unmatched subcell nfet$178 in circuit top_level_20250919_sc (0)(8 instances)
Flattening unmatched subcell nfet$160 in circuit top_level_20250919_sc (0)(3 instances)
Flattening unmatched subcell nfet$183 in circuit top_level_20250919_sc (0)(2 instances)
Flattening unmatched subcell pfet$168 in circuit top_level_20250919_sc (0)(4 instances)
Flattening unmatched subcell pfet$150 in circuit top_level_20250919_sc (0)(1 instance)
Flattening unmatched subcell nfet$176 in circuit top_level_20250919_sc (0)(10 instances)
Flattening unmatched subcell nfet$181 in circuit top_level_20250919_sc (0)(4 instances)
Flattening unmatched subcell nfet$174 in circuit top_level_20250919_sc (0)(2 instances)
Flattening unmatched subcell nfet$167 in circuit top_level_20250919_sc (0)(1 instance)
Flattening unmatched subcell pfet$171 in circuit top_level_20250919_sc (0)(1 instance)
Flattening unmatched subcell pfet$157 in circuit top_level_20250919_sc (0)(3 instances)
Flattening unmatched subcell nfet$165 in circuit top_level_20250919_sc (0)(1 instance)
Flattening unmatched subcell asc_drive_buffer$1 in circuit top_level_20250919_sc (0)(1 instance)
Flattening unmatched subcell pfet$208 in circuit top_level_20250919_sc (0)(1 instance)
Flattening unmatched subcell pfet$206 in circuit top_level_20250919_sc (0)(1 instance)
Flattening unmatched subcell nfet$221 in circuit top_level_20250919_sc (0)(1 instance)
Flattening unmatched subcell nfet$219 in circuit top_level_20250919_sc (0)(1 instance)
Flattening unmatched subcell pfet$209 in circuit top_level_20250919_sc (0)(1 instance)
Flattening unmatched subcell pfet$207 in circuit top_level_20250919_sc (0)(1 instance)
Flattening unmatched subcell nfet$222 in circuit top_level_20250919_sc (0)(1 instance)
Flattening unmatched subcell nfet$220 in circuit top_level_20250919_sc (0)(1 instance)
Flattening unmatched subcell asc_hysteresis_buffer$1 in circuit top_level_20250919_sc (0)(1 instance)
Flattening unmatched subcell nfet$193 in circuit top_level_20250919_sc (0)(1 instance)
Flattening unmatched subcell pfet$183 in circuit top_level_20250919_sc (0)(1 instance)
Flattening unmatched subcell pfet$181 in circuit top_level_20250919_sc (0)(1 instance)
Flattening unmatched subcell nfet$196 in circuit top_level_20250919_sc (0)(1 instance)
Flattening unmatched subcell pfet$179 in circuit top_level_20250919_sc (0)(1 instance)
Flattening unmatched subcell nfet$194 in circuit top_level_20250919_sc (0)(1 instance)
Flattening unmatched subcell nfet$192 in circuit top_level_20250919_sc (0)(1 instance)
Flattening unmatched subcell pfet$182 in circuit top_level_20250919_sc (0)(1 instance)
Flattening unmatched subcell pfet$180 in circuit top_level_20250919_sc (0)(1 instance)
Flattening unmatched subcell nfet$195 in circuit top_level_20250919_sc (0)(1 instance)
Flattening unmatched subcell asc_hysteresis_buffer$3 in circuit top_level_20250919_sc (0)(1 instance)
Flattening unmatched subcell nfet$29 in circuit top_level_20250919_sc (0)(1 instance)
Flattening unmatched subcell pfet$28 in circuit top_level_20250919_sc (0)(1 instance)
Flattening unmatched subcell nfet$27 in circuit top_level_20250919_sc (0)(1 instance)
Flattening unmatched subcell pfet$26 in circuit top_level_20250919_sc (0)(1 instance)
Flattening unmatched subcell nfet$30 in circuit top_level_20250919_sc (0)(1 instance)
Flattening unmatched subcell pfet$29 in circuit top_level_20250919_sc (0)(1 instance)
Flattening unmatched subcell nfet$28 in circuit top_level_20250919_sc (0)(1 instance)
Flattening unmatched subcell pfet$27 in circuit top_level_20250919_sc (0)(1 instance)
Flattening unmatched subcell pfet$25 in circuit top_level_20250919_sc (0)(1 instance)
Flattening unmatched subcell nfet$31 in circuit top_level_20250919_sc (0)(1 instance)
Flattening unmatched subcell top_level_20250919_nosc in circuit top_level_20250919_sc (1)(1 instance)

Flattening instances of asc_hysteresis_buffer in cell top_level_20250919_sc (1) makes a better match
Flattening instances of asc_dual_psd_def_20250809 in cell top_level_20250919_sc (0) makes a better match
Flattening instances of asc_dual_psd_def_20250809 in cell top_level_20250919_sc (1) makes a better match
Flattening instances of xp_3_1_MUX in cell top_level_20250919_sc (0) makes a better match
Flattening instances of xp_3_1_MUX in cell top_level_20250919_sc (1) makes a better match
Flattening instances of asc_drive_buffer in cell top_level_20250919_sc (0) makes a better match
Flattening instances of asc_drive_buffer in cell top_level_20250919_sc (1) makes a better match
Making another compare attempt.

Class top_level_20250919_sc (0):  Merged 346 parallel devices.
Subcircuit summary:
Circuit 1: top_level_20250919_sc           |Circuit 2: top_level_20250919_sc           
-------------------------------------------|-------------------------------------------
asc_drive_buffer_up (1)                    |asc_drive_buffer_up (1)                    
nfet_03v3 (1263->1045)                     |nfet_03v3 (1045)                           
pfet_03v3 (1173->1045)                     |pfet_03v3 (1045)                           
asc_lock_detector_20250826 (1)             |asc_lock_detector_20250826 (1)             
xp_programmable_basic_pump (1)             |xp_programmable_basic_pump (1)             
asc_PFD_DFF_20250831 (2)                   |asc_PFD_DFF_20250831 (2)                   
BIAS (1)                                   |BIAS (1)                                   
CSRVCO_20250823 (1)                        |CSRVCO_20250823 (1)                        
VCOfinal (1)                               |VCOfinal (1)                               
scan_chain (1)                             |scan_chain (1)                             
Number of devices: 2099                    |Number of devices: 2099                    
Number of nets: 1067                       |Number of nets: 1067                       
---------------------------------------------------------------------------------------
Netlists match uniquely.

Subcircuit pins:
Circuit 1: top_level_20250919_sc           |Circuit 2: top_level_20250919_sc           
-------------------------------------------|-------------------------------------------
VSSd                                       |VSSd                                       
VDDd                                       |VDDd                                       
ext_pfd_down                               |ext_pfd_down                               
ext_pfd_ref                                |ext_pfd_ref                                
ext_pfd_up                                 |ext_pfd_up                                 
ext_pfd_div                                |ext_pfd_div                                
div_out                                    |div_out                                    
up                                         |up                                         
lock                                       |lock                                       
down                                       |down                                       
div_in                                     |div_in                                     
out                                        |out                                        
div_def                                    |div_def                                    
ref                                        |ref                                        
ext_vco_in                                 |ext_vco_in                                 
ext_vco_out                                |ext_vco_out                                
filter_out                                 |filter_out                                 
clk                                        |clk                                        
en                                         |en                                         
data                                       |data                                       
i_cp_100u                                  |i_cp_100u                                  
filter_in                                  |filter_in                                  
---------------------------------------------------------------------------------------
Cell pin lists are equivalent.
Device classes top_level_20250919_sc and top_level_20250919_sc are equivalent.

Final result: Circuits match uniquely.
.
