
Circuit 1 cell nfet_03v3 and Circuit 2 cell nfet_03v3 are black boxes.
Warning: Equate pins:  cell nfet_03v3 is a placeholder, treated as a black box.
Warning: Equate pins:  cell nfet_03v3 is a placeholder, treated as a black box.

Subcircuit pins:
Circuit 1: nfet_03v3                       |Circuit 2: nfet_03v3                       
-------------------------------------------|-------------------------------------------
1                                          |1                                          
2                                          |2                                          
3                                          |3                                          
4                                          |4                                          
---------------------------------------------------------------------------------------
Cell pin lists are equivalent.
Device classes nfet_03v3 and nfet_03v3 are equivalent.

Circuit 1 cell pfet_03v3 and Circuit 2 cell pfet_03v3 are black boxes.
Warning: Equate pins:  cell pfet_03v3 is a placeholder, treated as a black box.
Warning: Equate pins:  cell pfet_03v3 is a placeholder, treated as a black box.

Subcircuit pins:
Circuit 1: pfet_03v3                       |Circuit 2: pfet_03v3                       
-------------------------------------------|-------------------------------------------
1                                          |1                                          
2                                          |2                                          
3                                          |3                                          
4                                          |4                                          
---------------------------------------------------------------------------------------
Cell pin lists are equivalent.
Device classes pfet_03v3 and pfet_03v3 are equivalent.
Flattening unmatched subcell nfet$1 in circuit pass1u05u (0)(1 instance)
Flattening unmatched subcell pfet$1 in circuit pass1u05u (0)(1 instance)

Subcircuit summary:
Circuit 1: pass1u05u                       |Circuit 2: pass1u05u                       
-------------------------------------------|-------------------------------------------
nfet_03v3 (1)                              |nfet_03v3 (1)                              
pfet_03v3 (1)                              |pfet_03v3 (1)                              
Number of devices: 2                       |Number of devices: 2                       
Number of nets: 6                          |Number of nets: 6                          
---------------------------------------------------------------------------------------
Resolving symmetries by property value.
Resolving symmetries by pin name.
Netlists match uniquely.

Subcircuit pins:
Circuit 1: pass1u05u                       |Circuit 2: pass1u05u                       
-------------------------------------------|-------------------------------------------
ins                                        |ins                                        
ind                                        |ind                                        
clkp                                       |clkp                                       
VDD                                        |vdd                                        
clkn                                       |clkn                                       
VSS                                        |vss                                        
---------------------------------------------------------------------------------------
Cell pin lists are equivalent.
Device classes pass1u05u and pass1u05u are equivalent.
Flattening unmatched subcell pfet in circuit inv1u05u (0)(1 instance)
Flattening unmatched subcell nfet in circuit inv1u05u (0)(1 instance)

Subcircuit summary:
Circuit 1: inv1u05u                        |Circuit 2: inv1u05u                        
-------------------------------------------|-------------------------------------------
pfet_03v3 (1)                              |pfet_03v3 (1)                              
nfet_03v3 (1)                              |nfet_03v3 (1)                              
Number of devices: 2                       |Number of devices: 2                       
Number of nets: 4                          |Number of nets: 4                          
---------------------------------------------------------------------------------------
Netlists match uniquely.

Subcircuit pins:
Circuit 1: inv1u05u                        |Circuit 2: inv1u05u                        
-------------------------------------------|-------------------------------------------
out                                        |out                                        
in                                         |in                                         
VDD                                        |vdd                                        
VSS                                        |vss                                        
---------------------------------------------------------------------------------------
Cell pin lists are equivalent.
Device classes inv1u05u and inv1u05u are equivalent.

Subcircuit summary:
Circuit 1: xp_3_1_MUX                      |Circuit 2: xp_3_1_MUX                      
-------------------------------------------|-------------------------------------------
pass1u05u (4)                              |pass1u05u (4)                              
inv1u05u (2)                               |inv1u05u (2)                               
Number of devices: 6                       |Number of devices: 6                       
Number of nets: 11                         |Number of nets: 11                         
---------------------------------------------------------------------------------------
Netlists match uniquely.

Subcircuit pins:
Circuit 1: xp_3_1_MUX                      |Circuit 2: xp_3_1_MUX                      
-------------------------------------------|-------------------------------------------
OUT_1                                      |OUT_1                                      
A_1                                        |A_1                                        
B_1                                        |B_1                                        
C_1                                        |C_1                                        
S0                                         |S0                                         
S1                                         |S1                                         
VSS                                        |VSS                                        
VDD                                        |VDD                                        
---------------------------------------------------------------------------------------
Cell pin lists are equivalent.
Device classes xp_3_1_MUX and xp_3_1_MUX are equivalent.

Final result: Circuits match uniquely.
.
