
Circuit 1 cell pfet_03v3 and Circuit 2 cell pfet_03v3 are black boxes.
Warning: Equate pins:  cell pfet_03v3 is a placeholder, treated as a black box.
Warning: Equate pins:  cell pfet_03v3 is a placeholder, treated as a black box.

Subcircuit pins:
Circuit 1: pfet_03v3                       |Circuit 2: pfet_03v3                       
-------------------------------------------|-------------------------------------------
1                                          |1                                          
2                                          |2                                          
3                                          |3                                          
4                                          |4                                          
---------------------------------------------------------------------------------------
Cell pin lists are equivalent.
Device classes pfet_03v3 and pfet_03v3 are equivalent.

Circuit 1 cell nfet_03v3 and Circuit 2 cell nfet_03v3 are black boxes.
Warning: Equate pins:  cell nfet_03v3 is a placeholder, treated as a black box.
Warning: Equate pins:  cell nfet_03v3 is a placeholder, treated as a black box.

Subcircuit pins:
Circuit 1: nfet_03v3                       |Circuit 2: nfet_03v3                       
-------------------------------------------|-------------------------------------------
1                                          |1                                          
2                                          |2                                          
3                                          |3                                          
4                                          |4                                          
---------------------------------------------------------------------------------------
Cell pin lists are equivalent.
Device classes nfet_03v3 and nfet_03v3 are equivalent.
Flattening unmatched subcell pfet$8 in circuit OTAforChargePump (0)(12 instances)
Flattening unmatched subcell nfet$13 in circuit OTAforChargePump (0)(4 instances)
Flattening unmatched subcell pfet$9 in circuit OTAforChargePump (0)(6 instances)
Flattening unmatched subcell nfet$14 in circuit OTAforChargePump (0)(2 instances)

Class OTAforChargePump (0):  Merged 67 parallel devices.
Subcircuit summary:
Circuit 1: OTAforChargePump                |Circuit 2: OTAforChargePump                
-------------------------------------------|-------------------------------------------
pfet_03v3 (60->6)                          |pfet_03v3 (18->6)                          
nfet_03v3 (16->3)                          |nfet_03v3 (6->3)                           
Number of devices: 9                       |Number of devices: 9                       
Number of nets: 8                          |Number of nets: 8                          
---------------------------------------------------------------------------------------
Netlists match uniquely.

Subcircuit pins:
Circuit 1: OTAforChargePump                |Circuit 2: OTAforChargePump                
-------------------------------------------|-------------------------------------------
vss                                        |vss                                        
iref                                       |iref                                       
out                                        |out                                        
vdd                                        |vdd                                        
inp                                        |inp                                        
inn                                        |inn                                        
---------------------------------------------------------------------------------------
Cell pin lists are equivalent.
Device classes OTAforChargePump and OTAforChargePump are equivalent.
Flattening unmatched subcell nfet$10 in circuit PCP15XnoTG (0)(12 instances)
Flattening unmatched subcell pfet in circuit PCP15XnoTG (0)(36 instances)
Flattening unmatched subcell pfet$1 in circuit PCP15XnoTG (0)(12 instances)
Flattening unmatched subcell nfet$15 in circuit PCP15XnoTG (0)(1 instance)
Flattening unmatched subcell nfet$9 in circuit PCP15XnoTG (0)(37 instances)
Flattening unmatched subcell pfet$4 in circuit PCP15XnoTG (0)(6 instances)
Flattening unmatched subcell nfet$8 in circuit PCP15XnoTG (0)(3 instances)
Flattening unmatched subcell nfet$6 in circuit PCP15XnoTG (0)(4 instances)
Flattening unmatched subcell pfet$11 in circuit PCP15XnoTG (0)(1 instance)

Class PCP15XnoTG (0):  Merged 520 parallel devices.
Class PCP15XnoTG (1):  Merged 6 parallel devices.
Subcircuit summary:
Circuit 1: PCP15XnoTG                      |Circuit 2: PCP15XnoTG                      
-------------------------------------------|-------------------------------------------
nfet_03v3 (198->18)                        |nfet_03v3 (57->18)                         
pfet_03v3 (356->16)                        |pfet_03v3 (55->16)                         
OTAforChargePump (1)                       |OTAforChargePump (1)                       
Number of devices: 35                      |Number of devices: 35                      
Number of nets: 24                         |Number of nets: 24                         
---------------------------------------------------------------------------------------
Resolving symmetries by property value.
Netlists match uniquely.

Subcircuit pins:
Circuit 1: PCP15XnoTG                      |Circuit 2: PCP15XnoTG                      
-------------------------------------------|-------------------------------------------
down                                       |down                                       
up                                         |up                                         
iref200u                                   |iref200u                                   
vin                                        |vin                                        
vdd                                        |vdd                                        
out                                        |out                                        
vss                                        |vss                                        
---------------------------------------------------------------------------------------
Cell pin lists are equivalent.
Device classes PCP15XnoTG and PCP15XnoTG are equivalent.

Final result: Circuits match uniquely.
.
