
Circuit 1 cell cap_nmos_03v3 and Circuit 2 cell cap_nmos_03v3 are black boxes.
Warning: Equate pins:  cell cap_nmos_03v3 is a placeholder, treated as a black box.
Warning: Equate pins:  cell cap_nmos_03v3 is a placeholder, treated as a black box.

Subcircuit pins:
Circuit 1: cap_nmos_03v3                   |Circuit 2: cap_nmos_03v3                   
-------------------------------------------|-------------------------------------------
1                                          |1                                          
2                                          |2                                          
---------------------------------------------------------------------------------------
Cell pin lists are equivalent.
Device classes cap_nmos_03v3 and cap_nmos_03v3 are equivalent.
Flattening unmatched subcell cap_nmos in circuit DECAP_SC (0)(4 instances)

Class DECAP_SC (0):  Merged 3 parallel devices.
Class DECAP_SC (1):  Merged 3 parallel devices.
Subcircuit summary:
Circuit 1: DECAP_SC                        |Circuit 2: DECAP_SC                        
-------------------------------------------|-------------------------------------------
cap_nmos_03v3 (4->1)                       |cap_nmos_03v3 (4->1)                       
Number of devices: 1                       |Number of devices: 1                       
Number of nets: 2                          |Number of nets: 2                          
---------------------------------------------------------------------------------------
Netlists match uniquely.

Subcircuit pins:
Circuit 1: DECAP_SC                        |Circuit 2: DECAP_SC                        
-------------------------------------------|-------------------------------------------
vdd                                        |vdd                                        
vss                                        |vss                                        
---------------------------------------------------------------------------------------
Cell pin lists are equivalent.
Device classes DECAP_SC and DECAP_SC are equivalent.

Final result: Circuits match uniquely.
.
