
Circuit 1 cell nfet_03v3 and Circuit 2 cell nfet_03v3 are black boxes.
Warning: Equate pins:  cell nfet_03v3 is a placeholder, treated as a black box.
Warning: Equate pins:  cell nfet_03v3 is a placeholder, treated as a black box.

Subcircuit pins:
Circuit 1: nfet_03v3                       |Circuit 2: nfet_03v3                       
-------------------------------------------|-------------------------------------------
1                                          |1                                          
2                                          |2                                          
3                                          |3                                          
4                                          |4                                          
---------------------------------------------------------------------------------------
Cell pin lists are equivalent.
Device classes nfet_03v3 and nfet_03v3 are equivalent.

Circuit 1 cell pfet_03v3 and Circuit 2 cell pfet_03v3 are black boxes.
Warning: Equate pins:  cell pfet_03v3 is a placeholder, treated as a black box.
Warning: Equate pins:  cell pfet_03v3 is a placeholder, treated as a black box.

Subcircuit pins:
Circuit 1: pfet_03v3                       |Circuit 2: pfet_03v3                       
-------------------------------------------|-------------------------------------------
1                                          |1                                          
2                                          |2                                          
3                                          |3                                          
4                                          |4                                          
---------------------------------------------------------------------------------------
Cell pin lists are equivalent.
Device classes pfet_03v3 and pfet_03v3 are equivalent.

Circuit 1 cell nfet_05v0 and Circuit 2 cell nfet_05v0 are black boxes.
Warning: Equate pins:  cell nfet_05v0 is a placeholder, treated as a black box.
Warning: Equate pins:  cell nfet_05v0 is a placeholder, treated as a black box.

Subcircuit pins:
Circuit 1: nfet_05v0                       |Circuit 2: nfet_05v0                       
-------------------------------------------|-------------------------------------------
1                                          |1                                          
2                                          |2                                          
3                                          |3                                          
4                                          |4                                          
---------------------------------------------------------------------------------------
Cell pin lists are equivalent.
Device classes nfet_05v0 and nfet_05v0 are equivalent.

Circuit 1 cell pfet_05v0 and Circuit 2 cell pfet_05v0 are black boxes.
Warning: Equate pins:  cell pfet_05v0 is a placeholder, treated as a black box.
Warning: Equate pins:  cell pfet_05v0 is a placeholder, treated as a black box.

Subcircuit pins:
Circuit 1: pfet_05v0                       |Circuit 2: pfet_05v0                       
-------------------------------------------|-------------------------------------------
1                                          |1                                          
2                                          |2                                          
3                                          |3                                          
4                                          |4                                          
---------------------------------------------------------------------------------------
Cell pin lists are equivalent.
Device classes pfet_05v0 and pfet_05v0 are equivalent.

Circuit 1 cell ppolyf_u and Circuit 2 cell ppolyf_u are black boxes.
Warning: Equate pins:  cell ppolyf_u is a placeholder, treated as a black box.
Warning: Equate pins:  cell ppolyf_u is a placeholder, treated as a black box.

Subcircuit pins:
Circuit 1: ppolyf_u                        |Circuit 2: ppolyf_u                        
-------------------------------------------|-------------------------------------------
1                                          |1                                          
2                                          |2                                          
3                                          |3                                          
---------------------------------------------------------------------------------------
Cell pin lists are equivalent.
Device classes ppolyf_u and ppolyf_u are equivalent.

Circuit 1 cell cap_mim_2f0_m4m5_noshield and Circuit 2 cell cap_mim_2f0fF are black boxes.
Warning: Equate pins:  cell cap_mim_2f0_m4m5_noshield is a placeholder, treated as a black box.
Warning: Equate pins:  cell cap_mim_2f0fF is a placeholder, treated as a black box.

Subcircuit pins:
Circuit 1: cap_mim_2f0_m4m5_noshield       |Circuit 2: cap_mim_2f0fF                   
-------------------------------------------|-------------------------------------------
1                                          |1                                          
2                                          |2                                          
---------------------------------------------------------------------------------------
Cell pin lists are equivalent.
Device classes cap_mim_2f0_m4m5_noshield and cap_mim_2f0fF are equivalent.

Circuit 1 cell cap_nmos_03v3 and Circuit 2 cell cap_nmos_03v3 are black boxes.
Warning: Equate pins:  cell cap_nmos_03v3 is a placeholder, treated as a black box.
Warning: Equate pins:  cell cap_nmos_03v3 is a placeholder, treated as a black box.

Subcircuit pins:
Circuit 1: cap_nmos_03v3                   |Circuit 2: cap_nmos_03v3                   
-------------------------------------------|-------------------------------------------
1                                          |1                                          
2                                          |2                                          
---------------------------------------------------------------------------------------
Cell pin lists are equivalent.
Device classes cap_nmos_03v3 and cap_nmos_03v3 are equivalent.
Flattening unmatched subcell DECAP_SC$1 in circuit DECAP_LARGE (0)(126 instances)
Flattening unmatched subcell cap_nmos$2 in circuit DECAP_LARGE (0)(504 instances)
Flattening unmatched subcell DECAP_SC in circuit DECAP_LARGE (1)(126 instances)

Class DECAP_LARGE (0):  Merged 503 parallel devices.
Class DECAP_LARGE (1):  Merged 503 parallel devices.
Subcircuit summary:
Circuit 1: DECAP_LARGE                     |Circuit 2: DECAP_LARGE                     
-------------------------------------------|-------------------------------------------
cap_nmos_03v3 (504->1)                     |cap_nmos_03v3 (504->1)                     
Number of devices: 1                       |Number of devices: 1                       
Number of nets: 2                          |Number of nets: 2                          
---------------------------------------------------------------------------------------
Netlists match uniquely.

Subcircuit pins:
Circuit 1: DECAP_LARGE                     |Circuit 2: DECAP_LARGE                     
-------------------------------------------|-------------------------------------------
vdd                                        |vdd                                        
vss                                        |vss                                        
---------------------------------------------------------------------------------------
Cell pin lists are equivalent.
Device classes DECAP_LARGE and DECAP_LARGE are equivalent.
Flattening unmatched subcell ppolyf_u_resistor$8 in circuit io_secondary_3p3 (0)(1 instance)
Flattening unmatched subcell diode_pd2nw$1 in circuit io_secondary_3p3 (0)(4 instances)
Flattening unmatched subcell diode_nd2ps$1 in circuit io_secondary_3p3 (0)(4 instances)

Class io_secondary_3p3 (0):  Merged 6 parallel devices.
Subcircuit summary:
Circuit 1: io_secondary_3p3                |Circuit 2: io_secondary_3p3                
-------------------------------------------|-------------------------------------------
ppolyf_u (1)                               |ppolyf_u (1)                               
diode_pd2nw_03v3 (4->1)                    |diode_pd2nw_03v3 (4->1)                    
diode_nd2ps_03v3 (4->1)                    |diode_nd2ps_03v3 (4->1)                    
Number of devices: 3                       |Number of devices: 3                       
Number of nets: 4                          |Number of nets: 4                          
---------------------------------------------------------------------------------------
Netlists match uniquely.

Subcircuit pins:
Circuit 1: io_secondary_3p3                |Circuit 2: io_secondary_3p3                
-------------------------------------------|-------------------------------------------
to_gate                                    |to_gate                                    
ASIG3V3                                    |ASIG3V3                                    
VDD                                        |VDD                                        
VSS                                        |VSS                                        
---------------------------------------------------------------------------------------
Cell pin lists are equivalent.
Device classes io_secondary_3p3 and io_secondary_3p3 are equivalent.
Flattening unmatched subcell scan_chain$1 in circuit top_level_20250919_sc (0)(1 instance)
Flattening unmatched subcell asc_hysteresis_buffer$9 in circuit top_level_20250919_sc (0)(3 instances)
Flattening unmatched subcell nfet$465 in circuit top_level_20250919_sc (0)(3 instances)
Flattening unmatched subcell nfet$463 in circuit top_level_20250919_sc (0)(3 instances)
Flattening unmatched subcell nfet$461 in circuit top_level_20250919_sc (0)(3 instances)
Flattening unmatched subcell pfet$439 in circuit top_level_20250919_sc (0)(3 instances)
Flattening unmatched subcell pfet$437 in circuit top_level_20250919_sc (0)(3 instances)
Flattening unmatched subcell pfet$435 in circuit top_level_20250919_sc (0)(3 instances)
Flattening unmatched subcell nfet$464 in circuit top_level_20250919_sc (0)(3 instances)
Flattening unmatched subcell nfet$462 in circuit top_level_20250919_sc (0)(3 instances)
Flattening unmatched subcell pfet$438 in circuit top_level_20250919_sc (0)(3 instances)
Flattening unmatched subcell pfet$436 in circuit top_level_20250919_sc (0)(3 instances)
Flattening unmatched subcell SCHMITT$4 in circuit top_level_20250919_sc (0)(1 instance)
Flattening unmatched subcell pfet$440 in circuit top_level_20250919_sc (0)(2 instances)
Flattening unmatched subcell nfet$466 in circuit top_level_20250919_sc (0)(2 instances)
Flattening unmatched subcell pfet$441 in circuit top_level_20250919_sc (0)(1 instance)
Flattening unmatched subcell nfet$467 in circuit top_level_20250919_sc (0)(1 instance)
Flattening unmatched subcell qw_NOLclk$2 in circuit top_level_20250919_sc (0)(1 instance)
Flattening unmatched subcell nfet$470 in circuit top_level_20250919_sc (0)(4 instances)
Flattening unmatched subcell pfet$444 in circuit top_level_20250919_sc (0)(4 instances)
Flattening unmatched subcell pfet$442 in circuit top_level_20250919_sc (0)(2 instances)
Flattening unmatched subcell nfet$468 in circuit top_level_20250919_sc (0)(2 instances)
Flattening unmatched subcell nfet$471 in circuit top_level_20250919_sc (0)(4 instances)
Flattening unmatched subcell pfet$445 in circuit top_level_20250919_sc (0)(4 instances)
Flattening unmatched subcell nfet$469 in circuit top_level_20250919_sc (0)(4 instances)
Flattening unmatched subcell pfet$443 in circuit top_level_20250919_sc (0)(4 instances)
Flattening unmatched subcell SRegister_10$2 in circuit top_level_20250919_sc (0)(5 instances)
Flattening unmatched subcell Register_unitcell$3 in circuit top_level_20250919_sc (0)(50 instances)
Flattening unmatched subcell gf180mcu_fd_sc_mcu9t5v0__or2_1$4 in circuit top_level_20250919_sc (0)(50 instances)
Flattening unmatched subcell gf180mcu_fd_sc_mcu9t5v0__inv_1$4 in circuit top_level_20250919_sc (0)(50 instances)
Flattening unmatched subcell DFF_2phase_1$4 in circuit top_level_20250919_sc (0)(50 instances)
Flattening unmatched subcell gf180mcu_fd_sc_mcu9t5v0__latq_1$5 in circuit top_level_20250919_sc (0)(100 instances)
Flattening unmatched subcell gf180mcu_fd_sc_mcu9t5v0__and2_1$4 in circuit top_level_20250919_sc (0)(100 instances)
Flattening unmatched subcell VCOfinal$1 in circuit top_level_20250919_sc (0)(1 instance)
Flattening unmatched subcell Ncomparator$2 in circuit top_level_20250919_sc (0)(1 instance)
Flattening unmatched subcell pfet$457 in circuit top_level_20250919_sc (0)(4 instances)
Flattening unmatched subcell pfet$455 in circuit top_level_20250919_sc (0)(4 instances)
Flattening unmatched subcell nfet$484 in circuit top_level_20250919_sc (0)(6 instances)
Flattening unmatched subcell nfet$482 in circuit top_level_20250919_sc (0)(4 instances)
Flattening unmatched subcell pfet$456 in circuit top_level_20250919_sc (0)(4 instances)
Flattening unmatched subcell nfet$485 in circuit top_level_20250919_sc (0)(2 instances)
Flattening unmatched subcell nfet$483 in circuit top_level_20250919_sc (0)(1 instance)
Flattening unmatched subcell nfet$491 in circuit top_level_20250919_sc (0)(3 instances)
Flattening unmatched subcell Pcomparator$2 in circuit top_level_20250919_sc (0)(1 instance)
Flattening unmatched subcell pfet$459 in circuit top_level_20250919_sc (0)(14 instances)
Flattening unmatched subcell nfet$488 in circuit top_level_20250919_sc (0)(4 instances)
Flattening unmatched subcell nfet$486 in circuit top_level_20250919_sc (0)(1 instance)
Flattening unmatched subcell pfet$460 in circuit top_level_20250919_sc (0)(4 instances)
Flattening unmatched subcell pfet$458 in circuit top_level_20250919_sc (0)(2 instances)
Flattening unmatched subcell nfet$487 in circuit top_level_20250919_sc (0)(2 instances)
Flattening unmatched subcell PCP1248X$2 in circuit top_level_20250919_sc (0)(1 instance)
Flattening unmatched subcell nfet$474 in circuit top_level_20250919_sc (0)(12 instances)
Flattening unmatched subcell pfet$450 in circuit top_level_20250919_sc (0)(12 instances)
Flattening unmatched subcell nfet$479 in circuit top_level_20250919_sc (0)(12 instances)
Flattening unmatched subcell pfet$448 in circuit top_level_20250919_sc (0)(36 instances)
Flattening unmatched subcell ppolyf_u_resistor$6 in circuit top_level_20250919_sc (0)(6 instances)
Flattening unmatched subcell pfet$453 in circuit top_level_20250919_sc (0)(1 instance)
Flattening unmatched subcell pfet$451 in circuit top_level_20250919_sc (0)(4 instances)
Flattening unmatched subcell OTAforChargePump$3 in circuit top_level_20250919_sc (0)(1 instance)
Flattening unmatched subcell nfet$472 in circuit top_level_20250919_sc (0)(4 instances)
Flattening unmatched subcell pfet$446 in circuit top_level_20250919_sc (0)(12 instances)
Flattening unmatched subcell nfet$473 in circuit top_level_20250919_sc (0)(2 instances)
Flattening unmatched subcell pfet$447 in circuit top_level_20250919_sc (0)(6 instances)
Flattening unmatched subcell nfet$477 in circuit top_level_20250919_sc (0)(4 instances)
Flattening unmatched subcell nfet$475 in circuit top_level_20250919_sc (0)(37 instances)
Flattening unmatched subcell cap_mim$9 in circuit top_level_20250919_sc (0)(3 instances)
Flattening unmatched subcell nfet$480 in circuit top_level_20250919_sc (0)(1 instance)
Flattening unmatched subcell pfet$449 in circuit top_level_20250919_sc (0)(6 instances)
Flattening unmatched subcell pfet$452 in circuit top_level_20250919_sc (0)(12 instances)
Flattening unmatched subcell nfet$478 in circuit top_level_20250919_sc (0)(4 instances)
Flattening unmatched subcell nfet$476 in circuit top_level_20250919_sc (0)(3 instances)
Flattening unmatched subcell pfet$463 in circuit top_level_20250919_sc (0)(3 instances)
Flattening unmatched subcell ppolyf_u_resistor$7 in circuit top_level_20250919_sc (0)(4 instances)
Flattening unmatched subcell cap_mim$10 in circuit top_level_20250919_sc (0)(1 instance)
Flattening unmatched subcell SCHMITT$5 in circuit top_level_20250919_sc (0)(2 instances)
Flattening unmatched subcell pfet$462 in circuit top_level_20250919_sc (0)(2 instances)
Flattening unmatched subcell nfet$489 in circuit top_level_20250919_sc (0)(4 instances)
Flattening unmatched subcell pfet$461 in circuit top_level_20250919_sc (0)(4 instances)
Flattening unmatched subcell nfet$490 in circuit top_level_20250919_sc (0)(2 instances)
Flattening unmatched subcell SRLATCH$1 in circuit top_level_20250919_sc (0)(1 instance)
Flattening unmatched subcell pfet$454 in circuit top_level_20250919_sc (0)(4 instances)
Flattening unmatched subcell nfet$481 in circuit top_level_20250919_sc (0)(4 instances)
Flattening unmatched subcell top_level_20250912_nosc$1 in circuit top_level_20250919_sc (0)(1 instance)
Flattening unmatched subcell xp_3_1_MUX$5 in circuit top_level_20250919_sc (0)(2 instances)
Flattening unmatched subcell nfet$433 in circuit top_level_20250919_sc (0)(4 instances)
Flattening unmatched subcell pfet$407 in circuit top_level_20250919_sc (0)(8 instances)
Flattening unmatched subcell nfet$432 in circuit top_level_20250919_sc (0)(8 instances)
Flattening unmatched subcell pfet$408 in circuit top_level_20250919_sc (0)(4 instances)
Flattening unmatched subcell asc_dual_psd_def_20250809$5 in circuit top_level_20250919_sc (0)(1 instance)
Flattening unmatched subcell pfet$356 in circuit top_level_20250919_sc (0)(14 instances)
Flattening unmatched subcell pfet$349 in circuit top_level_20250919_sc (0)(111 instances)
Flattening unmatched subcell nfet$371 in circuit top_level_20250919_sc (0)(18 instances)
Flattening unmatched subcell nfet$378 in circuit top_level_20250919_sc (0)(14 instances)
Flattening unmatched subcell pfet$351 in circuit top_level_20250919_sc (0)(36 instances)
Flattening unmatched subcell nfet$389 in circuit top_level_20250919_sc (0)(28 instances)
Flattening unmatched subcell pfet$354 in circuit top_level_20250919_sc (0)(18 instances)
Flattening unmatched subcell nfet$375 in circuit top_level_20250919_sc (0)(18 instances)
Flattening unmatched subcell pfet$352 in circuit top_level_20250919_sc (0)(18 instances)
Flattening unmatched subcell nfet$396 in circuit top_level_20250919_sc (0)(10 instances)
Flattening unmatched subcell nfet$372 in circuit top_level_20250919_sc (0)(18 instances)
Flattening unmatched subcell nfet$392 in circuit top_level_20250919_sc (0)(8 instances)
Flattening unmatched subcell pfet$377 in circuit top_level_20250919_sc (0)(3 instances)
Flattening unmatched subcell nfet$397 in circuit top_level_20250919_sc (0)(14 instances)
Flattening unmatched subcell nfet$390 in circuit top_level_20250919_sc (0)(18 instances)
Flattening unmatched subcell pfet$375 in circuit top_level_20250919_sc (0)(2 instances)
Flattening unmatched subcell nfet$403 in circuit top_level_20250919_sc (0)(2 instances)
Flattening unmatched subcell pfet$348 in circuit top_level_20250919_sc (0)(111 instances)
Flattening unmatched subcell nfet$383 in circuit top_level_20250919_sc (0)(8 instances)
Flattening unmatched subcell pfet$368 in circuit top_level_20250919_sc (0)(1 instance)
Flattening unmatched subcell nfet$370 in circuit top_level_20250919_sc (0)(83 instances)
Flattening unmatched subcell pfet$350 in circuit top_level_20250919_sc (0)(36 instances)
Flattening unmatched subcell nfet$373 in circuit top_level_20250919_sc (0)(83 instances)
Flattening unmatched subcell nfet$376 in circuit top_level_20250919_sc (0)(3 instances)
Flattening unmatched subcell pfet$380 in circuit top_level_20250919_sc (0)(1 instance)
Flattening unmatched subcell nfet$369 in circuit top_level_20250919_sc (0)(28 instances)
Flattening unmatched subcell pfet$373 in circuit top_level_20250919_sc (0)(8 instances)
Flattening unmatched subcell nfet$401 in circuit top_level_20250919_sc (0)(4 instances)
Flattening unmatched subcell pfet$374 in circuit top_level_20250919_sc (0)(14 instances)
Flattening unmatched subcell nfet$399 in circuit top_level_20250919_sc (0)(8 instances)
Flattening unmatched subcell nfet$381 in circuit top_level_20250919_sc (0)(8 instances)
Flattening unmatched subcell pfet$366 in circuit top_level_20250919_sc (0)(8 instances)
Flattening unmatched subcell pfet$359 in circuit top_level_20250919_sc (0)(8 instances)
Flattening unmatched subcell nfet$374 in circuit top_level_20250919_sc (0)(18 instances)
Flattening unmatched subcell pfet$371 in circuit top_level_20250919_sc (0)(2 instances)
Flattening unmatched subcell pfet$364 in circuit top_level_20250919_sc (0)(1 instance)
Flattening unmatched subcell pfet$357 in circuit top_level_20250919_sc (0)(8 instances)
Flattening unmatched subcell nfet$395 in circuit top_level_20250919_sc (0)(2 instances)
Flattening unmatched subcell pfet$362 in circuit top_level_20250919_sc (0)(5 instances)
Flattening unmatched subcell nfet$388 in circuit top_level_20250919_sc (0)(2 instances)
Flattening unmatched subcell pfet$355 in circuit top_level_20250919_sc (0)(3 instances)
Flattening unmatched subcell nfet$393 in circuit top_level_20250919_sc (0)(8 instances)
Flattening unmatched subcell pfet$378 in circuit top_level_20250919_sc (0)(5 instances)
Flattening unmatched subcell pfet$353 in circuit top_level_20250919_sc (0)(14 instances)
Flattening unmatched subcell pfet$360 in circuit top_level_20250919_sc (0)(8 instances)
Flattening unmatched subcell nfet$386 in circuit top_level_20250919_sc (0)(4 instances)
Flattening unmatched subcell nfet$379 in circuit top_level_20250919_sc (0)(8 instances)
Flattening unmatched subcell nfet$391 in circuit top_level_20250919_sc (0)(1 instance)
Flattening unmatched subcell pfet$376 in circuit top_level_20250919_sc (0)(4 instances)
Flattening unmatched subcell nfet$404 in circuit top_level_20250919_sc (0)(2 instances)
Flattening unmatched subcell nfet$384 in circuit top_level_20250919_sc (0)(4 instances)
Flattening unmatched subcell pfet$369 in circuit top_level_20250919_sc (0)(2 instances)
Flattening unmatched subcell nfet$377 in circuit top_level_20250919_sc (0)(14 instances)
Flattening unmatched subcell nfet$402 in circuit top_level_20250919_sc (0)(3 instances)
Flattening unmatched subcell pfet$367 in circuit top_level_20250919_sc (0)(8 instances)
Flattening unmatched subcell nfet$382 in circuit top_level_20250919_sc (0)(18 instances)
Flattening unmatched subcell pfet$372 in circuit top_level_20250919_sc (0)(8 instances)
Flattening unmatched subcell nfet$400 in circuit top_level_20250919_sc (0)(2 instances)
Flattening unmatched subcell nfet$398 in circuit top_level_20250919_sc (0)(8 instances)
Flattening unmatched subcell nfet$380 in circuit top_level_20250919_sc (0)(3 instances)
Flattening unmatched subcell pfet$365 in circuit top_level_20250919_sc (0)(3 instances)
Flattening unmatched subcell pfet$358 in circuit top_level_20250919_sc (0)(1 instance)
Flattening unmatched subcell pfet$370 in circuit top_level_20250919_sc (0)(8 instances)
Flattening unmatched subcell pfet$363 in circuit top_level_20250919_sc (0)(2 instances)
Flattening unmatched subcell nfet$394 in circuit top_level_20250919_sc (0)(2 instances)
Flattening unmatched subcell pfet$379 in circuit top_level_20250919_sc (0)(1 instance)
Flattening unmatched subcell pfet$361 in circuit top_level_20250919_sc (0)(3 instances)
Flattening unmatched subcell nfet$387 in circuit top_level_20250919_sc (0)(1 instance)
Flattening unmatched subcell nfet$405 in circuit top_level_20250919_sc (0)(1 instance)
Flattening unmatched subcell nfet$385 in circuit top_level_20250919_sc (0)(1 instance)
Flattening unmatched subcell asc_drive_buffer$5 in circuit top_level_20250919_sc (0)(1 instance)
Flattening unmatched subcell nfet$440 in circuit top_level_20250919_sc (0)(1 instance)
Flattening unmatched subcell pfet$416 in circuit top_level_20250919_sc (0)(1 instance)
Flattening unmatched subcell pfet$414 in circuit top_level_20250919_sc (0)(1 instance)
Flattening unmatched subcell nfet$441 in circuit top_level_20250919_sc (0)(1 instance)
Flattening unmatched subcell pfet$417 in circuit top_level_20250919_sc (0)(1 instance)
Flattening unmatched subcell pfet$415 in circuit top_level_20250919_sc (0)(1 instance)
Flattening unmatched subcell nfet$439 in circuit top_level_20250919_sc (0)(1 instance)
Flattening unmatched subcell nfet$442 in circuit top_level_20250919_sc (0)(1 instance)
Flattening unmatched subcell xp_programmable_basic_pump$2 in circuit top_level_20250919_sc (0)(1 instance)
Flattening unmatched subcell inv1u05u$3 in circuit top_level_20250919_sc (0)(4 instances)
Flattening unmatched subcell nfet$410 in circuit top_level_20250919_sc (0)(4 instances)
Flattening unmatched subcell pfet$385 in circuit top_level_20250919_sc (0)(4 instances)
Flattening unmatched subcell pfet$381 in circuit top_level_20250919_sc (0)(26 instances)
Flattening unmatched subcell pass1u05u$3 in circuit top_level_20250919_sc (0)(8 instances)
Flattening unmatched subcell nfet$409 in circuit top_level_20250919_sc (0)(8 instances)
Flattening unmatched subcell pfet$384 in circuit top_level_20250919_sc (0)(8 instances)
Flattening unmatched subcell nfet$407 in circuit top_level_20250919_sc (0)(14 instances)
Flattening unmatched subcell pfet$382 in circuit top_level_20250919_sc (0)(6 instances)
Flattening unmatched subcell nfet$406 in circuit top_level_20250919_sc (0)(16 instances)
Flattening unmatched subcell nfet$408 in circuit top_level_20250919_sc (0)(16 instances)
Flattening unmatched subcell pfet$383 in circuit top_level_20250919_sc (0)(24 instances)
Flattening unmatched subcell nfet$411 in circuit top_level_20250919_sc (0)(4 instances)
Flattening unmatched subcell pfet$386 in circuit top_level_20250919_sc (0)(4 instances)
Flattening unmatched subcell asc_PFD_DFF_20250831$2 in circuit top_level_20250919_sc (0)(2 instances)
Flattening unmatched subcell nfet$453 in circuit top_level_20250919_sc (0)(26 instances)
Flattening unmatched subcell pfet$427 in circuit top_level_20250919_sc (0)(42 instances)
Flattening unmatched subcell pfet$425 in circuit top_level_20250919_sc (0)(8 instances)
Flattening unmatched subcell pfet$418 in circuit top_level_20250919_sc (0)(8 instances)
Flattening unmatched subcell pfet$430 in circuit top_level_20250919_sc (0)(4 instances)
Flattening unmatched subcell nfet$456 in circuit top_level_20250919_sc (0)(4 instances)
Flattening unmatched subcell pfet$423 in circuit top_level_20250919_sc (0)(8 instances)
Flattening unmatched subcell nfet$449 in circuit top_level_20250919_sc (0)(8 instances)
Flattening unmatched subcell nfet$454 in circuit top_level_20250919_sc (0)(4 instances)
Flattening unmatched subcell pfet$421 in circuit top_level_20250919_sc (0)(2 instances)
Flattening unmatched subcell nfet$447 in circuit top_level_20250919_sc (0)(4 instances)
Flattening unmatched subcell nfet$452 in circuit top_level_20250919_sc (0)(16 instances)
Flattening unmatched subcell nfet$445 in circuit top_level_20250919_sc (0)(10 instances)
Flattening unmatched subcell nfet$450 in circuit top_level_20250919_sc (0)(8 instances)
Flattening unmatched subcell nfet$443 in circuit top_level_20250919_sc (0)(8 instances)
Flattening unmatched subcell pfet$428 in circuit top_level_20250919_sc (0)(4 instances)
Flattening unmatched subcell pfet$426 in circuit top_level_20250919_sc (0)(4 instances)
Flattening unmatched subcell pfet$419 in circuit top_level_20250919_sc (0)(8 instances)
Flattening unmatched subcell pfet$424 in circuit top_level_20250919_sc (0)(8 instances)
Flattening unmatched subcell nfet$455 in circuit top_level_20250919_sc (0)(8 instances)
Flattening unmatched subcell pfet$422 in circuit top_level_20250919_sc (0)(4 instances)
Flattening unmatched subcell nfet$448 in circuit top_level_20250919_sc (0)(8 instances)
Flattening unmatched subcell pfet$420 in circuit top_level_20250919_sc (0)(10 instances)
Flattening unmatched subcell nfet$446 in circuit top_level_20250919_sc (0)(2 instances)
Flattening unmatched subcell nfet$451 in circuit top_level_20250919_sc (0)(4 instances)
Flattening unmatched subcell nfet$444 in circuit top_level_20250919_sc (0)(8 instances)
Flattening unmatched subcell pfet$429 in circuit top_level_20250919_sc (0)(8 instances)
Flattening unmatched subcell asc_drive_buffer_up$2 in circuit top_level_20250919_sc (0)(1 instance)
Flattening unmatched subcell pfet$409 in circuit top_level_20250919_sc (0)(1 instance)
Flattening unmatched subcell pfet$412 in circuit top_level_20250919_sc (0)(1 instance)
Flattening unmatched subcell nfet$438 in circuit top_level_20250919_sc (0)(1 instance)
Flattening unmatched subcell pfet$410 in circuit top_level_20250919_sc (0)(1 instance)
Flattening unmatched subcell nfet$436 in circuit top_level_20250919_sc (0)(1 instance)
Flattening unmatched subcell nfet$434 in circuit top_level_20250919_sc (0)(1 instance)
Flattening unmatched subcell pfet$413 in circuit top_level_20250919_sc (0)(1 instance)
Flattening unmatched subcell pfet$411 in circuit top_level_20250919_sc (0)(1 instance)
Flattening unmatched subcell nfet$437 in circuit top_level_20250919_sc (0)(1 instance)
Flattening unmatched subcell nfet$435 in circuit top_level_20250919_sc (0)(1 instance)
Flattening unmatched subcell BIAS$2 in circuit top_level_20250919_sc (0)(1 instance)
Flattening unmatched subcell pfet$431 in circuit top_level_20250919_sc (0)(16 instances)
Flattening unmatched subcell nfet$457 in circuit top_level_20250919_sc (0)(8 instances)
Flattening unmatched subcell asc_lock_detector_20250826$2 in circuit top_level_20250919_sc (0)(1 instance)
Flattening unmatched subcell pfet$402 in circuit top_level_20250919_sc (0)(3 instances)
Flattening unmatched subcell pfet$393 in circuit top_level_20250919_sc (0)(8 instances)
Flattening unmatched subcell nfet$428 in circuit top_level_20250919_sc (0)(2 instances)
Flattening unmatched subcell pfet$400 in circuit top_level_20250919_sc (0)(3 instances)
Flattening unmatched subcell pfet$398 in circuit top_level_20250919_sc (0)(8 instances)
Flattening unmatched subcell nfet$426 in circuit top_level_20250919_sc (0)(14 instances)
Flattening unmatched subcell nfet$419 in circuit top_level_20250919_sc (0)(8 instances)
Flattening unmatched subcell nfet$431 in circuit top_level_20250919_sc (0)(1 instance)
Flattening unmatched subcell pfet$396 in circuit top_level_20250919_sc (0)(14 instances)
Flattening unmatched subcell nfet$424 in circuit top_level_20250919_sc (0)(8 instances)
Flattening unmatched subcell nfet$417 in circuit top_level_20250919_sc (0)(8 instances)
Flattening unmatched subcell nfet$422 in circuit top_level_20250919_sc (0)(3 instances)
Flattening unmatched subcell pfet$394 in circuit top_level_20250919_sc (0)(8 instances)
Flattening unmatched subcell nfet$420 in circuit top_level_20250919_sc (0)(3 instances)
Flattening unmatched subcell pfet$392 in circuit top_level_20250919_sc (0)(8 instances)
Flattening unmatched subcell pfet$405 in circuit top_level_20250919_sc (0)(2 instances)
Flattening unmatched subcell pfet$403 in circuit top_level_20250919_sc (0)(2 instances)
Flattening unmatched subcell nfet$429 in circuit top_level_20250919_sc (0)(1 instance)
Flattening unmatched subcell pfet$401 in circuit top_level_20250919_sc (0)(3 instances)
Flattening unmatched subcell pfet$399 in circuit top_level_20250919_sc (0)(3 instances)
Flattening unmatched subcell nfet$427 in circuit top_level_20250919_sc (0)(3 instances)
Flattening unmatched subcell nfet$425 in circuit top_level_20250919_sc (0)(8 instances)
Flattening unmatched subcell pfet$397 in circuit top_level_20250919_sc (0)(8 instances)
Flattening unmatched subcell nfet$418 in circuit top_level_20250919_sc (0)(8 instances)
Flattening unmatched subcell nfet$430 in circuit top_level_20250919_sc (0)(2 instances)
Flattening unmatched subcell nfet$423 in circuit top_level_20250919_sc (0)(8 instances)
Flattening unmatched subcell pfet$395 in circuit top_level_20250919_sc (0)(8 instances)
Flattening unmatched subcell nfet$421 in circuit top_level_20250919_sc (0)(3 instances)
Flattening unmatched subcell pfet$406 in circuit top_level_20250919_sc (0)(1 instance)
Flattening unmatched subcell pfet$404 in circuit top_level_20250919_sc (0)(1 instance)
Flattening unmatched subcell asc_hysteresis_buffer$7 in circuit top_level_20250919_sc (0)(1 instance)
Flattening unmatched subcell pfet$389 in circuit top_level_20250919_sc (0)(1 instance)
Flattening unmatched subcell pfet$387 in circuit top_level_20250919_sc (0)(1 instance)
Flattening unmatched subcell nfet$415 in circuit top_level_20250919_sc (0)(1 instance)
Flattening unmatched subcell nfet$413 in circuit top_level_20250919_sc (0)(1 instance)
Flattening unmatched subcell pfet$390 in circuit top_level_20250919_sc (0)(1 instance)
Flattening unmatched subcell pfet$388 in circuit top_level_20250919_sc (0)(1 instance)
Flattening unmatched subcell nfet$416 in circuit top_level_20250919_sc (0)(1 instance)
Flattening unmatched subcell nfet$414 in circuit top_level_20250919_sc (0)(1 instance)
Flattening unmatched subcell pfet$391 in circuit top_level_20250919_sc (0)(1 instance)
Flattening unmatched subcell nfet$412 in circuit top_level_20250919_sc (0)(1 instance)
Flattening unmatched subcell CSRVCO_20250823$2 in circuit top_level_20250919_sc (0)(1 instance)
Flattening unmatched subcell pfet$432 in circuit top_level_20250919_sc (0)(15 instances)
Flattening unmatched subcell cap_mim$8 in circuit top_level_20250919_sc (0)(7 instances)
Flattening unmatched subcell nfet$458 in circuit top_level_20250919_sc (0)(15 instances)
Flattening unmatched subcell nfet$459 in circuit top_level_20250919_sc (0)(2 instances)
Flattening unmatched subcell pfet$433 in circuit top_level_20250919_sc (0)(2 instances)
Flattening unmatched subcell nfet$460 in circuit top_level_20250919_sc (0)(2 instances)
Flattening unmatched subcell pfet$434 in circuit top_level_20250919_sc (0)(2 instances)
Flattening unmatched subcell xp_3_1_MUX$4 in circuit top_level_20250919_sc (0)(6 instances)
Flattening unmatched subcell nfet$433 in circuit top_level_20250919_sc (0)(12 instances)
Flattening unmatched subcell pfet$407 in circuit top_level_20250919_sc (0)(24 instances)
Flattening unmatched subcell nfet$432 in circuit top_level_20250919_sc (0)(24 instances)
Flattening unmatched subcell pfet$408 in circuit top_level_20250919_sc (0)(12 instances)
Flattening unmatched subcell asc_dual_psd_def_20250809$4 in circuit top_level_20250919_sc (0)(1 instance)
Flattening unmatched subcell pfet$356 in circuit top_level_20250919_sc (0)(14 instances)
Flattening unmatched subcell pfet$349 in circuit top_level_20250919_sc (0)(111 instances)
Flattening unmatched subcell nfet$371 in circuit top_level_20250919_sc (0)(18 instances)
Flattening unmatched subcell nfet$378 in circuit top_level_20250919_sc (0)(14 instances)
Flattening unmatched subcell pfet$351 in circuit top_level_20250919_sc (0)(36 instances)
Flattening unmatched subcell nfet$389 in circuit top_level_20250919_sc (0)(28 instances)
Flattening unmatched subcell pfet$354 in circuit top_level_20250919_sc (0)(18 instances)
Flattening unmatched subcell nfet$375 in circuit top_level_20250919_sc (0)(18 instances)
Flattening unmatched subcell pfet$352 in circuit top_level_20250919_sc (0)(18 instances)
Flattening unmatched subcell nfet$396 in circuit top_level_20250919_sc (0)(10 instances)
Flattening unmatched subcell nfet$372 in circuit top_level_20250919_sc (0)(18 instances)
Flattening unmatched subcell nfet$392 in circuit top_level_20250919_sc (0)(8 instances)
Flattening unmatched subcell pfet$377 in circuit top_level_20250919_sc (0)(3 instances)
Flattening unmatched subcell nfet$397 in circuit top_level_20250919_sc (0)(14 instances)
Flattening unmatched subcell nfet$390 in circuit top_level_20250919_sc (0)(18 instances)
Flattening unmatched subcell pfet$375 in circuit top_level_20250919_sc (0)(2 instances)
Flattening unmatched subcell nfet$403 in circuit top_level_20250919_sc (0)(2 instances)
Flattening unmatched subcell pfet$348 in circuit top_level_20250919_sc (0)(111 instances)
Flattening unmatched subcell nfet$383 in circuit top_level_20250919_sc (0)(8 instances)
Flattening unmatched subcell pfet$368 in circuit top_level_20250919_sc (0)(1 instance)
Flattening unmatched subcell nfet$370 in circuit top_level_20250919_sc (0)(83 instances)
Flattening unmatched subcell pfet$350 in circuit top_level_20250919_sc (0)(36 instances)
Flattening unmatched subcell nfet$373 in circuit top_level_20250919_sc (0)(83 instances)
Flattening unmatched subcell nfet$376 in circuit top_level_20250919_sc (0)(3 instances)
Flattening unmatched subcell pfet$380 in circuit top_level_20250919_sc (0)(1 instance)
Flattening unmatched subcell nfet$369 in circuit top_level_20250919_sc (0)(28 instances)
Flattening unmatched subcell pfet$373 in circuit top_level_20250919_sc (0)(8 instances)
Flattening unmatched subcell nfet$401 in circuit top_level_20250919_sc (0)(4 instances)
Flattening unmatched subcell pfet$374 in circuit top_level_20250919_sc (0)(14 instances)
Flattening unmatched subcell nfet$399 in circuit top_level_20250919_sc (0)(8 instances)
Flattening unmatched subcell nfet$381 in circuit top_level_20250919_sc (0)(8 instances)
Flattening unmatched subcell pfet$366 in circuit top_level_20250919_sc (0)(8 instances)
Flattening unmatched subcell pfet$359 in circuit top_level_20250919_sc (0)(8 instances)
Flattening unmatched subcell nfet$374 in circuit top_level_20250919_sc (0)(18 instances)
Flattening unmatched subcell pfet$371 in circuit top_level_20250919_sc (0)(2 instances)
Flattening unmatched subcell pfet$364 in circuit top_level_20250919_sc (0)(1 instance)
Flattening unmatched subcell pfet$357 in circuit top_level_20250919_sc (0)(8 instances)
Flattening unmatched subcell nfet$395 in circuit top_level_20250919_sc (0)(2 instances)
Flattening unmatched subcell pfet$362 in circuit top_level_20250919_sc (0)(5 instances)
Flattening unmatched subcell nfet$388 in circuit top_level_20250919_sc (0)(2 instances)
Flattening unmatched subcell pfet$355 in circuit top_level_20250919_sc (0)(3 instances)
Flattening unmatched subcell nfet$393 in circuit top_level_20250919_sc (0)(8 instances)
Flattening unmatched subcell pfet$378 in circuit top_level_20250919_sc (0)(5 instances)
Flattening unmatched subcell pfet$353 in circuit top_level_20250919_sc (0)(14 instances)
Flattening unmatched subcell pfet$360 in circuit top_level_20250919_sc (0)(8 instances)
Flattening unmatched subcell nfet$386 in circuit top_level_20250919_sc (0)(4 instances)
Flattening unmatched subcell nfet$379 in circuit top_level_20250919_sc (0)(8 instances)
Flattening unmatched subcell nfet$391 in circuit top_level_20250919_sc (0)(1 instance)
Flattening unmatched subcell pfet$376 in circuit top_level_20250919_sc (0)(4 instances)
Flattening unmatched subcell nfet$404 in circuit top_level_20250919_sc (0)(2 instances)
Flattening unmatched subcell nfet$384 in circuit top_level_20250919_sc (0)(4 instances)
Flattening unmatched subcell pfet$369 in circuit top_level_20250919_sc (0)(2 instances)
Flattening unmatched subcell nfet$377 in circuit top_level_20250919_sc (0)(14 instances)
Flattening unmatched subcell nfet$402 in circuit top_level_20250919_sc (0)(3 instances)
Flattening unmatched subcell pfet$367 in circuit top_level_20250919_sc (0)(8 instances)
Flattening unmatched subcell nfet$382 in circuit top_level_20250919_sc (0)(18 instances)
Flattening unmatched subcell pfet$372 in circuit top_level_20250919_sc (0)(8 instances)
Flattening unmatched subcell nfet$400 in circuit top_level_20250919_sc (0)(2 instances)
Flattening unmatched subcell nfet$398 in circuit top_level_20250919_sc (0)(8 instances)
Flattening unmatched subcell nfet$380 in circuit top_level_20250919_sc (0)(3 instances)
Flattening unmatched subcell pfet$365 in circuit top_level_20250919_sc (0)(3 instances)
Flattening unmatched subcell pfet$358 in circuit top_level_20250919_sc (0)(1 instance)
Flattening unmatched subcell pfet$370 in circuit top_level_20250919_sc (0)(8 instances)
Flattening unmatched subcell pfet$363 in circuit top_level_20250919_sc (0)(2 instances)
Flattening unmatched subcell nfet$394 in circuit top_level_20250919_sc (0)(2 instances)
Flattening unmatched subcell pfet$379 in circuit top_level_20250919_sc (0)(1 instance)
Flattening unmatched subcell pfet$361 in circuit top_level_20250919_sc (0)(3 instances)
Flattening unmatched subcell nfet$387 in circuit top_level_20250919_sc (0)(1 instance)
Flattening unmatched subcell nfet$405 in circuit top_level_20250919_sc (0)(1 instance)
Flattening unmatched subcell nfet$385 in circuit top_level_20250919_sc (0)(1 instance)
Flattening unmatched subcell asc_drive_buffer$4 in circuit top_level_20250919_sc (0)(7 instances)
Flattening unmatched subcell nfet$440 in circuit top_level_20250919_sc (0)(7 instances)
Flattening unmatched subcell pfet$416 in circuit top_level_20250919_sc (0)(7 instances)
Flattening unmatched subcell pfet$414 in circuit top_level_20250919_sc (0)(7 instances)
Flattening unmatched subcell nfet$441 in circuit top_level_20250919_sc (0)(7 instances)
Flattening unmatched subcell pfet$417 in circuit top_level_20250919_sc (0)(7 instances)
Flattening unmatched subcell pfet$415 in circuit top_level_20250919_sc (0)(7 instances)
Flattening unmatched subcell nfet$439 in circuit top_level_20250919_sc (0)(7 instances)
Flattening unmatched subcell nfet$442 in circuit top_level_20250919_sc (0)(7 instances)
Flattening unmatched subcell asc_hysteresis_buffer$8 in circuit top_level_20250919_sc (0)(1 instance)
Flattening unmatched subcell pfet$389 in circuit top_level_20250919_sc (0)(1 instance)
Flattening unmatched subcell pfet$387 in circuit top_level_20250919_sc (0)(1 instance)
Flattening unmatched subcell nfet$415 in circuit top_level_20250919_sc (0)(1 instance)
Flattening unmatched subcell nfet$413 in circuit top_level_20250919_sc (0)(1 instance)
Flattening unmatched subcell pfet$390 in circuit top_level_20250919_sc (0)(1 instance)
Flattening unmatched subcell pfet$388 in circuit top_level_20250919_sc (0)(1 instance)
Flattening unmatched subcell nfet$416 in circuit top_level_20250919_sc (0)(1 instance)
Flattening unmatched subcell nfet$414 in circuit top_level_20250919_sc (0)(1 instance)
Flattening unmatched subcell pfet$391 in circuit top_level_20250919_sc (0)(1 instance)
Flattening unmatched subcell nfet$412 in circuit top_level_20250919_sc (0)(1 instance)
Flattening unmatched subcell asc_hysteresis_buffer$10 in circuit top_level_20250919_sc (0)(1 instance)
Flattening unmatched subcell nfet$495 in circuit top_level_20250919_sc (0)(1 instance)
Flattening unmatched subcell nfet$493 in circuit top_level_20250919_sc (0)(1 instance)
Flattening unmatched subcell pfet$467 in circuit top_level_20250919_sc (0)(1 instance)
Flattening unmatched subcell pfet$465 in circuit top_level_20250919_sc (0)(1 instance)
Flattening unmatched subcell nfet$496 in circuit top_level_20250919_sc (0)(1 instance)
Flattening unmatched subcell nfet$494 in circuit top_level_20250919_sc (0)(1 instance)
Flattening unmatched subcell nfet$492 in circuit top_level_20250919_sc (0)(1 instance)
Flattening unmatched subcell pfet$468 in circuit top_level_20250919_sc (0)(1 instance)
Flattening unmatched subcell pfet$466 in circuit top_level_20250919_sc (0)(1 instance)
Flattening unmatched subcell pfet$464 in circuit top_level_20250919_sc (0)(1 instance)
Flattening unmatched subcell scan_chain in circuit top_level_20250919_sc (1)(1 instance)
Flattening unmatched subcell SRegister_10 in circuit top_level_20250919_sc (1)(5 instances)
Flattening unmatched subcell Register_unitcell in circuit top_level_20250919_sc (1)(50 instances)
Flattening unmatched subcell gf180mcu_fd_sc_mcu9t5v0__inv_1 in circuit top_level_20250919_sc (1)(50 instances)
Flattening unmatched subcell DFF_2phase_1 in circuit top_level_20250919_sc (1)(50 instances)
Flattening unmatched subcell gf180mcu_fd_sc_mcu9t5v0__latq_1 in circuit top_level_20250919_sc (1)(100 instances)
Flattening unmatched subcell gf180mcu_fd_sc_mcu9t5v0__and2_1 in circuit top_level_20250919_sc (1)(100 instances)
Flattening unmatched subcell gf180mcu_fd_sc_mcu9t5v0__or2_1 in circuit top_level_20250919_sc (1)(50 instances)
Flattening unmatched subcell asc_hysteresis_buffer in circuit top_level_20250919_sc (1)(3 instances)
Flattening unmatched subcell inv1u05u in circuit top_level_20250919_sc (1)(3 instances)
Flattening unmatched subcell SCHMITT in circuit top_level_20250919_sc (1)(1 instance)
Flattening unmatched subcell qw_NOLclk in circuit top_level_20250919_sc (1)(1 instance)
Flattening unmatched subcell SmallW_Linv in circuit top_level_20250919_sc (1)(2 instances)
Flattening unmatched subcell SmallW_Linv_2 in circuit top_level_20250919_sc (1)(4 instances)
Flattening unmatched subcell inv1u05u in circuit top_level_20250919_sc (1)(4 instances)
Flattening unmatched subcell asc_NAND in circuit top_level_20250919_sc (1)(2 instances)
Flattening unmatched subcell top_level_20250919_nosc in circuit top_level_20250919_sc (1)(1 instance)
Flattening unmatched subcell xp_3_1_MUX in circuit top_level_20250919_sc (1)(8 instances)
Flattening unmatched subcell pass1u05u in circuit top_level_20250919_sc (1)(32 instances)
Flattening unmatched subcell inv1u05u in circuit top_level_20250919_sc (1)(16 instances)
Flattening unmatched subcell asc_drive_buffer in circuit top_level_20250919_sc (1)(8 instances)
Flattening unmatched subcell asc_drive_buffer_up in circuit top_level_20250919_sc (1)(1 instance)
Flattening unmatched subcell xp_programmable_basic_pump in circuit top_level_20250919_sc (1)(1 instance)
Flattening unmatched subcell pass1u05u in circuit top_level_20250919_sc (1)(8 instances)
Flattening unmatched subcell inv1u05u in circuit top_level_20250919_sc (1)(4 instances)
Flattening unmatched subcell asc_dual_psd_def_20250809 in circuit top_level_20250919_sc (1)(2 instances)
Flattening unmatched subcell asc_OR in circuit top_level_20250919_sc (1)(2 instances)
Flattening unmatched subcell asc_NOR in circuit top_level_20250919_sc (1)(2 instances)
Flattening unmatched subcell inv1u05u in circuit top_level_20250919_sc (1)(2 instances)
Flattening unmatched subcell asc_swallow_counter_20250809 in circuit top_level_20250919_sc (1)(2 instances)
Flattening unmatched subcell asc_SR_latch in circuit top_level_20250919_sc (1)(2 instances)
Flattening unmatched subcell asc_NOR in circuit top_level_20250919_sc (1)(4 instances)
Flattening unmatched subcell asc_9_bit_counter_20250809 in circuit top_level_20250919_sc (1)(4 instances)
Flattening unmatched subcell asc_XNOR in circuit top_level_20250919_sc (1)(36 instances)
Flattening unmatched subcell inv1u05u in circuit top_level_20250919_sc (1)(108 instances)
Flattening unmatched subcell asc_dff_rst in circuit top_level_20250919_sc (1)(36 instances)
Flattening unmatched subcell inv1u05u in circuit top_level_20250919_sc (1)(252 instances)
Flattening unmatched subcell pass1u05u in circuit top_level_20250919_sc (1)(144 instances)
Flattening unmatched subcell asc_NAND in circuit top_level_20250919_sc (1)(72 instances)
Flattening unmatched subcell asc_AND_9_20250809 in circuit top_level_20250919_sc (1)(4 instances)
Flattening unmatched subcell asc_AND in circuit top_level_20250919_sc (1)(8 instances)
Flattening unmatched subcell asc_NAND in circuit top_level_20250919_sc (1)(24 instances)
Flattening unmatched subcell inv1u05u in circuit top_level_20250919_sc (1)(8 instances)
Flattening unmatched subcell asc_NOR in circuit top_level_20250919_sc (1)(8 instances)
Flattening unmatched subcell asc_dual_mod_pre_2_3_20250809 in circuit top_level_20250919_sc (1)(2 instances)
Flattening unmatched subcell asc_OR in circuit top_level_20250919_sc (1)(2 instances)
Flattening unmatched subcell asc_NOR in circuit top_level_20250919_sc (1)(2 instances)
Flattening unmatched subcell inv1u05u in circuit top_level_20250919_sc (1)(2 instances)
Flattening unmatched subcell asc_AND in circuit top_level_20250919_sc (1)(2 instances)
Flattening unmatched subcell asc_NAND in circuit top_level_20250919_sc (1)(2 instances)
Flattening unmatched subcell inv1u05u in circuit top_level_20250919_sc (1)(2 instances)
Flattening unmatched subcell asc_dff_rst in circuit top_level_20250919_sc (1)(4 instances)
Flattening unmatched subcell inv1u05u in circuit top_level_20250919_sc (1)(28 instances)
Flattening unmatched subcell pass1u05u in circuit top_level_20250919_sc (1)(16 instances)
Flattening unmatched subcell asc_NAND in circuit top_level_20250919_sc (1)(8 instances)
Flattening unmatched subcell CSRVCO_20250823 in circuit top_level_20250919_sc (1)(1 instance)
Flattening unmatched subcell asc_delay in circuit top_level_20250919_sc (1)(1 instance)
Flattening unmatched subcell inv1u05u in circuit top_level_20250919_sc (1)(2 instances)
Flattening unmatched subcell asc_lock_detector_20250826 in circuit top_level_20250919_sc (1)(1 instance)
Flattening unmatched subcell asc_AND in circuit top_level_20250919_sc (1)(1 instance)
Flattening unmatched subcell asc_NAND in circuit top_level_20250919_sc (1)(1 instance)
Flattening unmatched subcell inv1u05u in circuit top_level_20250919_sc (1)(1 instance)
Flattening unmatched subcell asc_dff_rst in circuit top_level_20250919_sc (1)(2 instances)
Flattening unmatched subcell inv1u05u in circuit top_level_20250919_sc (1)(14 instances)
Flattening unmatched subcell pass1u05u in circuit top_level_20250919_sc (1)(8 instances)
Flattening unmatched subcell asc_NAND in circuit top_level_20250919_sc (1)(4 instances)
Flattening unmatched subcell asc_delay_LD in circuit top_level_20250919_sc (1)(2 instances)
Flattening unmatched subcell asc_drive_buffer in circuit top_level_20250919_sc (1)(8 instances)
Flattening unmatched subcell asc_pulse_ex in circuit top_level_20250919_sc (1)(1 instance)
Flattening unmatched subcell asc_drive_buffer in circuit top_level_20250919_sc (1)(3 instances)
Flattening unmatched subcell asc_OR in circuit top_level_20250919_sc (1)(1 instance)
Flattening unmatched subcell asc_NOR in circuit top_level_20250919_sc (1)(1 instance)
Flattening unmatched subcell inv1u05u in circuit top_level_20250919_sc (1)(1 instance)
Flattening unmatched subcell asc_hysteresis_buffer in circuit top_level_20250919_sc (1)(3 instances)
Flattening unmatched subcell inv1u05u in circuit top_level_20250919_sc (1)(3 instances)
Flattening unmatched subcell asc_PFD_DFF_20250831 in circuit top_level_20250919_sc (1)(2 instances)
Flattening unmatched subcell inv1u05u in circuit top_level_20250919_sc (1)(2 instances)
Flattening unmatched subcell asc_delay in circuit top_level_20250919_sc (1)(2 instances)
Flattening unmatched subcell inv1u05u in circuit top_level_20250919_sc (1)(4 instances)
Flattening unmatched subcell asc_NAND in circuit top_level_20250919_sc (1)(2 instances)
Flattening unmatched subcell asc_dff_rst_20250831 in circuit top_level_20250919_sc (1)(4 instances)
Flattening unmatched subcell inv1u05u in circuit top_level_20250919_sc (1)(20 instances)
Flattening unmatched subcell pass1u05u in circuit top_level_20250919_sc (1)(16 instances)
Flattening unmatched subcell asc_NAND in circuit top_level_20250919_sc (1)(8 instances)
Flattening unmatched subcell qw_NOLclk in circuit top_level_20250919_sc (1)(4 instances)
Flattening unmatched subcell SmallW_Linv in circuit top_level_20250919_sc (1)(8 instances)
Flattening unmatched subcell SmallW_Linv_2 in circuit top_level_20250919_sc (1)(16 instances)
Flattening unmatched subcell inv1u05u in circuit top_level_20250919_sc (1)(16 instances)
Flattening unmatched subcell asc_NAND in circuit top_level_20250919_sc (1)(8 instances)
Flattening unmatched subcell BIAS in circuit top_level_20250919_sc (1)(1 instance)
Flattening unmatched subcell VCOfinal in circuit top_level_20250919_sc (1)(1 instance)
Flattening unmatched subcell INV in circuit top_level_20250919_sc (1)(3 instances)
Flattening unmatched subcell PCP1248X in circuit top_level_20250919_sc (1)(1 instance)
Flattening unmatched subcell OTAforChargePump in circuit top_level_20250919_sc (1)(1 instance)
Flattening unmatched subcell inv1u05u in circuit top_level_20250919_sc (1)(4 instances)
Flattening unmatched subcell TG in circuit top_level_20250919_sc (1)(8 instances)
Flattening unmatched subcell SRLATCH in circuit top_level_20250919_sc (1)(1 instance)
Flattening unmatched subcell NOR in circuit top_level_20250919_sc (1)(2 instances)
Flattening unmatched subcell Ncomparator in circuit top_level_20250919_sc (1)(1 instance)
Flattening unmatched subcell Pcomparator in circuit top_level_20250919_sc (1)(1 instance)
Flattening unmatched subcell SCHMITT in circuit top_level_20250919_sc (1)(2 instances)

Class top_level_20250919_sc (0):  Merged 2236 parallel devices.
Class top_level_20250919_sc (0):  Merged 6 series devices.
Class top_level_20250919_sc (1):  Merged 18 parallel devices.
Class top_level_20250919_sc (1):  Merged 6 series devices.
Subcircuit summary:
Circuit 1: top_level_20250919_sc           |Circuit 2: top_level_20250919_sc           
-------------------------------------------|-------------------------------------------
nfet_03v3 (2414->1386)                     |nfet_03v3 (1481->1386)                     
pfet_03v3 (2594->1386)                     |pfet_03v3 (1521->1386)                     
pfet_05v0 (1300)                           |pfet_05v0 (1300)                           
nfet_05v0 (1300)                           |nfet_05v0 (1300)                           
ppolyf_u (10->4)                           |ppolyf_u (10->4)                           
cap_mim_2f0_m4m5_noshield (11)             |cap_mim_2f0fF (11)                         
Number of devices: 5387                    |Number of devices: 5387                    
Number of nets: 2733                       |Number of nets: 2733                       
---------------------------------------------------------------------------------------
Netlists match uniquely.

Subcircuit pins:
Circuit 1: top_level_20250919_sc           |Circuit 2: top_level_20250919_sc           
-------------------------------------------|-------------------------------------------
filter_in                                  |filter_in                                  
i_cp_100u                                  |i_cp_100u                                  
VSSd                                       |VSSd                                       
filter_out                                 |filter_out                                 
ext_pfd_up                                 |ext_pfd_up                                 
ext_pfd_down                               |ext_pfd_down                               
ext_pfd_ref                                |ext_pfd_ref                                
ext_pfd_div                                |ext_pfd_div                                
lock                                       |lock                                       
down                                       |down                                       
up                                         |up                                         
div_in                                     |div_in                                     
out                                        |out                                        
div_out                                    |div_out                                    
clk                                        |clk                                        
ref                                        |ref                                        
data                                       |data                                       
div_def                                    |div_def                                    
en                                         |en                                         
ext_vco_in                                 |ext_vco_in                                 
ext_vco_out                                |ext_vco_out                                
VDDd                                       |VDDd                                       
---------------------------------------------------------------------------------------
Cell pin lists are equivalent.
Device classes top_level_20250919_sc and top_level_20250919_sc are equivalent.
Flattening unmatched subcell ppolyf_u_resistor$9 in circuit top_level_20250921 (0)(1 instance)
Flattening unmatched subcell ppolyf_u_resistor in circuit top_level_20250921 (0)(14 instances)

Subcircuit summary:
Circuit 1: top_level_20250921              |Circuit 2: top_level_20250921              
-------------------------------------------|-------------------------------------------
DECAP_LARGE (1)                            |DECAP_LARGE (1)                            
ppolyf_u (15)                              |ppolyf_u (15)                              
io_secondary_3p3 (6)                       |io_secondary_3p3 (6)                       
top_level_20250919_sc (1)                  |top_level_20250919_sc (1)                  
Number of devices: 23                      |Number of devices: 23                      
Number of nets: 42                         |Number of nets: 42                         
---------------------------------------------------------------------------------------
Netlists match uniquely.

Subcircuit pins:
Circuit 1: top_level_20250921              |Circuit 2: top_level_20250921              
-------------------------------------------|-------------------------------------------
en                                         |en                                         
i_cp_100u                                  |i_cp_100u                                  
clk                                        |clk                                        
ref                                        |ref                                        
div_def                                    |div_def                                    
data                                       |data                                       
ext_pfd_down                               |ext_pfd_down                               
div_out                                    |div_out                                    
down                                       |down                                       
lock                                       |lock                                       
filter_in                                  |filter_in                                  
up                                         |up                                         
ext_vco_out                                |ext_vco_out                                
ext_vco_in                                 |ext_vco_in                                 
filter_out                                 |filter_out                                 
out                                        |out                                        
div_in                                     |div_in                                     
ext_pfd_ref                                |ext_pfd_ref                                
ext_pfd_up                                 |ext_pfd_up                                 
ext_pfd_div                                |ext_pfd_div                                
VSSd                                       |VSSd                                       
VDDd                                       |VDDd                                       
---------------------------------------------------------------------------------------
Cell pin lists are equivalent.
Device classes top_level_20250921 and top_level_20250921 are equivalent.

Final result: Circuits match uniquely.
.
