
Circuit 1 cell pfet_03v3 and Circuit 2 cell pfet_03v3 are black boxes.
Warning: Equate pins:  cell pfet_03v3 is a placeholder, treated as a black box.
Warning: Equate pins:  cell pfet_03v3 is a placeholder, treated as a black box.

Subcircuit pins:
Circuit 1: pfet_03v3                       |Circuit 2: pfet_03v3                       
-------------------------------------------|-------------------------------------------
1                                          |1                                          
2                                          |2                                          
3                                          |3                                          
4                                          |4                                          
---------------------------------------------------------------------------------------
Cell pin lists are equivalent.
Device classes pfet_03v3 and pfet_03v3 are equivalent.

Circuit 1 cell nfet_03v3 and Circuit 2 cell nfet_03v3 are black boxes.
Warning: Equate pins:  cell nfet_03v3 is a placeholder, treated as a black box.
Warning: Equate pins:  cell nfet_03v3 is a placeholder, treated as a black box.

Subcircuit pins:
Circuit 1: nfet_03v3                       |Circuit 2: nfet_03v3                       
-------------------------------------------|-------------------------------------------
1                                          |1                                          
2                                          |2                                          
3                                          |3                                          
4                                          |4                                          
---------------------------------------------------------------------------------------
Cell pin lists are equivalent.
Device classes nfet_03v3 and nfet_03v3 are equivalent.
Flattening unmatched subcell pfet$1 in circuit Pcomparator (0)(14 instances)
Flattening unmatched subcell pfet in circuit Pcomparator (0)(2 instances)
Flattening unmatched subcell pfet$2 in circuit Pcomparator (0)(4 instances)
Flattening unmatched subcell nfet$5 in circuit Pcomparator (0)(4 instances)
Flattening unmatched subcell nfet in circuit Pcomparator (0)(2 instances)
Flattening unmatched subcell nfet$2 in circuit Pcomparator (0)(1 instance)

Class Pcomparator (0):  Merged 89 parallel devices.
Subcircuit summary:
Circuit 1: Pcomparator                     |Circuit 2: Pcomparator                     
-------------------------------------------|-------------------------------------------
pfet_03v3 (76->7)                          |pfet_03v3 (20->7)                          
nfet_03v3 (24->4)                          |nfet_03v3 (7->4)                           
Number of devices: 11                      |Number of devices: 11                      
Number of nets: 9                          |Number of nets: 9                          
---------------------------------------------------------------------------------------
Netlists match uniquely.

Subcircuit pins:
Circuit 1: Pcomparator                     |Circuit 2: Pcomparator                     
-------------------------------------------|-------------------------------------------
vss                                        |vss                                        
inn                                        |inn                                        
inp                                        |inp                                        
out                                        |out                                        
iref                                       |iref                                       
vdd                                        |vdd                                        
---------------------------------------------------------------------------------------
Cell pin lists are equivalent.
Device classes Pcomparator and Pcomparator are equivalent.

Final result: Circuits match uniquely.
.
